#
# There is insufficient memory for the Java Runtime Environment to continue.
# Native memory allocation (mmap) failed to map 134217728 bytes for G1 virtual space
# Possible reasons:
#   The system is out of physical RAM or swap space
#   The process is running with CompressedOops enabled, and the Java Heap may be blocking the growth of the native heap
# Possible solutions:
#   Reduce memory load on the system
#   Increase physical memory or swap space
#   Check if swap backing store is full
#   Decrease Java heap size (-Xmx/-Xms)
#   Decrease number of Java threads
#   Decrease Java thread stack sizes (-Xss)
#   Set larger code cache with -XX:ReservedCodeCacheSize=
#   JVM is running with Unscaled Compressed Oops mode in which the Java heap is
#     placed in the first 4GB address space. The Java Heap base address is the
#     maximum limit for the native heap growth. Please use -XX:HeapBaseMinAddress
#     to set the Java Heap base and to place the Java Heap above 4GB virtual address.
# This output file may be truncated or incomplete.
#
#  Out of Memory Error (os_windows.cpp:3600), pid=7000, tid=16128
#
# JRE version:  (21.0.2+13) (build )
# Java VM: Java HotSpot(TM) 64-Bit Server VM (21.0.2+13-LTS-58, mixed mode, sharing, tiered, compressed oops, compressed class ptrs, g1 gc, windows-amd64)
# No core dump will be written. Minidumps are not enabled by default on client versions of Windows
#

---------------  S U M M A R Y ------------

Command Line: -Dclassworlds.conf=E:\Project\apache-maven-3.9.6\bin\m2.conf -Dmaven.home=E:\Project\apache-maven-3.9.6 -Dlibrary.jansi.path=E:\Project\apache-maven-3.9.6\lib\jansi-native -Dmaven.multiModuleProjectDirectory=E:\Waste Collect\wastecollect-parent org.codehaus.plexus.classworlds.launcher.Launcher spring-boot:run -Dspring-boot.run.jvmArguments=-Xmx512m -Xms256m

Host: Intel(R) Core(TM) i7-3687U CPU @ 2.10GHz, 4 cores, 7G,  Windows 10 , 64 bit Build 19041 (10.0.19041.5794)
Time: Wed May 28 03:00:05 2025 GMT Summer Time elapsed time: 0.025323 seconds (0d 0h 0m 0s)

---------------  T H R E A D  ---------------

Current thread (0x000001c1b4e63600):  JavaThread "Unknown thread" [_thread_in_vm, id=16128, stack(0x000000af4bc00000,0x000000af4bd00000) (1024K)]

Stack: [0x000000af4bc00000,0x000000af4bd00000]
Native frames: (J=compiled Java code, j=interpreted, Vv=VM code, C=native code)
V  [jvm.dll+0x6cade9]
V  [jvm.dll+0x8569c1]
V  [jvm.dll+0x858d2e]
V  [jvm.dll+0x859413]
V  [jvm.dll+0x280e56]
V  [jvm.dll+0x6c74d5]
V  [jvm.dll+0x6bbeca]
V  [jvm.dll+0x355bca]
V  [jvm.dll+0x35d816]
V  [jvm.dll+0x3ae67e]
V  [jvm.dll+0x3ae928]
V  [jvm.dll+0x3295dc]
V  [jvm.dll+0x32a16b]
V  [jvm.dll+0x81efa9]
V  [jvm.dll+0x3bba01]
V  [jvm.dll+0x807928]
V  [jvm.dll+0x44f50e]
V  [jvm.dll+0x450e11]
C  [jli.dll+0x52a3]
C  [ucrtbase.dll+0x21bb2]
C  [KERNEL32.DLL+0x17374]
C  [ntdll.dll+0x4cc91]


---------------  P R O C E S S  ---------------

Threads class SMR info:
_java_thread_list=0x00007ffadda8bb88, length=0, elements={
}

Java Threads: ( => current thread )
Total: 0

Other Threads:
  0x000001c1b4eb4b40 WorkerThread "GC Thread#0"                     [id=10132, stack(0x000000af4bd00000,0x000000af4be00000) (1024K)]
  0x000001c1b4ec58a0 ConcurrentGCThread "G1 Main Marker"            [id=9120, stack(0x000000af4be00000,0x000000af4bf00000) (1024K)]
  0x000001c1b4ec6a50 WorkerThread "G1 Conc#0"                       [id=12388, stack(0x000000af4bf00000,0x000000af4c000000) (1024K)]

[error occurred during error reporting (printing all threads), id 0xc0000005, EXCEPTION_ACCESS_VIOLATION (0xc0000005) at pc=0x00007ffadd1fc6a7]
VM state: not at safepoint (not fully initialized)

VM Mutex/Monitor currently owned by a thread:  ([mutex/lock_event])
[0x00007ffaddafce68] Heap_lock - owner thread: 0x000001c1b4e63600

Heap address: 0x0000000081a00000, size: 2022 MB, Compressed Oops mode: 32-bit

CDS archive(s) mapped at: [0x0000000000000000-0x0000000000000000-0x0000000000000000), size 0, SharedBaseAddress: 0x0000000800000000, ArchiveRelocationMode: 1.
Narrow klass base: 0x0000000000000000, Narrow klass shift: 0, Narrow klass range: 0x0

GC Precious Log:
 CardTable entry size: 512
 Card Set container configuration: InlinePtr #cards 5 size 8 Array Of Cards #cards 12 size 40 Howl #buckets 4 coarsen threshold 1843 Howl Bitmap #cards 512 size 80 coarsen threshold 460 Card regions per heap region 1 cards per card region 2048

Heap:
 garbage-first heap   total 0K, used 0K [0x0000000081a00000, 0x0000000100000000)
  region size 1024K, 0 young (0K), 0 survivors (0K)

[error occurred during error reporting (printing heap information), id 0xc0000005, EXCEPTION_ACCESS_VIOLATION (0xc0000005) at pc=0x00007ffadd5e39f9]
GC Heap History (0 events):
No events

Dll operation events (1 events):
Event: 0.011 Loaded shared library E:\Project\OpenJDK21\jdk-21.0.2\bin\java.dll

Deoptimization events (0 events):
No events

Classes loaded (0 events):
No events

Classes unloaded (0 events):
No events

Classes redefined (0 events):
No events

Internal exceptions (0 events):
No events

ZGC Phase Switch (0 events):
No events

VM Operations (0 events):
No events

Events (0 events):
No events


Dynamic libraries:
0x00007ff7a6800000 - 0x00007ff7a6810000 	E:\Project\OpenJDK21\jdk-21.0.2\bin\java.exe
0x00007ffb30ad0000 - 0x00007ffb30cc8000 	C:\Windows\SYSTEM32\ntdll.dll
0x00007ffb30710000 - 0x00007ffb307d2000 	C:\Windows\System32\KERNEL32.DLL
0x00007ffb2e310000 - 0x00007ffb2e606000 	C:\Windows\System32\KERNELBASE.dll
0x00007ffb2e170000 - 0x00007ffb2e270000 	C:\Windows\System32\ucrtbase.dll
0x00007ffb257f0000 - 0x00007ffb25809000 	E:\Project\OpenJDK21\jdk-21.0.2\bin\jli.dll
0x00007ffb22290000 - 0x00007ffb222ab000 	E:\Project\OpenJDK21\jdk-21.0.2\bin\VCRUNTIME140.dll
0x00007ffb2ecb0000 - 0x00007ffb2ed5f000 	C:\Windows\System32\ADVAPI32.dll
0x00007ffb30920000 - 0x00007ffb309be000 	C:\Windows\System32\msvcrt.dll
0x00007ffb2eb30000 - 0x00007ffb2ebcf000 	C:\Windows\System32\sechost.dll
0x00007ffb2f420000 - 0x00007ffb2f543000 	C:\Windows\System32\RPCRT4.dll
0x00007ffb2e9b0000 - 0x00007ffb2e9d7000 	C:\Windows\System32\bcrypt.dll
0x00007ffb30150000 - 0x00007ffb302ed000 	C:\Windows\System32\USER32.dll
0x00007ffb2e980000 - 0x00007ffb2e9a2000 	C:\Windows\System32\win32u.dll
0x00007ffb2ed60000 - 0x00007ffb2ed8b000 	C:\Windows\System32\GDI32.dll
0x00007ffb2e9e0000 - 0x00007ffb2eafa000 	C:\Windows\System32\gdi32full.dll
0x00007ffb2e270000 - 0x00007ffb2e30d000 	C:\Windows\System32\msvcp_win.dll
0x00007ffb1e090000 - 0x00007ffb1e32a000 	C:\Windows\WinSxS\amd64_microsoft.windows.common-controls_6595b64144ccf1df_6.0.19041.5794_none_60bcd33171f2783c\COMCTL32.dll
0x00007ffb1e3c0000 - 0x00007ffb1e3ca000 	C:\Windows\SYSTEM32\VERSION.dll
0x00007ffb2eb00000 - 0x00007ffb2eb2f000 	C:\Windows\System32\IMM32.DLL
0x00007ffb205e0000 - 0x00007ffb205ec000 	E:\Project\OpenJDK21\jdk-21.0.2\bin\vcruntime140_1.dll
0x00007ffb10e20000 - 0x00007ffb10eae000 	E:\Project\OpenJDK21\jdk-21.0.2\bin\msvcp140.dll
0x00007ffadcec0000 - 0x00007ffaddbd7000 	E:\Project\OpenJDK21\jdk-21.0.2\bin\server\jvm.dll
0x00007ffb309c0000 - 0x00007ffb30a2b000 	C:\Windows\System32\WS2_32.dll
0x00007ffb2d6c0000 - 0x00007ffb2d70b000 	C:\Windows\SYSTEM32\POWRPROF.dll
0x00007ffb216a0000 - 0x00007ffb216c7000 	C:\Windows\SYSTEM32\WINMM.dll
0x00007ffb2d530000 - 0x00007ffb2d542000 	C:\Windows\SYSTEM32\UMPDC.dll
0x00007ffb2bfb0000 - 0x00007ffb2bfc2000 	C:\Windows\SYSTEM32\kernel.appcore.dll
0x00007ffb205d0000 - 0x00007ffb205da000 	E:\Project\OpenJDK21\jdk-21.0.2\bin\jimage.dll
0x00007ffb1e3d0000 - 0x00007ffb1e5b4000 	C:\Windows\SYSTEM32\DBGHELP.DLL
0x00007ffb1cc40000 - 0x00007ffb1cc74000 	C:\Windows\SYSTEM32\dbgcore.DLL
0x00007ffb2e6c0000 - 0x00007ffb2e742000 	C:\Windows\System32\bcryptPrimitives.dll
0x00007ffb1e710000 - 0x00007ffb1e72f000 	E:\Project\OpenJDK21\jdk-21.0.2\bin\java.dll

dbghelp: loaded successfully - version: 4.0.5 - missing functions: none
symbol engine: initialized successfully - sym options: 0x614 - pdb path: .;E:\Project\OpenJDK21\jdk-21.0.2\bin;C:\Windows\SYSTEM32;C:\Windows\WinSxS\amd64_microsoft.windows.common-controls_6595b64144ccf1df_6.0.19041.5794_none_60bcd33171f2783c;E:\Project\OpenJDK21\jdk-21.0.2\bin\server

VM Arguments:
jvm_args: -Dclassworlds.conf=E:\Project\apache-maven-3.9.6\bin\m2.conf -Dmaven.home=E:\Project\apache-maven-3.9.6 -Dlibrary.jansi.path=E:\Project\apache-maven-3.9.6\lib\jansi-native -Dmaven.multiModuleProjectDirectory=E:\Waste Collect\wastecollect-parent 
java_command: org.codehaus.plexus.classworlds.launcher.Launcher spring-boot:run -Dspring-boot.run.jvmArguments=-Xmx512m -Xms256m
java_class_path (initial): E:\Project\apache-maven-3.9.6\boot\plexus-classworlds-2.7.0.jar
Launcher Type: SUN_STANDARD

[Global flags]
     intx CICompilerCount                          = 3                                         {product} {ergonomic}
     uint ConcGCThreads                            = 1                                         {product} {ergonomic}
     uint G1ConcRefinementThreads                  = 4                                         {product} {ergonomic}
   size_t G1HeapRegionSize                         = 1048576                                   {product} {ergonomic}
    uintx GCDrainStackTargetSize                   = 64                                        {product} {ergonomic}
   size_t InitialHeapSize                          = 134217728                                 {product} {ergonomic}
   size_t MarkStackSize                            = 4194304                                   {product} {ergonomic}
   size_t MaxHeapSize                              = 2120220672                                {product} {ergonomic}
   size_t MinHeapDeltaBytes                        = 1048576                                   {product} {ergonomic}
   size_t MinHeapSize                              = 8388608                                   {product} {ergonomic}
    uintx NonNMethodCodeHeapSize                   = 5832780                                {pd product} {ergonomic}
    uintx NonProfiledCodeHeapSize                  = 122912730                              {pd product} {ergonomic}
    uintx ProfiledCodeHeapSize                     = 122912730                              {pd product} {ergonomic}
    uintx ReservedCodeCacheSize                    = 251658240                              {pd product} {ergonomic}
     bool SegmentedCodeCache                       = true                                      {product} {ergonomic}
   size_t SoftMaxHeapSize                          = 2120220672                             {manageable} {ergonomic}
     bool UseCompressedOops                        = true                           {product lp64_product} {ergonomic}
     bool UseG1GC                                  = true                                      {product} {ergonomic}
     bool UseLargePagesIndividualAllocation        = false                                  {pd product} {ergonomic}

Logging:
Log output configuration:
 #0: stdout all=warning uptime,level,tags foldmultilines=false
 #1: stderr all=off uptime,level,tags foldmultilines=false

Environment Variables:
JAVA_HOME=E:\Project\OpenJDK21\jdk-21.0.2
PATH=C:\Users\user\AppData\Local\Yarn\config\global\node_modules\.bin;C:\Users\user\AppData\Roaming\npm;C:\Users\user\AppData\Roaming\Composer\vendor\bin;;C:\laragon\bin\laragon\utils;C:\laragon\bin\mysql\mysql-5.7.33-winx64\bin;C:\laragon\bin\php\php-7.4.19-Win32-vc15-x64;C:\laragon\bin\composer;C:\laragon\bin\apache\httpd-2.4.47-win64-VS16\bin;C:\laragon\bin\redis\redis-x64-3.2.100;C:\laragon\bin\nodejs\node-v14;C:\laragon\bin\nginx\nginx-1.19.10;C:\laragon\bin\notepad++;C:\laragon\bin\telnet;C:\laragon\bin\ngrok;C:\laragon\bin\git\bin;C:\laragon\bin\git\cmd;C:\laragon\bin\git\usr\bin;C:\laragon\bin\git\mingw64\bin;C:\laragon\bin;C:\laragon\usr\bin;C:\laragon\bin\cmder\bin;E:\Project\OpenJDK21\jdk-21.0.2\bin;C:\Program Files\Common Files\Oracle\Java\javapath;C:\Windows\system32;C:\Windows;C:\Windows\System32\Wbem;C:\Windows\System32\WindowsPowerShell\v1.0\;C:\Windows\System32\OpenSSH\;C:\laragon\bin\php\php-7.4.19-Win32-vc15-x64;C:\laragon\bin\mysql\mysql-5.7.33-winx64\bin;C:\laragon\bin\composer;C:\laragon\bin\apache\httpd-2.4.47-win64-VS16\bin;C:\laragon\bin\git\bin;C:\laragon\bin\git\cmd;C:\Program Files\Symfony;C:\Program Files\Java\jdk-17\bin;C:\Program Files\Git\cmd;E:\Project\apache-maven-3.9.6\bin;;C:\Program Files\Docker\Docker\resources\bin;C:\Program Files\nodejs\;C:\Program Files\Kubernetes\Minikube;C:\Program Files\MySQL\MySQL Shell 8.0\bin\;C:\Users\user\anaconda3;C:\Users\user\anaconda3\Library\mingw-w64\bin;C:\Users\user\anaconda3\Library\usr\bin;C:\Users\user\anaconda3\Library\bin;C:\Users\user\anaconda3\Scripts;C:\Users\user\AppData\Local\Programs\Python\Python39\Scripts\;C:\Users\user\AppData\Local\Programs\Python\Python39\;C:\Users\user\AppData\Local\Microsoft\WindowsApps;C:\Users\user\AppData\Local\Programs\Microsoft VS Code\bin;C:\Program Files (x86)\Brackets\;C:\Users\user\AppData\Roaming\npm;C:\Users\user\AppData\Local\Microsoft\WinGet\Packages\Schniz.fnm_Microsoft.Winget.Source_8wekyb3d8bbwe;;C:\laragon\bin\git\usr\bin;C:\laragon\bin\git\usr\share\vim\vim74;C:\laragon\bin\cmder\;
USERNAME=user
TERM=cygwin
OS=Windows_NT
PROCESSOR_IDENTIFIER=Intel64 Family 6 Model 58 Stepping 9, GenuineIntel
TMP=C:\Users\user\AppData\Local\Temp
TEMP=C:\Users\user\AppData\Local\Temp




Periodic native trim disabled

---------------  S Y S T E M  ---------------

OS:
 Windows 10 , 64 bit Build 19041 (10.0.19041.5794)
OS uptime: 1 days 12:22 hours
Hyper-V role detected

CPU: total 4 (initial active 4) (2 cores per cpu, 2 threads per core) family 6 model 58 stepping 9 microcode 0x21, cx8, cmov, fxsr, ht, mmx, sse, sse2, sse3, ssse3, sse4.1, sse4.2, popcnt, tsc, tscinvbit, avx, aes, erms, clmul, vzeroupper, clflush, hv, rdtscp, f16c
Processor Information for all 4 processors :
  Max Mhz: 2101, Current Mhz: 2101, Mhz Limit: 2101

Memory: 4k page, system-wide physical 8081M (637M free)
TotalPageFile size 32657M (AvailPageFile size 64M)
current process WorkingSet (physical memory assigned to process): 11M, peak: 11M
current process commit charge ("private bytes"): 51M, peak: 179M

vm_info: Java HotSpot(TM) 64-Bit Server VM (21.0.2+13-LTS-58) for windows-amd64 JRE (21.0.2+13-LTS-58), built on 2024-01-05T18:32:24Z by "mach5one" with MS VC++ 17.1 (VS2022)

END.
