#
# There is insufficient memory for the Java Runtime Environment to continue.
# Native memory allocation (malloc) failed to allocate 963296 bytes for Chunk::new
# Possible reasons:
#   The system is out of physical RAM or swap space
#   The process is running with CompressedOops enabled, and the Java Heap may be blocking the growth of the native heap
# Possible solutions:
#   Reduce memory load on the system
#   Increase physical memory or swap space
#   Check if swap backing store is full
#   Decrease Java heap size (-Xmx/-Xms)
#   Decrease number of Java threads
#   Decrease Java thread stack sizes (-Xss)
#   Set larger code cache with -XX:ReservedCodeCacheSize=
#   JVM is running with Unscaled Compressed Oops mode in which the Java heap is
#     placed in the first 4GB address space. The Java Heap base address is the
#     maximum limit for the native heap growth. Please use -XX:HeapBaseMinAddress
#     to set the Java Heap base and to place the Java Heap above 4GB virtual address.
# This output file may be truncated or incomplete.
#
#  Out of Memory Error (arena.cpp:168), pid=9116, tid=6904
#
# JRE version: Java(TM) SE Runtime Environment (21.0.2+13) (build 21.0.2+13-LTS-58)
# Java VM: Java HotSpot(TM) 64-Bit Server VM (21.0.2+13-LTS-58, mixed mode, sharing, tiered, compressed oops, compressed class ptrs, g1 gc, windows-amd64)
# No core dump will be written. Minidumps are not enabled by default on client versions of Windows
#

---------------  S U M M A R Y ------------

Command Line: -Dclassworlds.conf=E:\Project\apache-maven-3.9.6\bin\m2.conf -Dmaven.home=E:\Project\apache-maven-3.9.6 -Dlibrary.jansi.path=E:\Project\apache-maven-3.9.6\lib\jansi-native -Dmaven.multiModuleProjectDirectory=E:\Waste Collect\wastecollect-parent org.codehaus.plexus.classworlds.launcher.Launcher clean install -U

Host: Intel(R) Core(TM) i7-3687U CPU @ 2.10GHz, 4 cores, 7G,  Windows 10 , 64 bit Build 19041 (10.0.19041.5794)
Time: Wed May 28 02:50:06 2025 GMT Summer Time elapsed time: 5.042652 seconds (0d 0h 0m 5s)

---------------  T H R E A D  ---------------

Current thread (0x000001e470ad1350):  JavaThread "C2 CompilerThread1" daemon [_thread_in_native, id=6904, stack(0x00000077f9d00000,0x00000077f9e00000) (1024K)]


Current CompileTask:
C2:   5042 3552   !   4       org.codehaus.plexus.interpolation.StringSearchInterpolator::interpolate (668 bytes)

Stack: [0x00000077f9d00000,0x00000077f9e00000]
Native frames: (J=compiled Java code, j=interpreted, Vv=VM code, C=native code)
V  [jvm.dll+0x6cade9]
V  [jvm.dll+0x8569c1]
V  [jvm.dll+0x858d2e]
V  [jvm.dll+0x859413]
V  [jvm.dll+0x280e56]
V  [jvm.dll+0xc3f3d]
V  [jvm.dll+0xc4473]
V  [jvm.dll+0x2f437f]
V  [jvm.dll+0x5f5056]
V  [jvm.dll+0x252d7f]
V  [jvm.dll+0x25315f]
V  [jvm.dll+0x24b8e0]
V  [jvm.dll+0x2490a3]
V  [jvm.dll+0x1c9634]
V  [jvm.dll+0x258859]
V  [jvm.dll+0x256e3a]
V  [jvm.dll+0x3ef6c6]
V  [jvm.dll+0x7ff568]
V  [jvm.dll+0x6c953d]
C  [ucrtbase.dll+0x21bb2]
C  [KERNEL32.DLL+0x17374]
C  [ntdll.dll+0x4cc91]


---------------  P R O C E S S  ---------------

Threads class SMR info:
_java_thread_list=0x000001e470ae4140, length=12, elements={
0x000001e40c5cd590, 0x000001e42a6b1050, 0x000001e42a6b1f70, 0x000001e42a6bc790,
0x000001e42a6bda10, 0x000001e42a6bed00, 0x000001e42a6c7770, 0x000001e42a6cba00,
0x000001e42a6db4d0, 0x000001e42a919850, 0x000001e42a91a570, 0x000001e470ad1350
}

Java Threads: ( => current thread )
  0x000001e40c5cd590 JavaThread "main"                              [_thread_in_vm, id=3060, stack(0x00000077f8b00000,0x00000077f8c00000) (1024K)]
  0x000001e42a6b1050 JavaThread "Reference Handler"          daemon [_thread_blocked, id=8180, stack(0x00000077f9300000,0x00000077f9400000) (1024K)]
  0x000001e42a6b1f70 JavaThread "Finalizer"                  daemon [_thread_blocked, id=6624, stack(0x00000077f9400000,0x00000077f9500000) (1024K)]
  0x000001e42a6bc790 JavaThread "Signal Dispatcher"          daemon [_thread_blocked, id=7484, stack(0x00000077f9500000,0x00000077f9600000) (1024K)]
  0x000001e42a6bda10 JavaThread "Attach Listener"            daemon [_thread_blocked, id=11724, stack(0x00000077f9600000,0x00000077f9700000) (1024K)]
  0x000001e42a6bed00 JavaThread "Service Thread"             daemon [_thread_blocked, id=5416, stack(0x00000077f9700000,0x00000077f9800000) (1024K)]
  0x000001e42a6c7770 JavaThread "Monitor Deflation Thread"   daemon [_thread_blocked, id=6936, stack(0x00000077f9800000,0x00000077f9900000) (1024K)]
  0x000001e42a6cba00 JavaThread "C2 CompilerThread0"         daemon [_thread_blocked, id=13956, stack(0x00000077f9900000,0x00000077f9a00000) (1024K)]
  0x000001e42a6db4d0 JavaThread "C1 CompilerThread0"         daemon [_thread_blocked, id=10284, stack(0x00000077f9a00000,0x00000077f9b00000) (1024K)]
  0x000001e42a919850 JavaThread "Notification Thread"        daemon [_thread_blocked, id=1980, stack(0x00000077f9b00000,0x00000077f9c00000) (1024K)]
  0x000001e42a91a570 JavaThread "Common-Cleaner"             daemon [_thread_blocked, id=1620, stack(0x00000077f9c00000,0x00000077f9d00000) (1024K)]
=>0x000001e470ad1350 JavaThread "C2 CompilerThread1"         daemon [_thread_in_native, id=6904, stack(0x00000077f9d00000,0x00000077f9e00000) (1024K)]
Total: 12

Other Threads:
  0x000001e42a68fff0 VMThread "VM Thread"                           [id=7184, stack(0x00000077f9200000,0x00000077f9300000) (1024K)]
  0x000001e42a675ca0 WatcherThread "VM Periodic Task Thread"        [id=16860, stack(0x00000077f9100000,0x00000077f9200000) (1024K)]
  0x000001e40c723570 WorkerThread "GC Thread#0"                     [id=9968, stack(0x00000077f8c00000,0x00000077f8d00000) (1024K)]
  0x000001e47073da90 WorkerThread "GC Thread#1"                     [id=4536, stack(0x00000077f9e00000,0x00000077f9f00000) (1024K)]
  0x000001e47073de30 WorkerThread "GC Thread#2"                     [id=14068, stack(0x00000077f9f00000,0x00000077fa000000) (1024K)]
  0x000001e470750d90 WorkerThread "GC Thread#3"                     [id=16700, stack(0x00000077fa000000,0x00000077fa100000) (1024K)]
  0x000001e40c734120 ConcurrentGCThread "G1 Main Marker"            [id=16016, stack(0x00000077f8d00000,0x00000077f8e00000) (1024K)]
  0x000001e40c734b30 WorkerThread "G1 Conc#0"                       [id=13472, stack(0x00000077f8e00000,0x00000077f8f00000) (1024K)]
  0x000001e40c79e600 ConcurrentGCThread "G1 Refine#0"               [id=12740, stack(0x00000077f8f00000,0x00000077f9000000) (1024K)]
  0x000001e42a538230 ConcurrentGCThread "G1 Service"                [id=16208, stack(0x00000077f9000000,0x00000077f9100000) (1024K)]
Total: 10

Threads with active compile tasks:
C2 CompilerThread1     5102 3552   !   4       org.codehaus.plexus.interpolation.StringSearchInterpolator::interpolate (668 bytes)
Total: 1

VM state: not at safepoint (normal execution)

VM Mutex/Monitor currently owned by a thread: None

Heap address: 0x0000000081a00000, size: 2022 MB, Compressed Oops mode: 32-bit

CDS archive(s) mapped at: [0x000001e42b000000-0x000001e42bc90000-0x000001e42bc90000), size 13172736, SharedBaseAddress: 0x000001e42b000000, ArchiveRelocationMode: 1.
Compressed class space mapped at: 0x000001e42c000000-0x000001e46c000000, reserved size: 1073741824
Narrow klass base: 0x000001e42b000000, Narrow klass shift: 0, Narrow klass range: 0x100000000

GC Precious Log:
 CardTable entry size: 512
 Card Set container configuration: InlinePtr #cards 5 size 8 Array Of Cards #cards 12 size 40 Howl #buckets 4 coarsen threshold 1843 Howl Bitmap #cards 512 size 80 coarsen threshold 460 Card regions per heap region 1 cards per card region 2048
 CPUs: 4 total, 4 available
 Memory: 8081M
 Large Page Support: Disabled
 NUMA Support: Disabled
 Compressed Oops: Enabled (32-bit)
 Heap Region Size: 1M
 Heap Min Capacity: 8M
 Heap Initial Capacity: 128M
 Heap Max Capacity: 2022M
 Pre-touch: Disabled
 Parallel Workers: 4
 Concurrent Workers: 1
 Concurrent Refinement Workers: 4
 Periodic GC: Disabled

Heap:
 garbage-first heap   total 131072K, used 20904K [0x0000000081a00000, 0x0000000100000000)
  region size 1024K, 18 young (18432K), 9 survivors (9216K)
 Metaspace       used 15793K, committed 16064K, reserved 1114112K
  class space    used 1819K, committed 1920K, reserved 1048576K

Heap Regions: E=young(eden), S=young(survivor), O=old, HS=humongous(starts), HC=humongous(continues), CS=collection set, F=free, TAMS=top-at-mark-start, PB=parsable bottom
|   0|0x0000000081a00000, 0x0000000081b00000, 0x0000000081b00000|100%| O|  |TAMS 0x0000000081a00000| PB 0x0000000081a00000| Untracked 
|   1|0x0000000081b00000, 0x0000000081c00000, 0x0000000081c00000|100%| O|  |TAMS 0x0000000081b00000| PB 0x0000000081b00000| Untracked 
|   2|0x0000000081c00000, 0x0000000081d00000, 0x0000000081d00000|100%| O|  |TAMS 0x0000000081c00000| PB 0x0000000081c00000| Untracked 
|   3|0x0000000081d00000, 0x0000000081d85d58, 0x0000000081e00000| 52%| O|  |TAMS 0x0000000081d00000| PB 0x0000000081d00000| Untracked 
|   4|0x0000000081e00000, 0x0000000081e00000, 0x0000000081f00000|  0%| F|  |TAMS 0x0000000081e00000| PB 0x0000000081e00000| Untracked 
|   5|0x0000000081f00000, 0x0000000081f00000, 0x0000000082000000|  0%| F|  |TAMS 0x0000000081f00000| PB 0x0000000081f00000| Untracked 
|   6|0x0000000082000000, 0x0000000082000000, 0x0000000082100000|  0%| F|  |TAMS 0x0000000082000000| PB 0x0000000082000000| Untracked 
|   7|0x0000000082100000, 0x0000000082100000, 0x0000000082200000|  0%| F|  |TAMS 0x0000000082100000| PB 0x0000000082100000| Untracked 
|   8|0x0000000082200000, 0x0000000082200000, 0x0000000082300000|  0%| F|  |TAMS 0x0000000082200000| PB 0x0000000082200000| Untracked 
|   9|0x0000000082300000, 0x0000000082300000, 0x0000000082400000|  0%| F|  |TAMS 0x0000000082300000| PB 0x0000000082300000| Untracked 
|  10|0x0000000082400000, 0x0000000082400000, 0x0000000082500000|  0%| F|  |TAMS 0x0000000082400000| PB 0x0000000082400000| Untracked 
|  11|0x0000000082500000, 0x0000000082500000, 0x0000000082600000|  0%| F|  |TAMS 0x0000000082500000| PB 0x0000000082500000| Untracked 
|  12|0x0000000082600000, 0x0000000082600000, 0x0000000082700000|  0%| F|  |TAMS 0x0000000082600000| PB 0x0000000082600000| Untracked 
|  13|0x0000000082700000, 0x0000000082700000, 0x0000000082800000|  0%| F|  |TAMS 0x0000000082700000| PB 0x0000000082700000| Untracked 
|  14|0x0000000082800000, 0x0000000082800000, 0x0000000082900000|  0%| F|  |TAMS 0x0000000082800000| PB 0x0000000082800000| Untracked 
|  15|0x0000000082900000, 0x0000000082900000, 0x0000000082a00000|  0%| F|  |TAMS 0x0000000082900000| PB 0x0000000082900000| Untracked 
|  16|0x0000000082a00000, 0x0000000082a00000, 0x0000000082b00000|  0%| F|  |TAMS 0x0000000082a00000| PB 0x0000000082a00000| Untracked 
|  17|0x0000000082b00000, 0x0000000082b00000, 0x0000000082c00000|  0%| F|  |TAMS 0x0000000082b00000| PB 0x0000000082b00000| Untracked 
|  18|0x0000000082c00000, 0x0000000082c00000, 0x0000000082d00000|  0%| F|  |TAMS 0x0000000082c00000| PB 0x0000000082c00000| Untracked 
|  19|0x0000000082d00000, 0x0000000082d00000, 0x0000000082e00000|  0%| F|  |TAMS 0x0000000082d00000| PB 0x0000000082d00000| Untracked 
|  20|0x0000000082e00000, 0x0000000082e00000, 0x0000000082f00000|  0%| F|  |TAMS 0x0000000082e00000| PB 0x0000000082e00000| Untracked 
|  21|0x0000000082f00000, 0x0000000082f00000, 0x0000000083000000|  0%| F|  |TAMS 0x0000000082f00000| PB 0x0000000082f00000| Untracked 
|  22|0x0000000083000000, 0x0000000083000000, 0x0000000083100000|  0%| F|  |TAMS 0x0000000083000000| PB 0x0000000083000000| Untracked 
|  23|0x0000000083100000, 0x0000000083100000, 0x0000000083200000|  0%| F|  |TAMS 0x0000000083100000| PB 0x0000000083100000| Untracked 
|  24|0x0000000083200000, 0x0000000083200000, 0x0000000083300000|  0%| F|  |TAMS 0x0000000083200000| PB 0x0000000083200000| Untracked 
|  25|0x0000000083300000, 0x0000000083300000, 0x0000000083400000|  0%| F|  |TAMS 0x0000000083300000| PB 0x0000000083300000| Untracked 
|  26|0x0000000083400000, 0x0000000083400000, 0x0000000083500000|  0%| F|  |TAMS 0x0000000083400000| PB 0x0000000083400000| Untracked 
|  27|0x0000000083500000, 0x0000000083500000, 0x0000000083600000|  0%| F|  |TAMS 0x0000000083500000| PB 0x0000000083500000| Untracked 
|  28|0x0000000083600000, 0x0000000083600000, 0x0000000083700000|  0%| F|  |TAMS 0x0000000083600000| PB 0x0000000083600000| Untracked 
|  29|0x0000000083700000, 0x0000000083700000, 0x0000000083800000|  0%| F|  |TAMS 0x0000000083700000| PB 0x0000000083700000| Untracked 
|  30|0x0000000083800000, 0x0000000083800000, 0x0000000083900000|  0%| F|  |TAMS 0x0000000083800000| PB 0x0000000083800000| Untracked 
|  31|0x0000000083900000, 0x0000000083900000, 0x0000000083a00000|  0%| F|  |TAMS 0x0000000083900000| PB 0x0000000083900000| Untracked 
|  32|0x0000000083a00000, 0x0000000083a00000, 0x0000000083b00000|  0%| F|  |TAMS 0x0000000083a00000| PB 0x0000000083a00000| Untracked 
|  33|0x0000000083b00000, 0x0000000083b00000, 0x0000000083c00000|  0%| F|  |TAMS 0x0000000083b00000| PB 0x0000000083b00000| Untracked 
|  34|0x0000000083c00000, 0x0000000083c00000, 0x0000000083d00000|  0%| F|  |TAMS 0x0000000083c00000| PB 0x0000000083c00000| Untracked 
|  35|0x0000000083d00000, 0x0000000083d00000, 0x0000000083e00000|  0%| F|  |TAMS 0x0000000083d00000| PB 0x0000000083d00000| Untracked 
|  36|0x0000000083e00000, 0x0000000083e00000, 0x0000000083f00000|  0%| F|  |TAMS 0x0000000083e00000| PB 0x0000000083e00000| Untracked 
|  37|0x0000000083f00000, 0x0000000083f00000, 0x0000000084000000|  0%| F|  |TAMS 0x0000000083f00000| PB 0x0000000083f00000| Untracked 
|  38|0x0000000084000000, 0x0000000084000000, 0x0000000084100000|  0%| F|  |TAMS 0x0000000084000000| PB 0x0000000084000000| Untracked 
|  39|0x0000000084100000, 0x0000000084100000, 0x0000000084200000|  0%| F|  |TAMS 0x0000000084100000| PB 0x0000000084100000| Untracked 
|  40|0x0000000084200000, 0x0000000084200000, 0x0000000084300000|  0%| F|  |TAMS 0x0000000084200000| PB 0x0000000084200000| Untracked 
|  41|0x0000000084300000, 0x0000000084300000, 0x0000000084400000|  0%| F|  |TAMS 0x0000000084300000| PB 0x0000000084300000| Untracked 
|  42|0x0000000084400000, 0x0000000084400000, 0x0000000084500000|  0%| F|  |TAMS 0x0000000084400000| PB 0x0000000084400000| Untracked 
|  43|0x0000000084500000, 0x00000000845e4380, 0x0000000084600000| 89%| S|CS|TAMS 0x0000000084500000| PB 0x0000000084500000| Complete 
|  44|0x0000000084600000, 0x0000000084700000, 0x0000000084700000|100%| S|CS|TAMS 0x0000000084600000| PB 0x0000000084600000| Complete 
|  45|0x0000000084700000, 0x0000000084800000, 0x0000000084800000|100%| S|CS|TAMS 0x0000000084700000| PB 0x0000000084700000| Complete 
|  46|0x0000000084800000, 0x0000000084900000, 0x0000000084900000|100%| S|CS|TAMS 0x0000000084800000| PB 0x0000000084800000| Complete 
|  47|0x0000000084900000, 0x0000000084a00000, 0x0000000084a00000|100%| S|CS|TAMS 0x0000000084900000| PB 0x0000000084900000| Complete 
|  48|0x0000000084a00000, 0x0000000084b00000, 0x0000000084b00000|100%| S|CS|TAMS 0x0000000084a00000| PB 0x0000000084a00000| Complete 
|  49|0x0000000084b00000, 0x0000000084c00000, 0x0000000084c00000|100%| S|CS|TAMS 0x0000000084b00000| PB 0x0000000084b00000| Complete 
|  50|0x0000000084c00000, 0x0000000084d00000, 0x0000000084d00000|100%| S|CS|TAMS 0x0000000084c00000| PB 0x0000000084c00000| Complete 
|  51|0x0000000084d00000, 0x0000000084e00000, 0x0000000084e00000|100%| S|CS|TAMS 0x0000000084d00000| PB 0x0000000084d00000| Complete 
|  52|0x0000000084e00000, 0x0000000084e00000, 0x0000000084f00000|  0%| F|  |TAMS 0x0000000084e00000| PB 0x0000000084e00000| Untracked 
|  53|0x0000000084f00000, 0x0000000084f00000, 0x0000000085000000|  0%| F|  |TAMS 0x0000000084f00000| PB 0x0000000084f00000| Untracked 
|  54|0x0000000085000000, 0x0000000085000000, 0x0000000085100000|  0%| F|  |TAMS 0x0000000085000000| PB 0x0000000085000000| Untracked 
|  55|0x0000000085100000, 0x0000000085100000, 0x0000000085200000|  0%| F|  |TAMS 0x0000000085100000| PB 0x0000000085100000| Untracked 
|  56|0x0000000085200000, 0x0000000085200000, 0x0000000085300000|  0%| F|  |TAMS 0x0000000085200000| PB 0x0000000085200000| Untracked 
|  57|0x0000000085300000, 0x0000000085300000, 0x0000000085400000|  0%| F|  |TAMS 0x0000000085300000| PB 0x0000000085300000| Untracked 
|  58|0x0000000085400000, 0x0000000085400000, 0x0000000085500000|  0%| F|  |TAMS 0x0000000085400000| PB 0x0000000085400000| Untracked 
|  59|0x0000000085500000, 0x0000000085500000, 0x0000000085600000|  0%| F|  |TAMS 0x0000000085500000| PB 0x0000000085500000| Untracked 
|  60|0x0000000085600000, 0x0000000085600000, 0x0000000085700000|  0%| F|  |TAMS 0x0000000085600000| PB 0x0000000085600000| Untracked 
|  61|0x0000000085700000, 0x0000000085700000, 0x0000000085800000|  0%| F|  |TAMS 0x0000000085700000| PB 0x0000000085700000| Untracked 
|  62|0x0000000085800000, 0x0000000085800000, 0x0000000085900000|  0%| F|  |TAMS 0x0000000085800000| PB 0x0000000085800000| Untracked 
|  63|0x0000000085900000, 0x0000000085900000, 0x0000000085a00000|  0%| F|  |TAMS 0x0000000085900000| PB 0x0000000085900000| Untracked 
|  64|0x0000000085a00000, 0x0000000085a00000, 0x0000000085b00000|  0%| F|  |TAMS 0x0000000085a00000| PB 0x0000000085a00000| Untracked 
|  65|0x0000000085b00000, 0x0000000085b00000, 0x0000000085c00000|  0%| F|  |TAMS 0x0000000085b00000| PB 0x0000000085b00000| Untracked 
|  66|0x0000000085c00000, 0x0000000085c00000, 0x0000000085d00000|  0%| F|  |TAMS 0x0000000085c00000| PB 0x0000000085c00000| Untracked 
|  67|0x0000000085d00000, 0x0000000085d00000, 0x0000000085e00000|  0%| F|  |TAMS 0x0000000085d00000| PB 0x0000000085d00000| Untracked 
|  68|0x0000000085e00000, 0x0000000085e00000, 0x0000000085f00000|  0%| F|  |TAMS 0x0000000085e00000| PB 0x0000000085e00000| Untracked 
|  69|0x0000000085f00000, 0x0000000085f00000, 0x0000000086000000|  0%| F|  |TAMS 0x0000000085f00000| PB 0x0000000085f00000| Untracked 
|  70|0x0000000086000000, 0x0000000086000000, 0x0000000086100000|  0%| F|  |TAMS 0x0000000086000000| PB 0x0000000086000000| Untracked 
|  71|0x0000000086100000, 0x0000000086100000, 0x0000000086200000|  0%| F|  |TAMS 0x0000000086100000| PB 0x0000000086100000| Untracked 
|  72|0x0000000086200000, 0x0000000086200000, 0x0000000086300000|  0%| F|  |TAMS 0x0000000086200000| PB 0x0000000086200000| Untracked 
|  73|0x0000000086300000, 0x0000000086300000, 0x0000000086400000|  0%| F|  |TAMS 0x0000000086300000| PB 0x0000000086300000| Untracked 
|  74|0x0000000086400000, 0x0000000086400000, 0x0000000086500000|  0%| F|  |TAMS 0x0000000086400000| PB 0x0000000086400000| Untracked 
|  75|0x0000000086500000, 0x0000000086500000, 0x0000000086600000|  0%| F|  |TAMS 0x0000000086500000| PB 0x0000000086500000| Untracked 
|  76|0x0000000086600000, 0x0000000086600000, 0x0000000086700000|  0%| F|  |TAMS 0x0000000086600000| PB 0x0000000086600000| Untracked 
|  77|0x0000000086700000, 0x0000000086700000, 0x0000000086800000|  0%| F|  |TAMS 0x0000000086700000| PB 0x0000000086700000| Untracked 
|  78|0x0000000086800000, 0x0000000086800000, 0x0000000086900000|  0%| F|  |TAMS 0x0000000086800000| PB 0x0000000086800000| Untracked 
|  79|0x0000000086900000, 0x0000000086900000, 0x0000000086a00000|  0%| F|  |TAMS 0x0000000086900000| PB 0x0000000086900000| Untracked 
|  80|0x0000000086a00000, 0x0000000086a00000, 0x0000000086b00000|  0%| F|  |TAMS 0x0000000086a00000| PB 0x0000000086a00000| Untracked 
|  81|0x0000000086b00000, 0x0000000086b00000, 0x0000000086c00000|  0%| F|  |TAMS 0x0000000086b00000| PB 0x0000000086b00000| Untracked 
|  82|0x0000000086c00000, 0x0000000086c00000, 0x0000000086d00000|  0%| F|  |TAMS 0x0000000086c00000| PB 0x0000000086c00000| Untracked 
|  83|0x0000000086d00000, 0x0000000086d00000, 0x0000000086e00000|  0%| F|  |TAMS 0x0000000086d00000| PB 0x0000000086d00000| Untracked 
|  84|0x0000000086e00000, 0x0000000086e00000, 0x0000000086f00000|  0%| F|  |TAMS 0x0000000086e00000| PB 0x0000000086e00000| Untracked 
|  85|0x0000000086f00000, 0x0000000086f00000, 0x0000000087000000|  0%| F|  |TAMS 0x0000000086f00000| PB 0x0000000086f00000| Untracked 
|  86|0x0000000087000000, 0x0000000087000000, 0x0000000087100000|  0%| F|  |TAMS 0x0000000087000000| PB 0x0000000087000000| Untracked 
|  87|0x0000000087100000, 0x0000000087100000, 0x0000000087200000|  0%| F|  |TAMS 0x0000000087100000| PB 0x0000000087100000| Untracked 
|  88|0x0000000087200000, 0x0000000087200000, 0x0000000087300000|  0%| F|  |TAMS 0x0000000087200000| PB 0x0000000087200000| Untracked 
|  89|0x0000000087300000, 0x0000000087300000, 0x0000000087400000|  0%| F|  |TAMS 0x0000000087300000| PB 0x0000000087300000| Untracked 
|  90|0x0000000087400000, 0x0000000087400000, 0x0000000087500000|  0%| F|  |TAMS 0x0000000087400000| PB 0x0000000087400000| Untracked 
|  91|0x0000000087500000, 0x0000000087500000, 0x0000000087600000|  0%| F|  |TAMS 0x0000000087500000| PB 0x0000000087500000| Untracked 
|  92|0x0000000087600000, 0x0000000087600000, 0x0000000087700000|  0%| F|  |TAMS 0x0000000087600000| PB 0x0000000087600000| Untracked 
|  93|0x0000000087700000, 0x0000000087700000, 0x0000000087800000|  0%| F|  |TAMS 0x0000000087700000| PB 0x0000000087700000| Untracked 
|  94|0x0000000087800000, 0x0000000087800000, 0x0000000087900000|  0%| F|  |TAMS 0x0000000087800000| PB 0x0000000087800000| Untracked 
|  95|0x0000000087900000, 0x0000000087900000, 0x0000000087a00000|  0%| F|  |TAMS 0x0000000087900000| PB 0x0000000087900000| Untracked 
|  96|0x0000000087a00000, 0x0000000087a00000, 0x0000000087b00000|  0%| F|  |TAMS 0x0000000087a00000| PB 0x0000000087a00000| Untracked 
|  97|0x0000000087b00000, 0x0000000087b00000, 0x0000000087c00000|  0%| F|  |TAMS 0x0000000087b00000| PB 0x0000000087b00000| Untracked 
|  98|0x0000000087c00000, 0x0000000087c00000, 0x0000000087d00000|  0%| F|  |TAMS 0x0000000087c00000| PB 0x0000000087c00000| Untracked 
|  99|0x0000000087d00000, 0x0000000087d00000, 0x0000000087e00000|  0%| F|  |TAMS 0x0000000087d00000| PB 0x0000000087d00000| Untracked 
| 100|0x0000000087e00000, 0x0000000087e00000, 0x0000000087f00000|  0%| F|  |TAMS 0x0000000087e00000| PB 0x0000000087e00000| Untracked 
| 101|0x0000000087f00000, 0x0000000087f00000, 0x0000000088000000|  0%| F|  |TAMS 0x0000000087f00000| PB 0x0000000087f00000| Untracked 
| 102|0x0000000088000000, 0x0000000088000000, 0x0000000088100000|  0%| F|  |TAMS 0x0000000088000000| PB 0x0000000088000000| Untracked 
| 103|0x0000000088100000, 0x0000000088100000, 0x0000000088200000|  0%| F|  |TAMS 0x0000000088100000| PB 0x0000000088100000| Untracked 
| 104|0x0000000088200000, 0x0000000088200000, 0x0000000088300000|  0%| F|  |TAMS 0x0000000088200000| PB 0x0000000088200000| Untracked 
| 105|0x0000000088300000, 0x0000000088300000, 0x0000000088400000|  0%| F|  |TAMS 0x0000000088300000| PB 0x0000000088300000| Untracked 
| 106|0x0000000088400000, 0x0000000088400000, 0x0000000088500000|  0%| F|  |TAMS 0x0000000088400000| PB 0x0000000088400000| Untracked 
| 107|0x0000000088500000, 0x0000000088500000, 0x0000000088600000|  0%| F|  |TAMS 0x0000000088500000| PB 0x0000000088500000| Untracked 
| 108|0x0000000088600000, 0x0000000088600000, 0x0000000088700000|  0%| F|  |TAMS 0x0000000088600000| PB 0x0000000088600000| Untracked 
| 109|0x0000000088700000, 0x0000000088700000, 0x0000000088800000|  0%| F|  |TAMS 0x0000000088700000| PB 0x0000000088700000| Untracked 
| 110|0x0000000088800000, 0x0000000088800000, 0x0000000088900000|  0%| F|  |TAMS 0x0000000088800000| PB 0x0000000088800000| Untracked 
| 111|0x0000000088900000, 0x0000000088900000, 0x0000000088a00000|  0%| F|  |TAMS 0x0000000088900000| PB 0x0000000088900000| Untracked 
| 112|0x0000000088a00000, 0x0000000088a00000, 0x0000000088b00000|  0%| F|  |TAMS 0x0000000088a00000| PB 0x0000000088a00000| Untracked 
| 113|0x0000000088b00000, 0x0000000088b00000, 0x0000000088c00000|  0%| F|  |TAMS 0x0000000088b00000| PB 0x0000000088b00000| Untracked 
| 114|0x0000000088c00000, 0x0000000088c00000, 0x0000000088d00000|  0%| F|  |TAMS 0x0000000088c00000| PB 0x0000000088c00000| Untracked 
| 115|0x0000000088d00000, 0x0000000088d00000, 0x0000000088e00000|  0%| F|  |TAMS 0x0000000088d00000| PB 0x0000000088d00000| Untracked 
| 116|0x0000000088e00000, 0x0000000088e00000, 0x0000000088f00000|  0%| F|  |TAMS 0x0000000088e00000| PB 0x0000000088e00000| Untracked 
| 117|0x0000000088f00000, 0x0000000088f00000, 0x0000000089000000|  0%| F|  |TAMS 0x0000000088f00000| PB 0x0000000088f00000| Untracked 
| 118|0x0000000089000000, 0x0000000089000000, 0x0000000089100000|  0%| F|  |TAMS 0x0000000089000000| PB 0x0000000089000000| Untracked 
| 119|0x0000000089100000, 0x0000000089180800, 0x0000000089200000| 50%| E|  |TAMS 0x0000000089100000| PB 0x0000000089100000| Complete 
| 120|0x0000000089200000, 0x0000000089300000, 0x0000000089300000|100%| E|CS|TAMS 0x0000000089200000| PB 0x0000000089200000| Complete 
| 121|0x0000000089300000, 0x0000000089400000, 0x0000000089400000|100%| E|CS|TAMS 0x0000000089300000| PB 0x0000000089300000| Complete 
| 122|0x0000000089400000, 0x0000000089500000, 0x0000000089500000|100%| E|CS|TAMS 0x0000000089400000| PB 0x0000000089400000| Complete 
| 123|0x0000000089500000, 0x0000000089600000, 0x0000000089600000|100%| E|CS|TAMS 0x0000000089500000| PB 0x0000000089500000| Complete 
| 124|0x0000000089600000, 0x0000000089700000, 0x0000000089700000|100%| E|CS|TAMS 0x0000000089600000| PB 0x0000000089600000| Complete 
| 125|0x0000000089700000, 0x0000000089800000, 0x0000000089800000|100%| E|CS|TAMS 0x0000000089700000| PB 0x0000000089700000| Complete 
| 126|0x0000000089800000, 0x0000000089900000, 0x0000000089900000|100%| E|CS|TAMS 0x0000000089800000| PB 0x0000000089800000| Complete 
| 127|0x0000000089900000, 0x0000000089a00000, 0x0000000089a00000|100%| E|CS|TAMS 0x0000000089900000| PB 0x0000000089900000| Complete 

Card table byte_map: [0x000001e425d40000,0x000001e426140000] _byte_map_base: 0x000001e425933000

Marking Bits: (CMBitMap*) 0x000001e40c723b80
 Bits: [0x000001e426140000, 0x000001e4280d8000)

Polling page: 0x000001e40c520000

Metaspace:

Usage:
  Non-class:     13.65 MB used.
      Class:      1.78 MB used.
       Both:     15.43 MB used.

Virtual space:
  Non-class space:       64.00 MB reserved,      13.81 MB ( 22%) committed,  1 nodes.
      Class space:        1.00 GB reserved,       1.88 MB ( <1%) committed,  1 nodes.
             Both:        1.06 GB reserved,      15.69 MB (  1%) committed. 

Chunk freelists:
   Non-Class:  1.92 MB
       Class:  13.97 MB
        Both:  15.89 MB

MaxMetaspaceSize: unlimited
CompressedClassSpaceSize: 1.00 GB
Initial GC threshold: 21.00 MB
Current GC threshold: 21.00 MB
CDS: on
 - commit_granule_bytes: 65536.
 - commit_granule_words: 8192.
 - virtual_space_node_default_size: 8388608.
 - enlarge_chunks_in_place: 1.
 - use_allocation_guard: 0.


Internal statistics:

num_allocs_failed_limit: 0.
num_arena_births: 158.
num_arena_deaths: 0.
num_vsnodes_births: 2.
num_vsnodes_deaths: 0.
num_space_committed: 251.
num_space_uncommitted: 0.
num_chunks_returned_to_freelist: 0.
num_chunks_taken_from_freelist: 674.
num_chunk_merges: 0.
num_chunk_splits: 474.
num_chunks_enlarged: 390.
num_inconsistent_stats: 0.

CodeHeap 'non-profiled nmethods': size=120000Kb used=1614Kb max_used=1614Kb free=118385Kb
 bounds [0x000001e41ddf0000, 0x000001e41e060000, 0x000001e425320000]
CodeHeap 'profiled nmethods': size=120000Kb used=7440Kb max_used=7440Kb free=112559Kb
 bounds [0x000001e416320000, 0x000001e416a70000, 0x000001e41d850000]
CodeHeap 'non-nmethods': size=5760Kb used=1397Kb max_used=1438Kb free=4362Kb
 bounds [0x000001e41d850000, 0x000001e41dac0000, 0x000001e41ddf0000]
 total_blobs=4164 nmethods=3668 adapters=400
 compilation: enabled
              stopped_count=0, restarted_count=0
 full_count=0

Compilation events (20 events):
Event: 5.005 Thread 0x000001e42a6db4d0 3631       3       org.apache.maven.repository.internal.DefaultModelCache::get (26 bytes)
Event: 5.006 Thread 0x000001e42a6db4d0 nmethod 3631 0x000001e416a4ad10 code [0x000001e416a4aee0, 0x000001e416a4b238]
Event: 5.008 Thread 0x000001e42a6db4d0 3632       1       org.apache.maven.artifact.versioning.VersionRange::getRecommendedVersion (5 bytes)
Event: 5.008 Thread 0x000001e42a6db4d0 nmethod 3632 0x000001e41df7fd90 code [0x000001e41df7ff20, 0x000001e41df7ffe8]
Event: 5.008 Thread 0x000001e42a6db4d0 3633       1       org.eclipse.aether.repository.RemoteRepository::getHost (5 bytes)
Event: 5.009 Thread 0x000001e42a6db4d0 nmethod 3633 0x000001e41df80090 code [0x000001e41df80220, 0x000001e41df802e8]
Event: 5.009 Thread 0x000001e42a6db4d0 3634       3       org.eclipse.sisu.plexus.DefaultPlexusBeans$Itr::hasNext (10 bytes)
Event: 5.009 Thread 0x000001e42a6db4d0 nmethod 3634 0x000001e416a4b410 code [0x000001e416a4b5c0, 0x000001e416a4b798]
Event: 5.009 Thread 0x000001e42a6cba00 nmethod 3603 0x000001e41df80390 code [0x000001e41df80560, 0x000001e41df80c40]
Event: 5.009 Thread 0x000001e42a6cba00 3605       4       org.apache.maven.model.validation.DefaultModelValidator::validateBoolean (98 bytes)
Event: 5.011 Thread 0x000001e42a6db4d0 3635       3       java.util.LinkedHashMap$LinkedHashIterator::remove (75 bytes)
Event: 5.011 Thread 0x000001e42a6db4d0 nmethod 3635 0x000001e416a4b890 code [0x000001e416a4ba80, 0x000001e416a4be70]
Event: 5.021 Thread 0x000001e42a6cba00 nmethod 3605 0x000001e41df80f90 code [0x000001e41df811a0, 0x000001e41df81ac0]
Event: 5.021 Thread 0x000001e42a6cba00 3615       4       org.apache.maven.model.validation.DefaultModelValidator::validateEnum (106 bytes)
Event: 5.023 Thread 0x000001e42a6db4d0 3636       3       org.apache.maven.artifact.ArtifactUtils::notBlank (56 bytes)
Event: 5.023 Thread 0x000001e42a6cba00 nmethod 3615 0x000001e41df81e10 code [0x000001e41df81fe0, 0x000001e41df821e8]
Event: 5.023 Thread 0x000001e42a6cba00 3598       4       java.util.Properties::get (9 bytes)
Event: 5.025 Thread 0x000001e42a6db4d0 nmethod 3636 0x000001e416a4c010 code [0x000001e416a4c3c0, 0x000001e416a4dd70]
Event: 5.029 Thread 0x000001e42a6cba00 nmethod 3598 0x000001e41df82410 code [0x000001e41df825c0, 0x000001e41df82908]
Event: 5.030 Thread 0x000001e42a6db4d0 3637       3       java.lang.invoke.MemberName::asSpecial (89 bytes)

GC Heap History (6 events):
Event: 0.999 GC heap before
{Heap before GC invocations=0 (full 0):
 garbage-first heap   total 131072K, used 13312K [0x0000000081a00000, 0x0000000100000000)
  region size 1024K, 13 young (13312K), 0 survivors (0K)
 Metaspace       used 4102K, committed 4288K, reserved 1114112K
  class space    used 424K, committed 512K, reserved 1048576K
}
Event: 1.005 GC heap after
{Heap after GC invocations=1 (full 0):
 garbage-first heap   total 131072K, used 3455K [0x0000000081a00000, 0x0000000100000000)
  region size 1024K, 2 young (2048K), 2 survivors (2048K)
 Metaspace       used 4102K, committed 4288K, reserved 1114112K
  class space    used 424K, committed 512K, reserved 1048576K
}
Event: 1.585 GC heap before
{Heap before GC invocations=1 (full 0):
 garbage-first heap   total 131072K, used 17791K [0x0000000081a00000, 0x0000000100000000)
  region size 1024K, 16 young (16384K), 2 survivors (2048K)
 Metaspace       used 6326K, committed 6528K, reserved 1114112K
  class space    used 729K, committed 832K, reserved 1048576K
}
Event: 1.590 GC heap after
{Heap after GC invocations=2 (full 0):
 garbage-first heap   total 131072K, used 4386K [0x0000000081a00000, 0x0000000100000000)
  region size 1024K, 1 young (1024K), 1 survivors (1024K)
 Metaspace       used 6326K, committed 6528K, reserved 1114112K
  class space    used 729K, committed 832K, reserved 1048576K
}
Event: 4.895 GC heap before
{Heap before GC invocations=2 (full 0):
 garbage-first heap   total 131072K, used 81186K [0x0000000081a00000, 0x0000000100000000)
  region size 1024K, 76 young (77824K), 1 survivors (1024K)
 Metaspace       used 15607K, committed 15872K, reserved 1114112K
  class space    used 1801K, committed 1920K, reserved 1048576K
}
Event: 4.913 GC heap after
{Heap after GC invocations=3 (full 0):
 garbage-first heap   total 131072K, used 12712K [0x0000000081a00000, 0x0000000100000000)
  region size 1024K, 9 young (9216K), 9 survivors (9216K)
 Metaspace       used 15607K, committed 15872K, reserved 1114112K
  class space    used 1801K, committed 1920K, reserved 1048576K
}

Dll operation events (8 events):
Event: 0.012 Loaded shared library E:\Project\OpenJDK21\jdk-21.0.2\bin\java.dll
Event: 0.104 Loaded shared library E:\Project\OpenJDK21\jdk-21.0.2\bin\jsvml.dll
Event: 0.148 Loaded shared library E:\Project\OpenJDK21\jdk-21.0.2\bin\net.dll
Event: 0.150 Loaded shared library E:\Project\OpenJDK21\jdk-21.0.2\bin\nio.dll
Event: 0.156 Loaded shared library E:\Project\OpenJDK21\jdk-21.0.2\bin\zip.dll
Event: 0.394 Loaded shared library E:\Project\OpenJDK21\jdk-21.0.2\bin\jimage.dll
Event: 0.428 Loaded shared library E:\Project\apache-maven-3.9.6\lib\jansi-native\Windows\x86_64\jansi.dll
Event: 0.461 Loaded shared library E:\Project\OpenJDK21\jdk-21.0.2\bin\verify.dll

Deoptimization events (20 events):
Event: 4.774 Thread 0x000001e40c5cd590 Uncommon trap: trap_request=0xffffffbe fr.pc=0x000001e41df6c820 relative=0x0000000000000c00
Event: 4.774 Thread 0x000001e40c5cd590 Uncommon trap: reason=profile_predicate action=maybe_recompile pc=0x000001e41df6c820 method=java.util.regex.Pattern$CharPropertyGreedy.match(Ljava/util/regex/Matcher;ILjava/lang/CharSequence;)Z @ 15 c2
Event: 4.774 Thread 0x000001e40c5cd590 DEOPT PACKING pc=0x000001e41df6c820 sp=0x00000077f8bfdb00
Event: 4.774 Thread 0x000001e40c5cd590 DEOPT UNPACKING pc=0x000001e41d8a46a2 sp=0x00000077f8bfda90 mode 2
Event: 4.774 Thread 0x000001e40c5cd590 Uncommon trap: trap_request=0xffffffbe fr.pc=0x000001e41df6c820 relative=0x0000000000000c00
Event: 4.774 Thread 0x000001e40c5cd590 Uncommon trap: reason=profile_predicate action=maybe_recompile pc=0x000001e41df6c820 method=java.util.regex.Pattern$CharPropertyGreedy.match(Ljava/util/regex/Matcher;ILjava/lang/CharSequence;)Z @ 15 c2
Event: 4.774 Thread 0x000001e40c5cd590 DEOPT PACKING pc=0x000001e41df6c820 sp=0x00000077f8bfdb00
Event: 4.774 Thread 0x000001e40c5cd590 DEOPT UNPACKING pc=0x000001e41d8a46a2 sp=0x00000077f8bfda90 mode 2
Event: 4.774 Thread 0x000001e40c5cd590 Uncommon trap: trap_request=0xffffffbe fr.pc=0x000001e41df6c820 relative=0x0000000000000c00
Event: 4.774 Thread 0x000001e40c5cd590 Uncommon trap: reason=profile_predicate action=maybe_recompile pc=0x000001e41df6c820 method=java.util.regex.Pattern$CharPropertyGreedy.match(Ljava/util/regex/Matcher;ILjava/lang/CharSequence;)Z @ 15 c2
Event: 4.774 Thread 0x000001e40c5cd590 DEOPT PACKING pc=0x000001e41df6c820 sp=0x00000077f8bfd8e0
Event: 4.774 Thread 0x000001e40c5cd590 DEOPT UNPACKING pc=0x000001e41d8a46a2 sp=0x00000077f8bfd890 mode 2
Event: 4.812 Thread 0x000001e40c5cd590 Uncommon trap: trap_request=0xffffffbe fr.pc=0x000001e41df6ec3c relative=0x0000000000000b9c
Event: 4.812 Thread 0x000001e40c5cd590 Uncommon trap: reason=profile_predicate action=maybe_recompile pc=0x000001e41df6ec3c method=java.util.regex.Pattern$CharPropertyGreedy.match(Ljava/util/regex/Matcher;ILjava/lang/CharSequence;)Z @ 103 c2
Event: 4.812 Thread 0x000001e40c5cd590 DEOPT PACKING pc=0x000001e41df6ec3c sp=0x00000077f8bfdec0
Event: 4.812 Thread 0x000001e40c5cd590 DEOPT UNPACKING pc=0x000001e41d8a46a2 sp=0x00000077f8bfde50 mode 2
Event: 4.812 Thread 0x000001e40c5cd590 Uncommon trap: trap_request=0xffffffbe fr.pc=0x000001e41df6ec3c relative=0x0000000000000b9c
Event: 4.812 Thread 0x000001e40c5cd590 Uncommon trap: reason=profile_predicate action=maybe_recompile pc=0x000001e41df6ec3c method=java.util.regex.Pattern$CharPropertyGreedy.match(Ljava/util/regex/Matcher;ILjava/lang/CharSequence;)Z @ 103 c2
Event: 4.812 Thread 0x000001e40c5cd590 DEOPT PACKING pc=0x000001e41df6ec3c sp=0x00000077f8bfdb00
Event: 4.812 Thread 0x000001e40c5cd590 DEOPT UNPACKING pc=0x000001e41d8a46a2 sp=0x00000077f8bfda90 mode 2

Classes loaded (20 events):
Event: 3.738 Loading class java/nio/file/AccessMode
Event: 3.738 Loading class java/nio/file/AccessMode done
Event: 3.738 Loading class sun/nio/fs/WindowsFileSystemProvider$1
Event: 3.739 Loading class sun/nio/fs/WindowsFileSystemProvider$1 done
Event: 3.741 Loading class sun/nio/ch/FileLockImpl
Event: 3.741 Loading class sun/nio/ch/FileLockImpl done
Event: 3.741 Loading class sun/nio/ch/FileLockTable
Event: 3.742 Loading class sun/nio/ch/FileLockTable done
Event: 3.742 Loading class sun/nio/ch/FileKey
Event: 3.742 Loading class sun/nio/ch/FileKey done
Event: 3.742 Loading class sun/nio/ch/FileLockTable$FileLockReference
Event: 3.742 Loading class sun/nio/ch/FileLockTable$FileLockReference done
Event: 3.742 Loading class java/nio/channels/spi/AbstractInterruptibleChannel$1
Event: 3.742 Loading class sun/nio/ch/Interruptible
Event: 3.743 Loading class sun/nio/ch/Interruptible done
Event: 3.743 Loading class java/nio/channels/spi/AbstractInterruptibleChannel$1 done
Event: 3.745 Loading class java/util/AbstractMap$2
Event: 3.745 Loading class java/util/AbstractMap$2 done
Event: 3.745 Loading class java/util/AbstractMap$2$1
Event: 3.746 Loading class java/util/AbstractMap$2$1 done

Classes unloaded (0 events):
No events

Classes redefined (0 events):
No events

Internal exceptions (20 events):
Event: 1.226 Thread 0x000001e40c5cd590 Exception <a 'java/lang/NoSuchMethodError'{0x0000000089502448}: 'int java.lang.invoke.DirectMethodHandle$Holder.invokeStaticInit(java.lang.Object, java.lang.Object)'> (0x0000000089502448) 
thrown [s\open\src\hotspot\share\interpreter\linkResolver.cpp, line 773]
Event: 1.241 Thread 0x000001e40c5cd590 Exception <a 'java/lang/NoClassDefFoundError'{0x0000000089535ee8}: javax/enterprise/inject/Typed> (0x0000000089535ee8) 
thrown [s\open\src\hotspot\share\classfile\systemDictionary.cpp, line 301]
Event: 2.562 Thread 0x000001e40c5cd590 Exception <a 'java/lang/NoSuchMethodError'{0x0000000087fb4508}: 'void java.lang.invoke.DirectMethodHandle$Holder.invokeStaticInit(java.lang.Object, java.lang.Object, java.lang.Object)'> (0x0000000087fb4508) 
thrown [s\open\src\hotspot\share\interpreter\linkResolver.cpp, line 773]
Event: 2.572 Thread 0x000001e40c5cd590 Exception <a 'java/lang/ExceptionInInitializerError'{0x0000000087fdbf40}> (0x0000000087fdbf40) 
thrown [s\open\src\hotspot\share\oops\instanceKlass.cpp, line 1180]
Event: 2.630 Thread 0x000001e40c5cd590 Exception <a 'java/lang/NoSuchMethodError'{0x0000000087ee3838}: 'long java.lang.invoke.DirectMethodHandle$Holder.invokeStatic(java.lang.Object, java.lang.Object, int)'> (0x0000000087ee3838) 
thrown [s\open\src\hotspot\share\interpreter\linkResolver.cpp, line 773]
Event: 2.633 Thread 0x000001e40c5cd590 Exception <a 'java/lang/NoSuchMethodError'{0x0000000087ef68d0}: 'java.lang.Object java.lang.invoke.DirectMethodHandle$Holder.invokeStatic(java.lang.Object, java.lang.Object, java.lang.Object, java.lang.Object, int)'> (0x0000000087ef68d0) 
thrown [s\open\src\hotspot\share\interpreter\linkResolver.cpp, line 773]
Event: 2.635 Thread 0x000001e40c5cd590 Exception <a 'java/lang/NoSuchMethodError'{0x0000000087efe7e8}: 'java.lang.Object java.lang.invoke.DirectMethodHandle$Holder.invokeSpecial(java.lang.Object, java.lang.Object, java.lang.Object, java.lang.Object, long)'> (0x0000000087efe7e8) 
thrown [s\open\src\hotspot\share\interpreter\linkResolver.cpp, line 773]
Event: 2.637 Thread 0x000001e40c5cd590 Exception <a 'java/lang/NoSuchMethodError'{0x0000000087d0a890}: 'java.lang.Object java.lang.invoke.DirectMethodHandle$Holder.invokeSpecial(java.lang.Object, java.lang.Object, java.lang.Object, int, java.lang.Object)'> (0x0000000087d0a890) 
thrown [s\open\src\hotspot\share\interpreter\linkResolver.cpp, line 773]
Event: 2.638 Thread 0x000001e40c5cd590 Exception <a 'java/lang/NoSuchMethodError'{0x0000000087d129b0}: 'int java.lang.invoke.DirectMethodHandle$Holder.invokeSpecial(java.lang.Object, java.lang.Object, java.lang.Object, int)'> (0x0000000087d129b0) 
thrown [s\open\src\hotspot\share\interpreter\linkResolver.cpp, line 773]
Event: 2.644 Thread 0x000001e40c5cd590 Implicit null exception at 0x000001e41de701bd to 0x000001e41de70360
Event: 2.647 Thread 0x000001e40c5cd590 Exception <a 'java/lang/NoSuchMethodError'{0x0000000087d36918}: 'java.lang.Object java.lang.invoke.Invokers$Holder.invokeExact_MT(java.lang.Object, int, java.lang.Object)'> (0x0000000087d36918) 
thrown [s\open\src\hotspot\share\interpreter\linkResolver.cpp, line 773]
Event: 2.665 Thread 0x000001e40c5cd590 Exception <a 'java/lang/NoSuchMethodError'{0x0000000087d943a8}: 'void java.lang.invoke.DirectMethodHandle$Holder.invokeStatic(java.lang.Object, java.lang.Object)'> (0x0000000087d943a8) 
thrown [s\open\src\hotspot\share\interpreter\linkResolver.cpp, line 773]
Event: 3.065 Thread 0x000001e40c5cd590 Exception <a 'java/lang/NoSuchMethodError'{0x00000000876fa430}: 'void java.lang.invoke.Invokers$Holder.invokeExact_MT(java.lang.Object, java.lang.Object, java.lang.Object, java.lang.Object)'> (0x00000000876fa430) 
thrown [s\open\src\hotspot\share\interpreter\linkResolver.cpp, line 773]
Event: 3.104 Thread 0x000001e40c5cd590 Exception <a 'java/lang/NoClassDefFoundError'{0x0000000087582370}: com/google/inject/servlet/ServletModuleTargetVisitor> (0x0000000087582370) 
thrown [s\open\src\hotspot\share\classfile\systemDictionary.cpp, line 301]
Event: 3.263 Thread 0x000001e40c5cd590 Exception <a 'java/lang/NoSuchMethodError'{0x0000000087340550}: 'void java.lang.invoke.DirectMethodHandle$Holder.invokeVirtual(java.lang.Object, java.lang.Object)'> (0x0000000087340550) 
thrown [s\open\src\hotspot\share\interpreter\linkResolver.cpp, line 773]
Event: 3.354 Thread 0x000001e40c5cd590 Exception <a 'java/lang/NoSuchMethodError'{0x00000000873bed08}: 'java.lang.Object java.lang.invoke.DirectMethodHandle$Holder.invokeStaticInit(java.lang.Object, int, int, int, int)'> (0x00000000873bed08) 
thrown [s\open\src\hotspot\share\interpreter\linkResolver.cpp, line 773]
Event: 3.702 Thread 0x000001e40c5cd590 Implicit null exception at 0x000001e41de74724 to 0x000001e41de74d54
Event: 3.704 Thread 0x000001e40c5cd590 Implicit null exception at 0x000001e41de2bb20 to 0x000001e41de2c144
Event: 3.810 Thread 0x000001e40c5cd590 Exception <a 'java/lang/NoSuchMethodError'{0x0000000086b858d8}: 'void java.lang.invoke.DirectMethodHandle$Holder.invokeVirtual(java.lang.Object, java.lang.Object, int)'> (0x0000000086b858d8) 
thrown [s\open\src\hotspot\share\interpreter\linkResolver.cpp, line 773]
Event: 3.811 Thread 0x000001e40c5cd590 Exception <a 'java/lang/NoSuchMethodError'{0x0000000086b8c8a8}: 'void java.lang.invoke.DelegatingMethodHandle$Holder.reinvoke_L(java.lang.Object, java.lang.Object, int)'> (0x0000000086b8c8a8) 
thrown [s\open\src\hotspot\share\interpreter\linkResolver.cpp, line 773]

ZGC Phase Switch (0 events):
No events

VM Operations (20 events):
Event: 2.812 Executing VM operation: HandshakeAllThreads (Deoptimize)
Event: 2.812 Executing VM operation: HandshakeAllThreads (Deoptimize) done
Event: 2.926 Executing VM operation: ICBufferFull
Event: 2.926 Executing VM operation: ICBufferFull done
Event: 3.057 Executing VM operation: HandshakeAllThreads (Deoptimize)
Event: 3.057 Executing VM operation: HandshakeAllThreads (Deoptimize) done
Event: 3.283 Executing VM operation: HandshakeAllThreads (Deoptimize)
Event: 3.283 Executing VM operation: HandshakeAllThreads (Deoptimize) done
Event: 3.380 Executing VM operation: HandshakeAllThreads (Deoptimize)
Event: 3.380 Executing VM operation: HandshakeAllThreads (Deoptimize) done
Event: 3.425 Executing VM operation: ICBufferFull
Event: 3.425 Executing VM operation: ICBufferFull done
Event: 3.444 Executing VM operation: HandshakeAllThreads (Deoptimize)
Event: 3.444 Executing VM operation: HandshakeAllThreads (Deoptimize) done
Event: 3.537 Executing VM operation: HandshakeAllThreads (Deoptimize)
Event: 3.537 Executing VM operation: HandshakeAllThreads (Deoptimize) done
Event: 4.042 Executing VM operation: ICBufferFull
Event: 4.042 Executing VM operation: ICBufferFull done
Event: 4.895 Executing VM operation: G1CollectForAllocation (G1 Evacuation Pause)
Event: 4.914 Executing VM operation: G1CollectForAllocation (G1 Evacuation Pause) done

Events (14 events):
Event: 0.064 Thread 0x000001e40c5cd590 Thread added: 0x000001e40c5cd590
Event: 0.100 Thread 0x000001e42a6b1050 Thread added: 0x000001e42a6b1050
Event: 0.100 Thread 0x000001e42a6b1f70 Thread added: 0x000001e42a6b1f70
Event: 0.100 Thread 0x000001e42a6bc790 Thread added: 0x000001e42a6bc790
Event: 0.100 Thread 0x000001e42a6bda10 Thread added: 0x000001e42a6bda10
Event: 0.101 Thread 0x000001e42a6bed00 Thread added: 0x000001e42a6bed00
Event: 0.101 Thread 0x000001e42a6c7770 Thread added: 0x000001e42a6c7770
Event: 0.101 Thread 0x000001e42a6cba00 Thread added: 0x000001e42a6cba00
Event: 0.101 Thread 0x000001e42a6db4d0 Thread added: 0x000001e42a6db4d0
Event: 0.140 Thread 0x000001e42a919850 Thread added: 0x000001e42a919850
Event: 0.143 Thread 0x000001e42a91a570 Thread added: 0x000001e42a91a570
Event: 0.836 Thread 0x000001e470239010 Thread added: 0x000001e470239010
Event: 2.537 Thread 0x000001e470239010 Thread exited: 0x000001e470239010
Event: 2.773 Thread 0x000001e470ad1350 Thread added: 0x000001e470ad1350


Dynamic libraries:
0x00007ff7a6800000 - 0x00007ff7a6810000 	E:\Project\OpenJDK21\jdk-21.0.2\bin\java.exe
0x00007ffb30ad0000 - 0x00007ffb30cc8000 	C:\Windows\SYSTEM32\ntdll.dll
0x00007ffb30710000 - 0x00007ffb307d2000 	C:\Windows\System32\KERNEL32.DLL
0x00007ffb2e310000 - 0x00007ffb2e606000 	C:\Windows\System32\KERNELBASE.dll
0x00007ffb2e170000 - 0x00007ffb2e270000 	C:\Windows\System32\ucrtbase.dll
0x00007ffb22240000 - 0x00007ffb22259000 	E:\Project\OpenJDK21\jdk-21.0.2\bin\jli.dll
0x00007ffb1e710000 - 0x00007ffb1e72b000 	E:\Project\OpenJDK21\jdk-21.0.2\bin\VCRUNTIME140.dll
0x00007ffb2ecb0000 - 0x00007ffb2ed5f000 	C:\Windows\System32\ADVAPI32.dll
0x00007ffb30920000 - 0x00007ffb309be000 	C:\Windows\System32\msvcrt.dll
0x00007ffb2eb30000 - 0x00007ffb2ebcf000 	C:\Windows\System32\sechost.dll
0x00007ffb2f420000 - 0x00007ffb2f543000 	C:\Windows\System32\RPCRT4.dll
0x00007ffb2e9b0000 - 0x00007ffb2e9d7000 	C:\Windows\System32\bcrypt.dll
0x00007ffb30150000 - 0x00007ffb302ed000 	C:\Windows\System32\USER32.dll
0x00007ffb2e980000 - 0x00007ffb2e9a2000 	C:\Windows\System32\win32u.dll
0x00007ffb1e090000 - 0x00007ffb1e32a000 	C:\Windows\WinSxS\amd64_microsoft.windows.common-controls_6595b64144ccf1df_6.0.19041.5794_none_60bcd33171f2783c\COMCTL32.dll
0x00007ffb2ed60000 - 0x00007ffb2ed8b000 	C:\Windows\System32\GDI32.dll
0x00007ffb2e9e0000 - 0x00007ffb2eafa000 	C:\Windows\System32\gdi32full.dll
0x00007ffb2e270000 - 0x00007ffb2e30d000 	C:\Windows\System32\msvcp_win.dll
0x00007ffb1e3c0000 - 0x00007ffb1e3ca000 	C:\Windows\SYSTEM32\VERSION.dll
0x00007ffb2eb00000 - 0x00007ffb2eb2f000 	C:\Windows\System32\IMM32.DLL
0x00007ffb2a6d0000 - 0x00007ffb2a6dc000 	E:\Project\OpenJDK21\jdk-21.0.2\bin\vcruntime140_1.dll
0x00007ffb1b0e0000 - 0x00007ffb1b16e000 	E:\Project\OpenJDK21\jdk-21.0.2\bin\msvcp140.dll
0x00007ffadcec0000 - 0x00007ffaddbd7000 	E:\Project\OpenJDK21\jdk-21.0.2\bin\server\jvm.dll
0x00007ffb309c0000 - 0x00007ffb30a2b000 	C:\Windows\System32\WS2_32.dll
0x00007ffb2d6c0000 - 0x00007ffb2d70b000 	C:\Windows\SYSTEM32\POWRPROF.dll
0x00007ffb216a0000 - 0x00007ffb216c7000 	C:\Windows\SYSTEM32\WINMM.dll
0x00007ffb2d530000 - 0x00007ffb2d542000 	C:\Windows\SYSTEM32\UMPDC.dll
0x00007ffb2bfb0000 - 0x00007ffb2bfc2000 	C:\Windows\SYSTEM32\kernel.appcore.dll
0x00007ffb282f0000 - 0x00007ffb282fa000 	E:\Project\OpenJDK21\jdk-21.0.2\bin\jimage.dll
0x00007ffb1e3d0000 - 0x00007ffb1e5b4000 	C:\Windows\SYSTEM32\DBGHELP.DLL
0x00007ffb1cc40000 - 0x00007ffb1cc74000 	C:\Windows\SYSTEM32\dbgcore.DLL
0x00007ffb2e6c0000 - 0x00007ffb2e742000 	C:\Windows\System32\bcryptPrimitives.dll
0x00007ffb1b020000 - 0x00007ffb1b03f000 	E:\Project\OpenJDK21\jdk-21.0.2\bin\java.dll
0x00007ffb2f9e0000 - 0x00007ffb3014e000 	C:\Windows\System32\SHELL32.dll
0x00007ffb2c1b0000 - 0x00007ffb2c953000 	C:\Windows\SYSTEM32\windows.storage.dll
0x00007ffb2f680000 - 0x00007ffb2f9d3000 	C:\Windows\System32\combase.dll
0x00007ffb2dac0000 - 0x00007ffb2daeb000 	C:\Windows\SYSTEM32\Wldp.dll
0x00007ffb30360000 - 0x00007ffb3042d000 	C:\Windows\System32\OLEAUT32.dll
0x00007ffb30870000 - 0x00007ffb3091d000 	C:\Windows\System32\SHCORE.dll
0x00007ffb2eee0000 - 0x00007ffb2ef35000 	C:\Windows\System32\shlwapi.dll
0x00007ffb2e0a0000 - 0x00007ffb2e0c5000 	C:\Windows\SYSTEM32\profapi.dll
0x00007ffb0b130000 - 0x00007ffb0b207000 	E:\Project\OpenJDK21\jdk-21.0.2\bin\jsvml.dll
0x00007ffb25330000 - 0x00007ffb25340000 	E:\Project\OpenJDK21\jdk-21.0.2\bin\net.dll
0x00007ffb27d80000 - 0x00007ffb27e8a000 	C:\Windows\SYSTEM32\WINHTTP.dll
0x00007ffb2d8a0000 - 0x00007ffb2d90c000 	C:\Windows\system32\mswsock.dll
0x00007ffb19ee0000 - 0x00007ffb19ef6000 	E:\Project\OpenJDK21\jdk-21.0.2\bin\nio.dll
0x00007ffb179b0000 - 0x00007ffb179c8000 	E:\Project\OpenJDK21\jdk-21.0.2\bin\zip.dll
0x0000000069ac0000 - 0x0000000069ae4000 	E:\Project\apache-maven-3.9.6\lib\jansi-native\Windows\x86_64\jansi.dll
0x00007ffb22230000 - 0x00007ffb22240000 	E:\Project\OpenJDK21\jdk-21.0.2\bin\verify.dll

dbghelp: loaded successfully - version: 4.0.5 - missing functions: none
symbol engine: initialized successfully - sym options: 0x614 - pdb path: .;E:\Project\OpenJDK21\jdk-21.0.2\bin;C:\Windows\SYSTEM32;C:\Windows\WinSxS\amd64_microsoft.windows.common-controls_6595b64144ccf1df_6.0.19041.5794_none_60bcd33171f2783c;E:\Project\OpenJDK21\jdk-21.0.2\bin\server;E:\Project\apache-maven-3.9.6\lib\jansi-native\Windows\x86_64

VM Arguments:
jvm_args: -Dclassworlds.conf=E:\Project\apache-maven-3.9.6\bin\m2.conf -Dmaven.home=E:\Project\apache-maven-3.9.6 -Dlibrary.jansi.path=E:\Project\apache-maven-3.9.6\lib\jansi-native -Dmaven.multiModuleProjectDirectory=E:\Waste Collect\wastecollect-parent 
java_command: org.codehaus.plexus.classworlds.launcher.Launcher clean install -U
java_class_path (initial): E:\Project\apache-maven-3.9.6\boot\plexus-classworlds-2.7.0.jar
Launcher Type: SUN_STANDARD

[Global flags]
     intx CICompilerCount                          = 3                                         {product} {ergonomic}
     uint ConcGCThreads                            = 1                                         {product} {ergonomic}
     uint G1ConcRefinementThreads                  = 4                                         {product} {ergonomic}
   size_t G1HeapRegionSize                         = 1048576                                   {product} {ergonomic}
    uintx GCDrainStackTargetSize                   = 64                                        {product} {ergonomic}
   size_t InitialHeapSize                          = 134217728                                 {product} {ergonomic}
   size_t MarkStackSize                            = 4194304                                   {product} {ergonomic}
   size_t MaxHeapSize                              = 2120220672                                {product} {ergonomic}
   size_t MaxNewSize                               = 1271922688                                {product} {ergonomic}
   size_t MinHeapDeltaBytes                        = 1048576                                   {product} {ergonomic}
   size_t MinHeapSize                              = 8388608                                   {product} {ergonomic}
    uintx NonNMethodCodeHeapSize                   = 5832780                                {pd product} {ergonomic}
    uintx NonProfiledCodeHeapSize                  = 122912730                              {pd product} {ergonomic}
    uintx ProfiledCodeHeapSize                     = 122912730                              {pd product} {ergonomic}
    uintx ReservedCodeCacheSize                    = 251658240                              {pd product} {ergonomic}
     bool SegmentedCodeCache                       = true                                      {product} {ergonomic}
   size_t SoftMaxHeapSize                          = 2120220672                             {manageable} {ergonomic}
     bool UseCompressedOops                        = true                           {product lp64_product} {ergonomic}
     bool UseG1GC                                  = true                                      {product} {ergonomic}
     bool UseLargePagesIndividualAllocation        = false                                  {pd product} {ergonomic}

Logging:
Log output configuration:
 #0: stdout all=warning uptime,level,tags foldmultilines=false
 #1: stderr all=off uptime,level,tags foldmultilines=false

Environment Variables:
JAVA_HOME=E:\Project\OpenJDK21\jdk-21.0.2
PATH=C:\Users\user\AppData\Local\Yarn\config\global\node_modules\.bin;C:\Users\user\AppData\Roaming\npm;C:\Users\user\AppData\Roaming\Composer\vendor\bin;;C:\laragon\bin\laragon\utils;C:\laragon\bin\mysql\mysql-5.7.33-winx64\bin;C:\laragon\bin\php\php-7.4.19-Win32-vc15-x64;C:\laragon\bin\composer;C:\laragon\bin\apache\httpd-2.4.47-win64-VS16\bin;C:\laragon\bin\redis\redis-x64-3.2.100;C:\laragon\bin\nodejs\node-v14;C:\laragon\bin\nginx\nginx-1.19.10;C:\laragon\bin\notepad++;C:\laragon\bin\telnet;C:\laragon\bin\ngrok;C:\laragon\bin\git\bin;C:\laragon\bin\git\cmd;C:\laragon\bin\git\usr\bin;C:\laragon\bin\git\mingw64\bin;C:\laragon\bin;C:\laragon\usr\bin;C:\laragon\bin\cmder\bin;E:\Project\OpenJDK21\jdk-21.0.2\bin;C:\Program Files\Common Files\Oracle\Java\javapath;C:\Windows\system32;C:\Windows;C:\Windows\System32\Wbem;C:\Windows\System32\WindowsPowerShell\v1.0\;C:\Windows\System32\OpenSSH\;C:\laragon\bin\php\php-7.4.19-Win32-vc15-x64;C:\laragon\bin\mysql\mysql-5.7.33-winx64\bin;C:\laragon\bin\composer;C:\laragon\bin\apache\httpd-2.4.47-win64-VS16\bin;C:\laragon\bin\git\bin;C:\laragon\bin\git\cmd;C:\Program Files\Symfony;C:\Program Files\Java\jdk-17\bin;C:\Program Files\Git\cmd;E:\Project\apache-maven-3.9.6\bin;;C:\Program Files\Docker\Docker\resources\bin;C:\Program Files\nodejs\;C:\Program Files\Kubernetes\Minikube;C:\Program Files\MySQL\MySQL Shell 8.0\bin\;C:\Users\user\anaconda3;C:\Users\user\anaconda3\Library\mingw-w64\bin;C:\Users\user\anaconda3\Library\usr\bin;C:\Users\user\anaconda3\Library\bin;C:\Users\user\anaconda3\Scripts;C:\Users\user\AppData\Local\Programs\Python\Python39\Scripts\;C:\Users\user\AppData\Local\Programs\Python\Python39\;C:\Users\user\AppData\Local\Microsoft\WindowsApps;C:\Users\user\AppData\Local\Programs\Microsoft VS Code\bin;C:\Program Files (x86)\Brackets\;C:\Users\user\AppData\Roaming\npm;C:\Users\user\AppData\Local\Microsoft\WinGet\Packages\Schniz.fnm_Microsoft.Winget.Source_8wekyb3d8bbwe;C:\laragon\bin\git\usr\bin;C:\laragon\bin\git\usr\share\vim\vim74;C:\laragon\bin\cmder\;
USERNAME=user
TERM=cygwin
OS=Windows_NT
PROCESSOR_IDENTIFIER=Intel64 Family 6 Model 58 Stepping 9, GenuineIntel
TMP=C:\Users\user\AppData\Local\Temp
TEMP=C:\Users\user\AppData\Local\Temp




Periodic native trim disabled

---------------  S Y S T E M  ---------------

OS:
 Windows 10 , 64 bit Build 19041 (10.0.19041.5794)
OS uptime: 1 days 12:12 hours
Hyper-V role detected

CPU: total 4 (initial active 4) (2 cores per cpu, 2 threads per core) family 6 model 58 stepping 9 microcode 0x21, cx8, cmov, fxsr, ht, mmx, sse, sse2, sse3, ssse3, sse4.1, sse4.2, popcnt, tsc, tscinvbit, avx, aes, erms, clmul, vzeroupper, clflush, hv, rdtscp, f16c
Processor Information for all 4 processors :
  Max Mhz: 2101, Current Mhz: 2101, Mhz Limit: 2101

Memory: 4k page, system-wide physical 8081M (835M free)
TotalPageFile size 32657M (AvailPageFile size 11M)
current process WorkingSet (physical memory assigned to process): 173M, peak: 173M
current process commit charge ("private bytes"): 246M, peak: 246M

vm_info: Java HotSpot(TM) 64-Bit Server VM (21.0.2+13-LTS-58) for windows-amd64 JRE (21.0.2+13-LTS-58), built on 2024-01-05T18:32:24Z by "mach5one" with MS VC++ 17.1 (VS2022)

END.
