#
# There is insufficient memory for the Java Runtime Environment to continue.
# Native memory allocation (mmap) failed to map 65536 bytes for Failed to commit metaspace.
# Possible reasons:
#   The system is out of physical RAM or swap space
#   The process is running with CompressedOops enabled, and the Java Heap may be blocking the growth of the native heap
# Possible solutions:
#   Reduce memory load on the system
#   Increase physical memory or swap space
#   Check if swap backing store is full
#   Decrease Java heap size (-Xmx/-Xms)
#   Decrease number of Java threads
#   Decrease Java thread stack sizes (-Xss)
#   Set larger code cache with -XX:ReservedCodeCacheSize=
#   JVM is running with Unscaled Compressed Oops mode in which the Java heap is
#     placed in the first 4GB address space. The Java Heap base address is the
#     maximum limit for the native heap growth. Please use -XX:HeapBaseMinAddress
#     to set the Java Heap base and to place the Java Heap above 4GB virtual address.
# This output file may be truncated or incomplete.
#
#  Out of Memory Error (virtualSpaceNode.cpp:110), pid=4676, tid=13280
#
# JRE version: OpenJDK Runtime Environment Temurin-17.0.10+7 (17.0.10+7) (build 17.0.10+7)
# Java VM: OpenJDK 64-Bit Server VM Temurin-17.0.10+7 (17.0.10+7, mixed mode, emulated-client, tiered, compressed oops, compressed class ptrs, g1 gc, windows-amd64)
# No core dump will be written. Minidumps are not enabled by default on client versions of Windows
#

---------------  S U M M A R Y ------------

Command Line: -Dcom.sun.management.jmxremote -Dcom.sun.management.jmxremote.port=60782 -Dcom.sun.management.jmxremote.authenticate=false -Dcom.sun.management.jmxremote.ssl=false -Djava.rmi.server.hostname=localhost -Dspring.jmx.enabled=true -Dmanagement.endpoints.jmx.exposure.include=* -Dspring.application.admin.enabled=true -XX:TieredStopAtLevel=1 -Dspring.boot.project.name=backend -Dfile.encoding=UTF-8 -Dstdout.encoding=UTF-8 -Dstderr.encoding=UTF-8 -XX:+ShowCodeDetailsInExceptionMessages com.wastecollect.backend.BackendApplication --spring.output.ansi.enabled=always

Host: Intel(R) Core(TM) i7-3687U CPU @ 2.10GHz, 4 cores, 7G,  Windows 10 , 64 bit Build 19041 (10.0.19041.5794)
Time: Wed May 28 06:07:42 2025 GMT Summer Time elapsed time: 6.820901 seconds (0d 0h 0m 6s)

---------------  T H R E A D  ---------------

Current thread (0x00000194de7dc800):  JavaThread "restartedMain" [_thread_in_vm, id=13280, stack(0x00000053c0500000,0x00000053c0600000)]

Stack: [0x00000053c0500000,0x00000053c0600000]
Native frames: (J=compiled Java code, j=interpreted, Vv=VM code, C=native code)
V  [jvm.dll+0x67d2c9]
V  [jvm.dll+0x834afa]
V  [jvm.dll+0x8365be]
V  [jvm.dll+0x836c23]
V  [jvm.dll+0x2477ff]
V  [jvm.dll+0x8307bb]
V  [jvm.dll+0x621d16]
V  [jvm.dll+0x1c183e]
V  [jvm.dll+0x624671]
V  [jvm.dll+0x6226b6]
V  [jvm.dll+0x23d160]
V  [jvm.dll+0x1ec25b]
V  [jvm.dll+0x1e1c01]
V  [jvm.dll+0x5427ce]
V  [jvm.dll+0x7aeb88]
V  [jvm.dll+0x7aec74]
V  [jvm.dll+0x4108f5]
V  [jvm.dll+0x416a79]
C  [java.dll+0x17ec]

Java frames: (J=compiled Java code, j=interpreted, Vv=VM code)
J 1267  java.lang.ClassLoader.defineClass1(Ljava/lang/ClassLoader;Ljava/lang/String;[BIILjava/security/ProtectionDomain;Ljava/lang/String;)Ljava/lang/Class; java.base@17.0.10 (0 bytes) @ 0x00000194cf1be35b [0x00000194cf1be2a0+0x00000000000000bb]
J 1287 c1 java.lang.ClassLoader.defineClass(Ljava/lang/String;[BIILjava/security/ProtectionDomain;)Ljava/lang/Class; java.base@17.0.10 (43 bytes) @ 0x00000194cf1cc15c [0x00000194cf1cc060+0x00000000000000fc]
J 1297 c1 jdk.internal.loader.BuiltinClassLoader.defineClass(Ljava/lang/String;Ljdk/internal/loader/Resource;)Ljava/lang/Class; java.base@17.0.10 (121 bytes) @ 0x00000194cf1d1644 [0x00000194cf1d11a0+0x00000000000004a4]
J 1293 c1 jdk.internal.loader.BuiltinClassLoader.findClassOnClassPathOrNull(Ljava/lang/String;)Ljava/lang/Class; java.base@17.0.10 (64 bytes) @ 0x00000194cf1cf3c4 [0x00000194cf1cf120+0x00000000000002a4]
J 1001 c1 jdk.internal.loader.BuiltinClassLoader.loadClassOrNull(Ljava/lang/String;Z)Ljava/lang/Class; java.base@17.0.10 (143 bytes) @ 0x00000194cf1559c4 [0x00000194cf155580+0x0000000000000444]
J 1173 c1 jdk.internal.loader.ClassLoaders$AppClassLoader.loadClass(Ljava/lang/String;Z)Ljava/lang/Class; java.base@17.0.10 (40 bytes) @ 0x00000194cf1a1824 [0x00000194cf1a16e0+0x0000000000000144]
J 1168 c1 java.lang.ClassLoader.loadClass(Ljava/lang/String;)Ljava/lang/Class; java.base@17.0.10 (7 bytes) @ 0x00000194cf19efe4 [0x00000194cf19efa0+0x0000000000000044]
v  ~StubRoutines::call_stub
j  org.springframework.asm.ClassWriter.visitMethod(ILjava/lang/String;Ljava/lang/String;Ljava/lang/String;[Ljava/lang/String;)Lorg/springframework/asm/MethodVisitor;+0
j  org.springframework.asm.ClassVisitor.visitMethod(ILjava/lang/String;Ljava/lang/String;Ljava/lang/String;[Ljava/lang/String;)Lorg/springframework/asm/MethodVisitor;+18
j  org.springframework.cglib.core.ClassEmitter.begin_method(ILorg/springframework/cglib/core/Signature;[Lorg/springframework/asm/Type;)Lorg/springframework/cglib/core/CodeEmitter;+42
j  org.springframework.cglib.core.ClassEmitter.visitMethod(ILjava/lang/String;Ljava/lang/String;Ljava/lang/String;[Ljava/lang/String;)Lorg/springframework/asm/MethodVisitor;+16
j  org.springframework.cglib.core.ClassEmitter.begin_method(ILorg/springframework/cglib/core/Signature;[Lorg/springframework/asm/Type;)Lorg/springframework/cglib/core/CodeEmitter;+42
j  org.springframework.cglib.core.ClassEmitter.getStaticHook()Lorg/springframework/cglib/core/CodeEmitter;+57
j  org.springframework.cglib.proxy.Enhancer.emitMethods(Lorg/springframework/cglib/core/ClassEmitter;Ljava/util/List;Ljava/util/List;)V+364
j  org.springframework.cglib.proxy.Enhancer.generateClass(Lorg/springframework/asm/ClassVisitor;)V+389
j  org.springframework.cglib.transform.TransformingClassGenerator.generateClass(Lorg/springframework/asm/ClassVisitor;)V+16
j  org.springframework.cglib.core.DefaultGeneratorStrategy.generate(Lorg/springframework/cglib/core/ClassGenerator;)[B+11
j  org.springframework.cglib.core.ClassLoaderAwareGeneratorStrategy.lambda$new$0(Lorg/springframework/cglib/core/ClassGenerator;)[B+2
j  org.springframework.cglib.core.ClassLoaderAwareGeneratorStrategy$$Lambda$710+0x00000001004dc5d8.generate(Lorg/springframework/cglib/core/ClassGenerator;)[B+5
j  org.springframework.cglib.core.ClassLoaderAwareGeneratorStrategy.generate(Lorg/springframework/cglib/core/ClassGenerator;)[B+79
j  org.springframework.cglib.core.AbstractClassGenerator.generate(Lorg/springframework/cglib/core/AbstractClassGenerator$ClassLoaderData;)Ljava/lang/Class;+164
j  org.springframework.cglib.proxy.Enhancer.generate(Lorg/springframework/cglib/core/AbstractClassGenerator$ClassLoaderData;)Ljava/lang/Class;+53
j  org.springframework.cglib.core.AbstractClassGenerator$ClassLoaderData.get(Lorg/springframework/cglib/core/AbstractClassGenerator;Z)Ljava/lang/Object;+29
j  org.springframework.cglib.core.AbstractClassGenerator.create(Ljava/lang/Object;)Ljava/lang/Object;+115
j  org.springframework.cglib.proxy.Enhancer.createHelper()Ljava/lang/Object;+102
j  org.springframework.cglib.proxy.Enhancer.createClass()Ljava/lang/Class;+6
j  org.springframework.context.annotation.ConfigurationClassEnhancer.createClass(Lorg/springframework/cglib/proxy/Enhancer;Z)Ljava/lang/Class;+1
j  org.springframework.context.annotation.ConfigurationClassEnhancer.enhance(Ljava/lang/Class;Ljava/lang/ClassLoader;)Ljava/lang/Class;+134
j  org.springframework.context.annotation.ConfigurationClassPostProcessor.enhanceConfigurationClasses(Lorg/springframework/beans/factory/config/ConfigurableListableBeanFactory;)V+418
j  org.springframework.context.annotation.ConfigurationClassPostProcessor.postProcessBeanFactory(Lorg/springframework/beans/factory/config/ConfigurableListableBeanFactory;)V+78
j  org.springframework.context.support.PostProcessorRegistrationDelegate.invokeBeanFactoryPostProcessors(Ljava/util/Collection;Lorg/springframework/beans/factory/config/ConfigurableListableBeanFactory;)V+61
j  org.springframework.context.support.PostProcessorRegistrationDelegate.invokeBeanFactoryPostProcessors(Lorg/springframework/beans/factory/config/ConfigurableListableBeanFactory;Ljava/util/List;)V+521
j  org.springframework.context.support.AbstractApplicationContext.invokeBeanFactoryPostProcessors(Lorg/springframework/beans/factory/config/ConfigurableListableBeanFactory;)V+5
j  org.springframework.context.support.AbstractApplicationContext.refresh()V+62
j  org.springframework.boot.web.servlet.context.ServletWebServerApplicationContext.refresh()V+1
j  org.springframework.boot.SpringApplication.refresh(Lorg/springframework/context/ConfigurableApplicationContext;)V+1
j  org.springframework.boot.SpringApplication.refreshContext(Lorg/springframework/context/ConfigurableApplicationContext;)V+19
j  org.springframework.boot.SpringApplication.run([Ljava/lang/String;)Lorg/springframework/context/ConfigurableApplicationContext;+113
j  org.springframework.boot.SpringApplication.run([Ljava/lang/Class;[Ljava/lang/String;)Lorg/springframework/context/ConfigurableApplicationContext;+9
j  org.springframework.boot.SpringApplication.run(Ljava/lang/Class;[Ljava/lang/String;)Lorg/springframework/context/ConfigurableApplicationContext;+9
j  com.wastecollect.backend.BackendApplication.main([Ljava/lang/String;)V+3
v  ~StubRoutines::call_stub
j  jdk.internal.reflect.NativeMethodAccessorImpl.invoke0(Ljava/lang/reflect/Method;Ljava/lang/Object;[Ljava/lang/Object;)Ljava/lang/Object;+0 java.base@17.0.10
j  jdk.internal.reflect.NativeMethodAccessorImpl.invoke(Ljava/lang/Object;[Ljava/lang/Object;)Ljava/lang/Object;+133 java.base@17.0.10
j  jdk.internal.reflect.DelegatingMethodAccessorImpl.invoke(Ljava/lang/Object;[Ljava/lang/Object;)Ljava/lang/Object;+6 java.base@17.0.10
j  java.lang.reflect.Method.invoke(Ljava/lang/Object;[Ljava/lang/Object;)Ljava/lang/Object;+59 java.base@17.0.10
j  org.springframework.boot.devtools.restart.RestartLauncher.run()V+47
v  ~StubRoutines::call_stub

Compiled method (n/a)    7174 1267     n 0       java.lang.ClassLoader::defineClass1 (native)
 total in heap  [0x00000194cf1be110,0x00000194cf1be5e8] = 1240
 relocation     [0x00000194cf1be268,0x00000194cf1be2a0] = 56
 main code      [0x00000194cf1be2a0,0x00000194cf1be5e8] = 840

[Constant Pool (empty)]

[MachCode]
[Entry Point]
  # {method} {0x00000194da0236b8} 'defineClass1' '(Ljava/lang/ClassLoader;Ljava/lang/String;[BIILjava/security/ProtectionDomain;Ljava/lang/String;)Ljava/lang/Class;' in 'java/lang/ClassLoader'
  # parm0:    rdx:rdx   = 'java/lang/ClassLoader'
  # parm1:    r8:r8     = 'java/lang/String'
  # parm2:    r9:r9     = '[B'
  # parm3:    rdi       = int
  # parm4:    rsi       = int
  # parm5:    rcx:rcx   = 'java/security/ProtectionDomain'
  # parm6:    [sp+0xa0]   = 'java/lang/String'  (sp of caller)
  0x00000194cf1be2a0: 448b 5208 | 49c1 e203 | 493b c20f | 8407 0000 

  0x00000194cf1be2b0: ;   {runtime_call ic_miss_stub}
  0x00000194cf1be2b0: 00e9 ca2d | cfff 6690 
[Verified Entry Point]
  0x00000194cf1be2b8: 8984 2400 | 90ff ff55 | 488b ec48 | 81ec 9000 | 0000 4881 | 7d10 0000 | 0000 488d | 4510 480f 
  0x00000194cf1be2d8: 4445 1048 | 8944 2440 | 4889 4c24 | 7048 83f9 | 0048 8d44 | 2470 480f | 4444 2470 | 4889 4424 
  0x00000194cf1be2f8: 3848 8974 | 2430 4889 | 7c24 284c | 894c 2458 | 4983 f900 | 488d 4424 | 5848 0f44 | 4424 5848 
  0x00000194cf1be318: 8944 2420 | 4c89 4424 | 5049 83f8 | 004c 8d4c | 2450 4c0f | 444c 2450 | 4889 5424 | 4848 83fa 
  0x00000194cf1be338: 004c 8d44 | 2448 4c0f | 4444 2448 

  0x00000194cf1be344: ;   {oop(a 'java/lang/Class'{0x000000008200b078} = 'java/lang/ClassLoader')}
  0x00000194cf1be344: 49be 78b0 | 0082 0000 | 0000 4c89 | 7424 784c | 8d74 2478 | 498b d6c5 

  0x00000194cf1be35c: ;   {internal_word}
  0x00000194cf1be35c: f877 49ba | 5be3 1bcf | 9401 0000 | 4d89 97a0 | 0200 0049 | 89a7 9802 

  0x00000194cf1be374: ;   {external_word}
  0x00000194cf1be374: 0000 49ba | 7935 bbfc | fa7f 0000 | 4180 3a00 | 0f84 5200 | 0000 5241 

  0x00000194cf1be38c: ;   {metadata({method} {0x00000194da0236b8} 'defineClass1' '(Ljava/lang/ClassLoader;Ljava/lang/String;[BIILjava/security/ProtectionDomain;Ljava/lang/String;)Ljava/lang/Class;' in 'java/lang/ClassLoader')}
  0x00000194cf1be38c: 5041 5148 | bab0 3602 | da94 0100 | 0049 8bcf | 4883 ec20 | f7c4 0f00 | 0000 0f84 | 1a00 0000 
  0x00000194cf1be3ac: 4883 ec08 

  0x00000194cf1be3b0: ;   {runtime_call}
  0x00000194cf1be3b0: 49ba 0030 | 71fc fa7f | 0000 41ff | d248 83c4 | 08e9 0d00 

  0x00000194cf1be3c4: ;   {runtime_call}
  0x00000194cf1be3c4: 0000 49ba | 0030 71fc | fa7f 0000 | 41ff d248 | 83c4 2041 | 5941 585a | 498d 8fb8 | 0200 0041 
  0x00000194cf1be3e4: c787 4803 | 0000 0400 

  0x00000194cf1be3ec: ;   {runtime_call}
  0x00000194cf1be3ec: 0000 49ba | ac16 4a27 | fb7f 0000 | 41ff d2c5 | f877 41c7 | 8748 0300 | 0005 0000 | 00f0 8344 
  0x00000194cf1be40c: 24c0 0049 | 3baf 5003 | 0000 0f87 | 1100 0000 | 4181 bf38 | 0300 0000 | 0000 000f | 842c 0000 
  0x00000194cf1be42c: 00c5 f877 | 4889 45f8 | 498b cf4c | 8be4 4883 | ec20 4883 

  0x00000194cf1be440: ;   {runtime_call}
  0x00000194cf1be440: e4f0 49ba | 7044 81fc | fa7f 0000 | 41ff d249 | 8be4 4d33 | e448 8b45 | f841 c787 | 4803 0000 
  0x00000194cf1be460: 0800 0000 | 4181 bfb8 | 0300 0002 | 0000 000f | 843f 0100 

  0x00000194cf1be474: ;   {external_word}
  0x00000194cf1be474: 0049 ba79 | 35bb fcfa | 7f00 0041 | 803a 000f | 8450 0000 | 0048 8945 

  0x00000194cf1be48c: ;   {metadata({method} {0x00000194da0236b8} 'defineClass1' '(Ljava/lang/ClassLoader;Ljava/lang/String;[BIILjava/security/ProtectionDomain;Ljava/lang/String;)Ljava/lang/Class;' in 'java/lang/ClassLoader')}
  0x00000194cf1be48c: f848 bab0 | 3602 da94 | 0100 0049 | 8bcf 4883 | ec20 f7c4 | 0f00 0000 | 0f84 1a00 | 0000 4883 
  0x00000194cf1be4ac: ;   {runtime_call}
  0x00000194cf1be4ac: ec08 49ba | 0030 71fc | fa7f 0000 | 41ff d248 | 83c4 08e9 | 0d00 0000 

  0x00000194cf1be4c4: ;   {runtime_call}
  0x00000194cf1be4c4: 49ba 0030 | 71fc fa7f | 0000 41ff | d248 83c4 | 2048 8b45 | f849 c787 | 9802 0000 | 0000 0000 
  0x00000194cf1be4e4: 49c7 87a0 | 0200 0000 | 0000 00c5 | f877 4885 | c00f 8493 | 0000 0048 | f7c0 0100 | 0000 0f84 
  0x00000194cf1be504: 8300 0000 | 488b 40ff | 4180 7f38 | 000f 846f | 0000 0048 | 83f8 000f | 8465 0000 | 0049 8b4f 
  0x00000194cf1be524: 2048 83f9 | 000f 8414 | 0000 0048 | 83e9 0849 | 894f 2049 | 034f 3048 | 8901 e943 | 0000 0050 
  0x00000194cf1be544: 498b d748 | 8bc8 4883 | ec20 f7c4 | 0f00 0000 | 0f84 1a00 | 0000 4883 

  0x00000194cf1be55c: ;   {runtime_call}
  0x00000194cf1be55c: ec08 49ba | 6048 30fc | fa7f 0000 | 41ff d248 | 83c4 08e9 | 0d00 0000 

  0x00000194cf1be574: ;   {runtime_call}
  0x00000194cf1be574: 49ba 6048 | 30fc fa7f | 0000 41ff | d248 83c4 | 2058 e903 | 0000 0048 | 8b00 498b | 8fd8 0000 
  0x00000194cf1be594: 00c7 8100 | 0100 0000 | 0000 00c9 | 4981 7f08 | 0000 0000 | 0f85 0100 

  0x00000194cf1be5ac: ;   {runtime_call StubRoutines (1)}
  0x00000194cf1be5ac: 0000 c3e9 | 4c29 caff | c5f8 7748 | 8945 f84c | 8be4 4883 | ec20 4883 

  0x00000194cf1be5c4: ;   {runtime_call}
  0x00000194cf1be5c4: e4f0 49ba | 8060 71fc | fa7f 0000 | 41ff d249 | 8be4 4d33 | e448 8b45 | f8e9 93fe | ffff f4f4 
  0x00000194cf1be5e4: f4f4 f4f4 
[/MachCode]


Compiled method (c1)    7194 1287       1       java.lang.ClassLoader::defineClass (43 bytes)
 total in heap  [0x00000194cf1cbe90,0x00000194cf1cc430] = 1440
 relocation     [0x00000194cf1cbfe8,0x00000194cf1cc048] = 96
 main code      [0x00000194cf1cc060,0x00000194cf1cc200] = 416
 stub code      [0x00000194cf1cc200,0x00000194cf1cc278] = 120
 metadata       [0x00000194cf1cc278,0x00000194cf1cc2a8] = 48
 scopes data    [0x00000194cf1cc2a8,0x00000194cf1cc360] = 184
 scopes pcs     [0x00000194cf1cc360,0x00000194cf1cc400] = 160
 dependencies   [0x00000194cf1cc400,0x00000194cf1cc408] = 8
 nul chk table  [0x00000194cf1cc408,0x00000194cf1cc430] = 40

[Constant Pool (empty)]

[MachCode]
[Entry Point]
  # {method} {0x00000194da0234b8} 'defineClass' '(Ljava/lang/String;[BIILjava/security/ProtectionDomain;)Ljava/lang/Class;' in 'java/lang/ClassLoader'
  # this:     rdx:rdx   = 'java/lang/ClassLoader'
  # parm0:    r8:r8     = 'java/lang/String'
  # parm1:    r9:r9     = '[B'
  # parm2:    rdi       = int
  # parm3:    rsi       = int
  # parm4:    rcx:rcx   = 'java/security/ProtectionDomain'
  #           [sp+0xc0]  (sp of caller)
  0x00000194cf1cc060: 448b 5208 | 49c1 e203 

  0x00000194cf1cc068: ;   {runtime_call ic_miss_stub}
  0x00000194cf1cc068: 4c3b d00f | 850f 50ce | ff66 6666 | 0f1f 8400 | 0000 0000 | 6666 6690 
[Verified Entry Point]
  0x00000194cf1cc080: 8984 2400 | 90ff ff55 | 4881 ecb0 | 0000 0048 | 8954 2478 | 89b4 2494 | 0000 0089 | bc24 9000 
  0x00000194cf1cc0a0: 0000 4c89 | 8c24 8800 | 0000 498b | d84c 8bc3 | 4c8b c948 | 8bca 488b | d148 899c | 2480 0000 
  0x00000194cf1cc0c0: 0066 0f1f 

  0x00000194cf1cc0c4: ;   {optimized virtual_call}
  0x00000194cf1cc0c4: 4400 00e8 

  0x00000194cf1cc0c8: ; ImmutableOopMap {[120]=Oop [136]=Oop [128]=Oop }
                      ;*invokevirtual preDefineClass {reexecute=0 rethrow=0 return_oop=0}
                      ; - java.lang.ClassLoader::defineClass@4 (line 1015)
  0x00000194cf1cc0c8: 7412 0000 | 4889 8424 | 9800 0000 

  0x00000194cf1cc0d4: ; implicit exception: dispatches to 0x00000194cf1cc19a
  0x00000194cf1cc0d4: 448b 4010 | 4983 f800 | 0f85 0f00 

  0x00000194cf1cc0e0: ;   {oop(NULL)}
  0x00000194cf1cc0e0: 0000 48bb | 0000 0000 | 0000 0000 | e936 0000 | 0045 8b40 | 0c49 83f8 | 000f 850f 

  0x00000194cf1cc0fc: ;   {oop(NULL)}
  0x00000194cf1cc0fc: 0000 0048 | bb00 0000 | 0000 0000 | 00e9 1900 | 0000 418b | 5038 483b 

  0x00000194cf1cc114: ;   {optimized virtual_call}
  0x00000194cf1cc114: 0266 90e8 

  0x00000194cf1cc118: ; ImmutableOopMap {[120]=Oop [136]=Oop [128]=Oop [152]=Oop }
                      ;*invokevirtual toExternalForm {reexecute=0 rethrow=0 return_oop=0}
                      ; - java.net.URL::toExternalForm@5 (line 1039)
                      ; - java.net.URL::toString@1 (line 1025)
                      ; - java.lang.ClassLoader::defineClassSourceLocation@22 (line 917)
                      ; - java.lang.ClassLoader::defineClass@12 (line 1016)
  0x00000194cf1cc118: 843d fdff | 488b d848 | 8b84 2498 | 0000 008b | b424 9400 | 0000 8bbc | 2490 0000 | 004c 8b8c 
  0x00000194cf1cc138: 2488 0000 | 004c 8b84 | 2480 0000 | 0048 8b54 | 2478 4c8b | da49 8bd3 | 488b c848 

  0x00000194cf1cc154: ;   {static_call}
  0x00000194cf1cc154: 891c 24e8 

  0x00000194cf1cc158: ; ImmutableOopMap {[152]=Oop [120]=Oop }
                      ;*invokestatic defineClass1 {reexecute=0 rethrow=0 return_oop=0}
                      ; - java.lang.ClassLoader::defineClass@27 (line 1017)
  0x00000194cf1cc158: 5c21 ffff | 4c8b c04c | 8b8c 2498 | 0000 0048 | 8b54 2478 | 4889 8424 | a000 0000 

  0x00000194cf1cc174: ;   {optimized virtual_call}
  0x00000194cf1cc174: 6666 90e8 

  0x00000194cf1cc178: ; ImmutableOopMap {[160]=Oop }
                      ;*invokevirtual postDefineClass {reexecute=0 rethrow=0 return_oop=0}
                      ; - java.lang.ClassLoader::defineClass@37 (line 1018)
  0x00000194cf1cc178: 8424 0000 | 488b 8424 | a000 0000 | 4881 c4b0 | 0000 005d 

  0x00000194cf1cc18c: ;   {poll_return}
  0x00000194cf1cc18c: 493b a750 | 0300 000f | 8715 0000 

  0x00000194cf1cc198: ;   {runtime_call throw_null_pointer_exception Runtime1 stub}
  0x00000194cf1cc198: 00c3 e881 

  0x00000194cf1cc19c: ; ImmutableOopMap {[120]=Oop [136]=Oop [128]=Oop rax=Oop [152]=Oop }
                      ;*invokevirtual getCodeSource {reexecute=0 rethrow=0 return_oop=0}
                      ; - java.lang.ClassLoader::defineClassSourceLocation@1 (line 914)
                      ; - java.lang.ClassLoader::defineClass@12 (line 1016)
                      ;   {runtime_call throw_null_pointer_exception Runtime1 stub}
  0x00000194cf1cc19c: 6cd8 ffe8 

  0x00000194cf1cc1a0: ; ImmutableOopMap {[120]=Oop [136]=Oop [128]=Oop rax=Oop [152]=Oop }
                      ;*invokevirtual getLocation {reexecute=0 rethrow=0 return_oop=0}
                      ; - java.lang.ClassLoader::defineClassSourceLocation@12 (line 916)
                      ; - java.lang.ClassLoader::defineClass@12 (line 1016)
  0x00000194cf1cc1a0: 7c6c d8ff 

  0x00000194cf1cc1a4: ;   {runtime_call throw_null_pointer_exception Runtime1 stub}
  0x00000194cf1cc1a4: e877 6cd8 

  0x00000194cf1cc1a8: ; ImmutableOopMap {[120]=Oop [136]=Oop [128]=Oop [152]=Oop r8=Oop }
                      ;*invokevirtual toString {reexecute=0 rethrow=0 return_oop=0}
                      ; - java.lang.ClassLoader::defineClassSourceLocation@22 (line 917)
                      ; - java.lang.ClassLoader::defineClass@12 (line 1016)
                      ;   {runtime_call throw_null_pointer_exception Runtime1 stub}
  0x00000194cf1cc1a8: ffe8 726c 

  0x00000194cf1cc1ac: ; ImmutableOopMap {[120]=Oop [136]=Oop [128]=Oop [152]=Oop r8=Oop rdx=Oop }
                      ;*invokevirtual toExternalForm {reexecute=0 rethrow=0 return_oop=0}
                      ; - java.net.URL::toExternalForm@5 (line 1039)
                      ; - java.net.URL::toString@1 (line 1025)
                      ; - java.lang.ClassLoader::defineClassSourceLocation@22 (line 917)
                      ; - java.lang.ClassLoader::defineClass@12 (line 1016)
                      ;   {internal_word}
  0x00000194cf1cc1ac: d8ff 49ba | 8cc1 1ccf | 9401 0000 | 4d89 9768 

  0x00000194cf1cc1bc: ;   {runtime_call SafepointBlob}
  0x00000194cf1cc1bc: 0300 00e9 | 3cb8 ceff | 9090 498b | 87e0 0300 | 0049 c787 | e003 0000 | 0000 0000 | 49c7 87e8 
  0x00000194cf1cc1dc: 0300 0000 | 0000 0048 | 81c4 b000 

  0x00000194cf1cc1e8: ;   {runtime_call unwind_exception Runtime1 stub}
  0x00000194cf1cc1e8: 0000 5de9 | 105d d8ff | f4f4 f4f4 | f4f4 f4f4 | f4f4 f4f4 | f4f4 f4f4 
[Stub Code]
  0x00000194cf1cc200: ;   {no_reloc}
  0x00000194cf1cc200: 0f1f 4400 

  0x00000194cf1cc204: ;   {static_stub}
  0x00000194cf1cc204: 0048 bb00 | 0000 0000 

  0x00000194cf1cc20c: ;   {runtime_call}
  0x00000194cf1cc20c: 0000 00e9 | fbff ffff 

  0x00000194cf1cc214: ;   {static_stub}
  0x00000194cf1cc214: 9048 bb00 | 0000 0000 

  0x00000194cf1cc21c: ;   {runtime_call}
  0x00000194cf1cc21c: 0000 00e9 | fbff ffff 

  0x00000194cf1cc224: ;   {static_stub}
  0x00000194cf1cc224: 9048 bb00 | 0000 0000 

  0x00000194cf1cc22c: ;   {runtime_call}
  0x00000194cf1cc22c: 0000 00e9 | fbff ffff 

  0x00000194cf1cc234: ;   {static_stub}
  0x00000194cf1cc234: 9048 bb00 | 0000 0000 

  0x00000194cf1cc23c: ;   {runtime_call}
  0x00000194cf1cc23c: 0000 00e9 | fbff ffff 
[Exception Handler]
  0x00000194cf1cc244: ;   {runtime_call handle_exception_from_callee Runtime1 stub}
  0x00000194cf1cc244: e8b7 89d8 

  0x00000194cf1cc248: ;   {external_word}
  0x00000194cf1cc248: ff48 b940 | 9a95 fcfa | 7f00 0048 

  0x00000194cf1cc254: ;   {runtime_call}
  0x00000194cf1cc254: 83e4 f049 | ba60 2d5e | fcfa 7f00 | 0041 ffd2 

  0x00000194cf1cc264: ;   {section_word}
  0x00000194cf1cc264: f449 ba65 | c21c cf94 | 0100 0041 

  0x00000194cf1cc270: ;   {runtime_call DeoptimizationBlob}
  0x00000194cf1cc270: 52e9 2aaa | ceff f4f4 
[/MachCode]


Compiled method (c1)    7205 1297       1       jdk.internal.loader.BuiltinClassLoader::defineClass (121 bytes)
 total in heap  [0x00000194cf1d0f10,0x00000194cf1d1d68] = 3672
 relocation     [0x00000194cf1d1068,0x00000194cf1d1198] = 304
 main code      [0x00000194cf1d11a0,0x00000194cf1d17a0] = 1536
 stub code      [0x00000194cf1d17a0,0x00000194cf1d18e8] = 328
 metadata       [0x00000194cf1d18e8,0x00000194cf1d1930] = 72
 scopes data    [0x00000194cf1d1930,0x00000194cf1d1b88] = 600
 scopes pcs     [0x00000194cf1d1b88,0x00000194cf1d1d28] = 416
 dependencies   [0x00000194cf1d1d28,0x00000194cf1d1d30] = 8
 handler table  [0x00000194cf1d1d30,0x00000194cf1d1d48] = 24
 nul chk table  [0x00000194cf1d1d48,0x00000194cf1d1d68] = 32

[Constant Pool (empty)]

[MachCode]
[Entry Point]
  # {method} {0x00000194da0e3e98} 'defineClass' '(Ljava/lang/String;Ljdk/internal/loader/Resource;)Ljava/lang/Class;' in 'jdk/internal/loader/BuiltinClassLoader'
  # this:     rdx:rdx   = 'jdk/internal/loader/BuiltinClassLoader'
  # parm0:    r8:r8     = 'java/lang/String'
  # parm1:    r9:r9     = 'jdk/internal/loader/Resource'
  #           [sp+0x110]  (sp of caller)
  0x00000194cf1d11a0: 448b 5208 | 49c1 e203 

  0x00000194cf1d11a8: ;   {runtime_call ic_miss_stub}
  0x00000194cf1d11a8: 4c3b d00f | 85cf fecd | ff66 6666 | 0f1f 8400 | 0000 0000 | 6666 6690 
[Verified Entry Point]
  0x00000194cf1d11c0: 8984 2400 | 90ff ff55 | 4881 ec00 | 0100 0048 | 8994 24a0 | 0000 004c | 8984 2490 | 0000 004c 
  0x00000194cf1d11e0: 898c 2498 | 0000 0049 | 8bd1 6666 | 9048 b890 | df13 0001 

  0x00000194cf1d11f4: ;   {virtual_call}
  0x00000194cf1d11f4: 0000 00e8 

  0x00000194cf1d11f8: ; ImmutableOopMap {[152]=Oop [160]=Oop [144]=Oop }
                      ;*invokevirtual getCodeSourceURL {reexecute=0 rethrow=0 return_oop=0}
                      ; - jdk.internal.loader.BuiltinClassLoader::defineClass@1 (line 842)
  0x00000194cf1d11f8: 2455 0000 | 4889 8424 | a800 0000 | 4c8b 8424 | 9000 0000 

  0x00000194cf1d120c: ; implicit exception: dispatches to 0x00000194cf1d16a3
  0x00000194cf1d120c: 418b 7014 

  0x00000194cf1d1210: ; implicit exception: dispatches to 0x00000194cf1d16a8
  0x00000194cf1d1210: 8b56 0c45 | 0fbe 4810 | 498b c9c1 | e118 c1f9 | 18d3 fa48 | 8bfa ffcf | 4183 f900 | ba00 0000 
  0x00000194cf1d1230: 000f 8505 | 0000 00ba | 0100 0000 | 83e2 0183 | fa00 488b | d641 b82e | 0000 004c | 8bcf 0f84 
  0x00000194cf1d1250: 0d00 0000 

  0x00000194cf1d1254: ;   {static_call}
  0x00000194cf1d1254: 6666 90e8 

  0x00000194cf1d1258: ; ImmutableOopMap {[152]=Oop [160]=Oop [168]=Oop [144]=Oop }
                      ;*invokestatic lastIndexOf {reexecute=0 rethrow=0 return_oop=0}
                      ; - java.lang.String::lastIndexOf@13 (line 2489)
                      ; - java.lang.String::lastIndexOf@8 (line 2451)
                      ; - jdk.internal.loader.BuiltinClassLoader::defineClass@8 (line 845)
  0x00000194cf1d1258: c4e1 dcff | e90b 0000 | 0066 0f1f 

  0x00000194cf1d1264: ;   {static_call}
  0x00000194cf1d1264: 4400 00e8 

  0x00000194cf1d1268: ; ImmutableOopMap {[152]=Oop [160]=Oop [168]=Oop [144]=Oop }
                      ;*invokestatic lastIndexOf {reexecute=0 rethrow=0 return_oop=0}
                      ; - java.lang.String::lastIndexOf@25 (line 2490)
                      ; - java.lang.String::lastIndexOf@8 (line 2451)
                      ; - jdk.internal.loader.BuiltinClassLoader::defineClass@8 (line 845)
  0x00000194cf1d1268: 1407 ceff | 83f8 ff0f | 8467 0000 | 0041 b800 | 0000 004c | 8bc8 488b | 9424 9000 

  0x00000194cf1d1284: ;   {optimized virtual_call}
  0x00000194cf1d1284: 0000 90e8 

  0x00000194cf1d1288: ; ImmutableOopMap {[152]=Oop [160]=Oop [168]=Oop [144]=Oop }
                      ;*invokevirtual substring {reexecute=0 rethrow=0 return_oop=0}
                      ; - jdk.internal.loader.BuiltinClassLoader::defineClass@23 (line 847)
  0x00000194cf1d1288: f4f9 dbff | 488b 9424 | 9800 0000 | 4889 8424 | b000 0000 | 9048 b890 | df13 0001 

  0x00000194cf1d12a4: ;   {virtual_call}
  0x00000194cf1d12a4: 0000 00e8 

  0x00000194cf1d12a8: ; ImmutableOopMap {[152]=Oop [160]=Oop [168]=Oop [144]=Oop [176]=Oop }
                      ;*invokevirtual getManifest {reexecute=0 rethrow=0 return_oop=0}
                      ; - jdk.internal.loader.BuiltinClassLoader::defineClass@29 (line 848)
  0x00000194cf1d12a8: 545b 0000 | 4c8b 8424 | b000 0000 | 4c8b c848 | 8bbc 24a8 | 0000 0048 | 8b94 24a0 | 0000 0066 
  0x00000194cf1d12c8: 0f1f 4400 | 0048 b8f0 | 1405 0001 

  0x00000194cf1d12d4: ;   {virtual_call}
  0x00000194cf1d12d4: 0000 00e8 

  0x00000194cf1d12d8: ; ImmutableOopMap {[152]=Oop [160]=Oop [168]=Oop [144]=Oop }
                      ;*invokevirtual defineOrCheckPackage {reexecute=0 rethrow=0 return_oop=0}
                      ; - jdk.internal.loader.BuiltinClassLoader::defineClass@40 (line 849)
  0x00000194cf1d12d8: 440c 0000 | 4c8b 8c24 | 9800 0000 | 488d 9424 | e000 0000 | 4c89 4a08 | 498b 0148 | 83c8 0148 
  0x00000194cf1d12f8: 8902 f049 | 0fb1 110f | 8413 0000 | 0048 2bc4 | 4881 e007 | f0ff ff48 | 8902 0f85 | 9503 0000 
  0x00000194cf1d1318: 418b 510c | 4883 fa00 | 0f85 4700 | 0000 498b | d10f 1f40 | 0048 b890 | df13 0001 

  0x00000194cf1d1334: ;   {virtual_call}
  0x00000194cf1d1334: 0000 00e8 

  0x00000194cf1d1338: ; ImmutableOopMap {[160]=Oop [168]=Oop [144]=Oop [152]=Oop [232]=Oop }
                      ;*invokevirtual getInputStream {reexecute=0 rethrow=0 return_oop=0}
                      ; - jdk.internal.loader.Resource::cachedInputStream@9 (line 77)
                      ; - jdk.internal.loader.Resource::getByteBuffer@1 (line 163)
                      ; - jdk.internal.loader.BuiltinClassLoader::defineClass@45 (line 853)
  0x00000194cf1d1338: 6493 0000 | 410f be57 | 3883 fa00 | 4c8b 8c24 | 9800 0000 | 0f85 6e03 | 0000 4c8b | d045 8951 
  0x00000194cf1d1358: 0c49 8bd1 | 4833 d048 | c1ea 1448 | 83fa 000f | 856f 0300 | 0041 8b51 | 0c48 8d84 | 24e0 0000 
  0x00000194cf1d1378: 0048 8b30 | 4885 f60f | 840f 0000 | 0048 8b78 | 08f0 480f | b137 0f85 | 6003 0000 | 4883 fa00 
  0x00000194cf1d1398: 0f84 3b00 

  0x00000194cf1d139c: ;   {metadata('sun/nio/ByteBuffered')}
  0x00000194cf1d139c: 0000 48b8 | 98dd 1300 | 0100 0000 | 8b5a 0848 | c1e3 0348 | 3b43 200f | 8425 0000 | 0048 3bd8 
  0x00000194cf1d13bc: 0f84 1c00 | 0000 5350 

  0x00000194cf1d13c4: ;   {runtime_call slow_subtype_check Runtime1 stub}
  0x00000194cf1d13c4: e837 44d8 | ff5b 5b83 | fb00 0f84 | 0500 0000 | e905 0000 | 0048 33f6 | eb0a 48be | 0100 0000 
  0x00000194cf1d13e4: 0000 0000 | 83fe 000f | 8460 0000 | 0048 83fa | 000f 843b 

  0x00000194cf1d13f8: ;   {metadata('sun/nio/ByteBuffered')}
  0x00000194cf1d13f8: 0000 0048 | bb98 dd13 | 0001 0000 | 008b 7a08 | 48c1 e703 | 483b 5f20 | 0f84 2000 | 0000 483b 
  0x00000194cf1d1418: fb0f 8417 | 0000 0057 

  0x00000194cf1d1420: ;   {runtime_call slow_subtype_check Runtime1 stub}
  0x00000194cf1d1420: 53e8 da43 | d8ff 5f5f | 83ff 000f | 84d9 0200 | 00e9 0000 | 0000 0f1f | 8000 0000 | 0048 b8ff 
  0x00000194cf1d1440: ffff ffff 

  0x00000194cf1d1444: ;   {virtual_call}
  0x00000194cf1d1444: ffff ffe8 

  0x00000194cf1d1448: ; ImmutableOopMap {[160]=Oop [168]=Oop [144]=Oop [152]=Oop }
                      ;*invokeinterface getByteBuffer {reexecute=0 rethrow=0 return_oop=0}
                      ; - jdk.internal.loader.Resource::getByteBuffer@16 (line 165)
                      ; - jdk.internal.loader.BuiltinClassLoader::defineClass@45 (line 853)
  0x00000194cf1d1448: 3402 ceff | e90a 0000 

  0x00000194cf1d1450: ;   {oop(NULL)}
  0x00000194cf1d1450: 0048 b800 | 0000 0000 | 0000 0048 | 83f8 000f | 84dd 0000 | 0048 8984 | 24b8 0000 | 0048 8b94 
  0x00000194cf1d1470: 2498 0000 | 0048 b8ff | ffff ffff 

  0x00000194cf1d147c: ;   {virtual_call}
  0x00000194cf1d147c: ffff ffe8 

  0x00000194cf1d1480: ; ImmutableOopMap {[160]=Oop [168]=Oop [144]=Oop [184]=Oop }
                      ;*invokevirtual getCodeSigners {reexecute=0 rethrow=0 return_oop=0}
                      ; - jdk.internal.loader.BuiltinClassLoader::defineClass@56 (line 855)
  0x00000194cf1d1480: fc01 ceff 

  0x00000194cf1d1484: ;   {metadata('java/security/CodeSource')}
  0x00000194cf1d1484: 4c8b c848 | ba68 1b05 | 0001 0000 | 0049 8b87 | 0801 0000 | 488d 7828 | 493b bf18 | 0100 000f 
  0x00000194cf1d14a4: 876a 0200 | 0049 89bf | 0801 0000 | 48c7 0001 | 0000 0048 | 8bca 48c1 | e903 8948 | 0848 33c9 
  0x00000194cf1d14c4: 8948 0c48 | 33c9 4889 | 4810 4889 | 4818 4889 | 4820 4c8b | 8424 a800 | 0000 488b | d048 8984 
  0x00000194cf1d14e4: 24c0 0000 | 0066 0f1f 

  0x00000194cf1d14ec: ;   {optimized virtual_call}
  0x00000194cf1d14ec: 4400 00e8 

  0x00000194cf1d14f0: ; ImmutableOopMap {[160]=Oop [144]=Oop [184]=Oop [192]=Oop }
                      ;*invokespecial <init> {reexecute=0 rethrow=0 return_oop=0}
                      ; - jdk.internal.loader.BuiltinClassLoader::defineClass@68 (line 856)
  0x00000194cf1d14f0: 8cfe cdff | 4c8b 8424 | c000 0000 | 488b 9424 | a000 0000 

  0x00000194cf1d1504: ;   {optimized virtual_call}
  0x00000194cf1d1504: 6666 90e8 

  0x00000194cf1d1508: ; ImmutableOopMap {[160]=Oop [144]=Oop [184]=Oop }
                      ;*invokevirtual getProtectionDomain {reexecute=0 rethrow=0 return_oop=0}
                      ; - java.security.SecureClassLoader::defineClass@5 (line 182)
                      ; - jdk.internal.loader.BuiltinClassLoader::defineClass@79 (line 857)
  0x00000194cf1d1508: 74fe cdff | 4c8b 8424 | 9000 0000 | 4c8b 8c24 | b800 0000 | 488b f848 | 8b94 24a0 

  0x00000194cf1d1524: ;   {optimized virtual_call}
  0x00000194cf1d1524: 0000 00e8 

  0x00000194cf1d1528: ; ImmutableOopMap {}
                      ;*invokevirtual defineClass {reexecute=0 rethrow=0 return_oop=0}
                      ; - java.security.SecureClassLoader::defineClass@8 (line 182)
                      ; - jdk.internal.loader.BuiltinClassLoader::defineClass@79 (line 857)
  0x00000194cf1d1528: 54fe cdff | 4881 c400 | 0100 005d 

  0x00000194cf1d1534: ;   {poll_return}
  0x00000194cf1d1534: 493b a750 | 0300 000f | 87df 0100 | 00c3 4c8b | 8c24 9800 | 0000 498b | d148 b890 | df13 0001 
  0x00000194cf1d1554: ;   {virtual_call}
  0x00000194cf1d1554: 0000 00e8 

  0x00000194cf1d1558: ; ImmutableOopMap {[160]=Oop [144]=Oop [152]=Oop [168]=Oop }
                      ;*invokevirtual getBytes {reexecute=0 rethrow=0 return_oop=0}
                      ; - jdk.internal.loader.BuiltinClassLoader::defineClass@84 (line 859)
  0x00000194cf1d1558: 0498 0000 | 4889 8424 | c800 0000 | 488b 9424 | 9800 0000 | 9048 b890 | df13 0001 

  0x00000194cf1d1574: ;   {virtual_call}
  0x00000194cf1d1574: 0000 00e8 

  0x00000194cf1d1578: ; ImmutableOopMap {[160]=Oop [144]=Oop [168]=Oop [200]=Oop }
                      ;*invokevirtual getCodeSigners {reexecute=0 rethrow=0 return_oop=0}
                      ; - jdk.internal.loader.BuiltinClassLoader::defineClass@90 (line 860)
  0x00000194cf1d1578: a49d 0000 

  0x00000194cf1d157c: ;   {metadata('java/security/CodeSource')}
  0x00000194cf1d157c: 4c8b c848 | ba68 1b05 | 0001 0000 | 0049 8b87 | 0801 0000 | 488d 7828 | 493b bf18 | 0100 000f 
  0x00000194cf1d159c: 8795 0100 | 0049 89bf | 0801 0000 | 48c7 0001 | 0000 0048 | 8bca 48c1 | e903 8948 | 0848 33c9 
  0x00000194cf1d15bc: 8948 0c48 | 33c9 4889 | 4810 4889 | 4818 4889 | 4820 4c8b | 8424 a800 | 0000 488b | d048 8984 
  0x00000194cf1d15dc: 24d0 0000 | 0066 0f1f 

  0x00000194cf1d15e4: ;   {optimized virtual_call}
  0x00000194cf1d15e4: 4400 00e8 

  0x00000194cf1d15e8: ; ImmutableOopMap {[160]=Oop [144]=Oop [200]=Oop [208]=Oop }
                      ;*invokespecial <init> {reexecute=0 rethrow=0 return_oop=0}
                      ; - jdk.internal.loader.BuiltinClassLoader::defineClass@102 (line 861)
  0x00000194cf1d15e8: 1494 ffff | 488b 8424 | c800 0000 

  0x00000194cf1d15f4: ; implicit exception: dispatches to 0x00000194cf1d1743
  0x00000194cf1d15f4: 8b70 0c4c | 8b84 24d0 | 0000 0048 | 8b94 24a0 | 0000 0089 | b424 d800 

  0x00000194cf1d160c: ;   {optimized virtual_call}
  0x00000194cf1d160c: 0000 90e8 

  0x00000194cf1d1610: ; ImmutableOopMap {[160]=Oop [144]=Oop [200]=Oop }
                      ;*invokevirtual getProtectionDomain {reexecute=0 rethrow=0 return_oop=0}
                      ; - java.security.SecureClassLoader::defineClass@9 (line 150)
                      ; - jdk.internal.loader.BuiltinClassLoader::defineClass@117 (line 862)
  0x00000194cf1d1610: cc99 ffff | 4c8b 8424 | 9000 0000 | 4c8b 8c24 | c800 0000 | bf00 0000 | 008b b424 | d800 0000 
  0x00000194cf1d1630: 488b c848 | 8b94 24a0 | 0000 000f 

  0x00000194cf1d163c: ;   {optimized virtual_call}
  0x00000194cf1d163c: 1f40 00e8 

  0x00000194cf1d1640: ; ImmutableOopMap {}
                      ;*invokevirtual defineClass {reexecute=0 rethrow=0 return_oop=0}
                      ; - java.security.SecureClassLoader::defineClass@12 (line 150)
                      ; - jdk.internal.loader.BuiltinClassLoader::defineClass@117 (line 862)
  0x00000194cf1d1640: 3caa ffff | 4881 c400 | 0100 005d 

  0x00000194cf1d164c: ;   {poll_return}
  0x00000194cf1d164c: 493b a750 | 0300 000f | 87ef 0000 | 00c3 498b | 87e0 0300 | 004d 33d2 | 4d89 97e0 | 0300 004d 
  0x00000194cf1d166c: 33d2 4d89 | 97e8 0300 | 0048 8bf0 | 488d 8424 | e000 0000 | 488b 3848 | 85ff 0f84 | 0f00 0000 
  0x00000194cf1d168c: 488b 5808 | f048 0fb1 | 3b0f 85c3 | 0000 0048 | 8bc6 e9f0 

  0x00000194cf1d16a0: ;   {runtime_call throw_null_pointer_exception Runtime1 stub}
  0x00000194cf1d16a0: 0000 00e8 

  0x00000194cf1d16a4: ; ImmutableOopMap {[152]=Oop [160]=Oop rax=Oop [168]=Oop r8=Oop [144]=Oop }
                      ;*invokevirtual lastIndexOf {reexecute=0 rethrow=0 return_oop=0}
                      ; - jdk.internal.loader.BuiltinClassLoader::defineClass@8 (line 845)
  0x00000194cf1d16a4: 7817 d8ff 

  0x00000194cf1d16a8: ;   {runtime_call throw_null_pointer_exception Runtime1 stub}
  0x00000194cf1d16a8: e873 17d8 

  0x00000194cf1d16ac: ; ImmutableOopMap {[152]=Oop [160]=Oop rax=Oop [168]=Oop r8=Oop [144]=Oop rsi=Oop }
                      ;*arraylength {reexecute=0 rethrow=0 return_oop=0}
                      ; - java.lang.String::length@4 (line 1481)
                      ; - java.lang.String::lastIndexOf@3 (line 2451)
                      ; - jdk.internal.loader.BuiltinClassLoader::defineClass@8 (line 845)
  0x00000194cf1d16ac: ff4c 894c | 2408 4889 

  0x00000194cf1d16b4: ;   {runtime_call monitorenter_nofpu Runtime1 stub}
  0x00000194cf1d16b4: 1424 e845 

  0x00000194cf1d16b8: ; ImmutableOopMap {[160]=Oop [168]=Oop [144]=Oop r9=Oop [152]=Oop [232]=Oop }
                      ;*synchronization entry
                      ; - jdk.internal.loader.Resource::cachedInputStream@-1 (line 76)
                      ; - jdk.internal.loader.Resource::getByteBuffer@1 (line 163)
                      ; - jdk.internal.loader.BuiltinClassLoader::defineClass@45 (line 853)
  0x00000194cf1d16b8: 47d8 ffe9 | 58fc ffff | 418b 510c | 4883 fa00 | 0f84 84fc | ffff 4889 

  0x00000194cf1d16d0: ;   {runtime_call g1_pre_barrier_slow}
  0x00000194cf1d16d0: 1424 e829 | 6ed8 ffe9 | 76fc ffff | 4883 f800 | 0f84 87fc | ffff 4c89 

  0x00000194cf1d16e8: ;   {runtime_call g1_post_barrier_slow}
  0x00000194cf1d16e8: 0c24 e811 | 71d8 ffe9 | 79fc ffff | 488d 8424 | e000 0000 | 4889 0424 

  0x00000194cf1d1700: ;   {runtime_call monitorexit_nofpu Runtime1 stub}
  0x00000194cf1d1700: e8fb 4cd8 | ffe9 8afc | ffff 4889 

  0x00000194cf1d170c: ;   {runtime_call throw_class_cast_exception Runtime1 stub}
  0x00000194cf1d170c: 1424 e80d 

  0x00000194cf1d1710: ; ImmutableOopMap {[160]=Oop [168]=Oop [144]=Oop [152]=Oop }
                      ;*checkcast {reexecute=0 rethrow=0 return_oop=0}
                      ; - jdk.internal.loader.Resource::getByteBuffer@13 (line 165)
                      ; - jdk.internal.loader.BuiltinClassLoader::defineClass@45 (line 853)
  0x00000194cf1d1710: 3bd8 ff48 

  0x00000194cf1d1714: ;   {runtime_call fast_new_instance Runtime1 stub}
  0x00000194cf1d1714: 8bd2 e8e5 

  0x00000194cf1d1718: ; ImmutableOopMap {[160]=Oop [168]=Oop [144]=Oop [184]=Oop r9=Oop }
                      ;*new {reexecute=0 rethrow=0 return_oop=0}
                      ; - jdk.internal.loader.BuiltinClassLoader::defineClass@61 (line 856)
  0x00000194cf1d1718: 1fd8 ffe9 | b6fd ffff 

  0x00000194cf1d1720: ;   {internal_word}
  0x00000194cf1d1720: 49ba 3415 | 1dcf 9401 | 0000 4d89 | 9768 0300 

  0x00000194cf1d1730: ;   {runtime_call SafepointBlob}
  0x00000194cf1d1730: 00e9 ca62 | ceff 488b 

  0x00000194cf1d1738: ;   {runtime_call fast_new_instance Runtime1 stub}
  0x00000194cf1d1738: d2e8 c21f 

  0x00000194cf1d173c: ; ImmutableOopMap {[160]=Oop [144]=Oop [168]=Oop [200]=Oop r9=Oop }
                      ;*new {reexecute=0 rethrow=0 return_oop=0}
                      ; - jdk.internal.loader.BuiltinClassLoader::defineClass@95 (line 861)
  0x00000194cf1d173c: d8ff e98b 

  0x00000194cf1d1740: ;   {runtime_call throw_null_pointer_exception Runtime1 stub}
  0x00000194cf1d1740: feff ffe8 

  0x00000194cf1d1744: ; ImmutableOopMap {[160]=Oop [144]=Oop [208]=Oop rax=Oop [200]=Oop }
                      ;*arraylength {reexecute=0 rethrow=0 return_oop=0}
                      ; - jdk.internal.loader.BuiltinClassLoader::defineClass@114 (line 862)
  0x00000194cf1d1744: d816 d8ff 

  0x00000194cf1d1748: ;   {internal_word}
  0x00000194cf1d1748: 49ba 4c16 | 1dcf 9401 | 0000 4d89 | 9768 0300 

  0x00000194cf1d1758: ;   {runtime_call SafepointBlob}
  0x00000194cf1d1758: 00e9 a262 | ceff 488d | 8424 e000 | 0000 4889 

  0x00000194cf1d1768: ;   {runtime_call monitorexit_nofpu Runtime1 stub}
  0x00000194cf1d1768: 0424 e891 | 4cd8 ffe9 | 27ff ffff | 9090 498b | 87e0 0300 | 0049 c787 | e003 0000 | 0000 0000 
  0x00000194cf1d1788: 49c7 87e8 | 0300 0000 | 0000 0048 | 81c4 0001 

  0x00000194cf1d1798: ;   {runtime_call unwind_exception Runtime1 stub}
  0x00000194cf1d1798: 0000 5de9 | 6007 d8ff 
[Stub Code]
  0x00000194cf1d17a0: ;   {no_reloc}
  0x00000194cf1d17a0: 0f1f 4400 

  0x00000194cf1d17a4: ;   {static_stub}
  0x00000194cf1d17a4: 0048 bb00 | 0000 0000 

  0x00000194cf1d17ac: ;   {runtime_call}
  0x00000194cf1d17ac: 0000 00e9 | fbff ffff 

  0x00000194cf1d17b4: ;   {static_stub}
  0x00000194cf1d17b4: 9048 bb00 | 0000 0000 

  0x00000194cf1d17bc: ;   {runtime_call}
  0x00000194cf1d17bc: 0000 00e9 | fbff ffff 

  0x00000194cf1d17c4: ;   {static_stub}
  0x00000194cf1d17c4: 9048 bb00 | 0000 0000 

  0x00000194cf1d17cc: ;   {runtime_call}
  0x00000194cf1d17cc: 0000 00e9 | fbff ffff 

  0x00000194cf1d17d4: ;   {static_stub}
  0x00000194cf1d17d4: 9048 bb00 | 0000 0000 

  0x00000194cf1d17dc: ;   {runtime_call}
  0x00000194cf1d17dc: 0000 00e9 | fbff ffff 

  0x00000194cf1d17e4: ;   {static_stub}
  0x00000194cf1d17e4: 9048 bb00 | 0000 0000 

  0x00000194cf1d17ec: ;   {runtime_call}
  0x00000194cf1d17ec: 0000 00e9 | fbff ffff 

  0x00000194cf1d17f4: ;   {static_stub}
  0x00000194cf1d17f4: 9048 bb00 | 0000 0000 

  0x00000194cf1d17fc: ;   {runtime_call}
  0x00000194cf1d17fc: 0000 00e9 | fbff ffff 

  0x00000194cf1d1804: ;   {static_stub}
  0x00000194cf1d1804: 9048 bb00 | 0000 0000 

  0x00000194cf1d180c: ;   {runtime_call}
  0x00000194cf1d180c: 0000 00e9 | fbff ffff 

  0x00000194cf1d1814: ;   {static_stub}
  0x00000194cf1d1814: 9048 bb00 | 0000 0000 

  0x00000194cf1d181c: ;   {runtime_call}
  0x00000194cf1d181c: 0000 00e9 | fbff ffff 

  0x00000194cf1d1824: ;   {static_stub}
  0x00000194cf1d1824: 9048 bb00 | 0000 0000 

  0x00000194cf1d182c: ;   {runtime_call}
  0x00000194cf1d182c: 0000 00e9 | fbff ffff 

  0x00000194cf1d1834: ;   {static_stub}
  0x00000194cf1d1834: 9048 bb00 | 0000 0000 

  0x00000194cf1d183c: ;   {runtime_call}
  0x00000194cf1d183c: 0000 00e9 | fbff ffff 

  0x00000194cf1d1844: ;   {static_stub}
  0x00000194cf1d1844: 9048 bb00 | 0000 0000 

  0x00000194cf1d184c: ;   {runtime_call}
  0x00000194cf1d184c: 0000 00e9 | fbff ffff 

  0x00000194cf1d1854: ;   {static_stub}
  0x00000194cf1d1854: 9048 bb00 | 0000 0000 

  0x00000194cf1d185c: ;   {runtime_call}
  0x00000194cf1d185c: 0000 00e9 | fbff ffff 

  0x00000194cf1d1864: ;   {static_stub}
  0x00000194cf1d1864: 9048 bb00 | 0000 0000 

  0x00000194cf1d186c: ;   {runtime_call}
  0x00000194cf1d186c: 0000 00e9 | fbff ffff 

  0x00000194cf1d1874: ;   {static_stub}
  0x00000194cf1d1874: 9048 bb00 | 0000 0000 

  0x00000194cf1d187c: ;   {runtime_call}
  0x00000194cf1d187c: 0000 00e9 | fbff ffff 

  0x00000194cf1d1884: ;   {static_stub}
  0x00000194cf1d1884: 9048 bb00 | 0000 0000 

  0x00000194cf1d188c: ;   {runtime_call}
  0x00000194cf1d188c: 0000 00e9 | fbff ffff 

  0x00000194cf1d1894: ;   {static_stub}
  0x00000194cf1d1894: 9048 bb00 | 0000 0000 

  0x00000194cf1d189c: ;   {runtime_call}
  0x00000194cf1d189c: 0000 00e9 | fbff ffff 

  0x00000194cf1d18a4: ;   {static_stub}
  0x00000194cf1d18a4: 9048 bb00 | 0000 0000 

  0x00000194cf1d18ac: ;   {runtime_call}
  0x00000194cf1d18ac: 0000 00e9 | fbff ffff 
[Exception Handler]
  0x00000194cf1d18b4: ;   {runtime_call handle_exception_from_callee Runtime1 stub}
  0x00000194cf1d18b4: e847 33d8 

  0x00000194cf1d18b8: ;   {external_word}
  0x00000194cf1d18b8: ff48 b940 | 9a95 fcfa | 7f00 0048 

  0x00000194cf1d18c4: ;   {runtime_call}
  0x00000194cf1d18c4: 83e4 f049 | ba60 2d5e | fcfa 7f00 | 0041 ffd2 

  0x00000194cf1d18d4: ;   {section_word}
  0x00000194cf1d18d4: f449 bad5 | 181d cf94 | 0100 0041 

  0x00000194cf1d18e0: ;   {runtime_call DeoptimizationBlob}
  0x00000194cf1d18e0: 52e9 ba53 | ceff f4f4 
[/MachCode]


---------------  P R O C E S S  ---------------

Threads class SMR info:
_java_thread_list=0x00000194df0bfb30, length=22, elements={
0x00000194c9e5e7a0, 0x00000194d9494510, 0x00000194d9495520, 0x00000194d94bc6b0,
0x00000194d94bf490, 0x00000194d94bfd60, 0x00000194d94c2640, 0x00000194d94c2f10,
0x00000194d94fd750, 0x00000194d95a7020, 0x00000194d967a5c0, 0x00000194d96a9b00,
0x00000194de41f210, 0x00000194de424130, 0x00000194de4b7730, 0x00000194de56b040,
0x00000194de75a010, 0x00000194de75b6d0, 0x00000194de7dd730, 0x00000194de7dc2f0,
0x00000194de7dc800, 0x00000194de993d30
}

Java Threads: ( => current thread )
  0x00000194c9e5e7a0 JavaThread "main" [_thread_blocked, id=16964, stack(0x00000053be700000,0x00000053be800000)]
  0x00000194d9494510 JavaThread "Reference Handler" daemon [_thread_blocked, id=12488, stack(0x00000053bee00000,0x00000053bef00000)]
  0x00000194d9495520 JavaThread "Finalizer" daemon [_thread_blocked, id=2992, stack(0x00000053bef00000,0x00000053bf000000)]
  0x00000194d94bc6b0 JavaThread "Signal Dispatcher" daemon [_thread_blocked, id=12028, stack(0x00000053bf000000,0x00000053bf100000)]
  0x00000194d94bf490 JavaThread "Attach Listener" daemon [_thread_blocked, id=9636, stack(0x00000053bf100000,0x00000053bf200000)]
  0x00000194d94bfd60 JavaThread "Service Thread" daemon [_thread_blocked, id=6792, stack(0x00000053bf200000,0x00000053bf300000)]
  0x00000194d94c2640 JavaThread "Monitor Deflation Thread" daemon [_thread_blocked, id=13972, stack(0x00000053bf300000,0x00000053bf400000)]
  0x00000194d94c2f10 JavaThread "C1 CompilerThread0" daemon [_thread_blocked, id=1596, stack(0x00000053bf400000,0x00000053bf500000)]
  0x00000194d94fd750 JavaThread "Sweeper thread" daemon [_thread_blocked, id=15456, stack(0x00000053bf500000,0x00000053bf600000)]
  0x00000194d95a7020 JavaThread "Common-Cleaner" daemon [_thread_blocked, id=6684, stack(0x00000053bf600000,0x00000053bf700000)]
  0x00000194d967a5c0 JavaThread "Notification Thread" daemon [_thread_blocked, id=14328, stack(0x00000053bf700000,0x00000053bf800000)]
  0x00000194d96a9b00 JavaThread "C1 CompilerThread1" daemon [_thread_blocked, id=14540, stack(0x00000053bf800000,0x00000053bf900000)]
  0x00000194de41f210 JavaThread "RMI TCP Accept-0" daemon [_thread_in_native, id=9900, stack(0x00000053bf900000,0x00000053bfa00000)]
  0x00000194de424130 JavaThread "RMI TCP Accept-60782" daemon [_thread_in_native, id=2740, stack(0x00000053bfa00000,0x00000053bfb00000)]
  0x00000194de4b7730 JavaThread "RMI TCP Accept-0" daemon [_thread_in_native, id=17392, stack(0x00000053bfb00000,0x00000053bfc00000)]
  0x00000194de56b040 JavaThread "RMI TCP Connection(1)-127.0.0.1" daemon [_thread_in_native, id=3176, stack(0x00000053c0000000,0x00000053c0100000)]
  0x00000194de75a010 JavaThread "RMI Scheduler(0)" daemon [_thread_blocked, id=2028, stack(0x00000053c0100000,0x00000053c0200000)]
  0x00000194de75b6d0 JavaThread "RMI TCP Connection(2)-127.0.0.1" daemon [_thread_in_native, id=6036, stack(0x00000053c0200000,0x00000053c0300000)]
  0x00000194de7dd730 JavaThread "JMX server connection timeout 21" daemon [_thread_blocked, id=14428, stack(0x00000053c0300000,0x00000053c0400000)]
  0x00000194de7dc2f0 JavaThread "Thread-0" [_thread_blocked, id=3120, stack(0x00000053c0400000,0x00000053c0500000)]
=>0x00000194de7dc800 JavaThread "restartedMain" [_thread_in_vm, id=13280, stack(0x00000053c0500000,0x00000053c0600000)]
  0x00000194de993d30 JavaThread "C1 CompilerThread2" daemon [_thread_blocked, id=7676, stack(0x00000053c0600000,0x00000053c0700000)]

Other Threads:
  0x00000194d9459bd0 VMThread "VM Thread" [stack: 0x00000053bed00000,0x00000053bee00000] [id=244]
  0x00000194c9f80100 WatcherThread [stack: 0x00000053bfc00000,0x00000053bfd00000] [id=9460]
  0x00000194c9fda360 GCTaskThread "GC Thread#0" [stack: 0x00000053be800000,0x00000053be900000] [id=808]
  0x00000194c9f803a0 GCTaskThread "GC Thread#1" [stack: 0x00000053bfd00000,0x00000053bfe00000] [id=11332]
  0x00000194de513c30 GCTaskThread "GC Thread#2" [stack: 0x00000053bfe00000,0x00000053bff00000] [id=17176]
  0x00000194de51c610 GCTaskThread "GC Thread#3" [stack: 0x00000053bff00000,0x00000053c0000000] [id=9652]
  0x00000194c9feae80 ConcurrentGCThread "G1 Main Marker" [stack: 0x00000053be900000,0x00000053bea00000] [id=5124]
  0x00000194c9fed0a0 ConcurrentGCThread "G1 Conc#0" [stack: 0x00000053bea00000,0x00000053beb00000] [id=12944]
  0x00000194ca02d000 ConcurrentGCThread "G1 Refine#0" [stack: 0x00000053beb00000,0x00000053bec00000] [id=17056]
  0x00000194ca02e220 ConcurrentGCThread "G1 Service" [stack: 0x00000053bec00000,0x00000053bed00000] [id=14168]

Threads with active compile tasks:

VM state: not at safepoint (normal execution)

VM Mutex/Monitor currently owned by a thread:  ([mutex/lock_event])
[0x00000194c9f7e6b0] Metaspace_lock - owner thread: 0x00000194de7dc800

Heap address: 0x0000000081a00000, size: 2022 MB, Compressed Oops mode: 32-bit

CDS archive(s) not mapped
Compressed class space mapped at: 0x0000000100000000-0x0000000140000000, reserved size: 1073741824
Narrow klass base: 0x0000000000000000, Narrow klass shift: 3, Narrow klass range: 0x140000000

GC Precious Log:
 CPUs: 4 total, 4 available
 Memory: 8081M
 Large Page Support: Disabled
 NUMA Support: Disabled
 Compressed Oops: Enabled (32-bit)
 Heap Region Size: 1M
 Heap Min Capacity: 8M
 Heap Initial Capacity: 128M
 Heap Max Capacity: 2022M
 Pre-touch: Disabled
 Parallel Workers: 4
 Concurrent Workers: 1
 Concurrent Refinement Workers: 4
 Periodic GC: Disabled

Heap:
 garbage-first heap   total 58368K, used 42603K [0x0000000081a00000, 0x0000000100000000)
  region size 1024K, 26 young (26624K), 3 survivors (3072K)
 Metaspace       used 37806K, committed 38208K, reserved 1114112K
  class space    used 4862K, committed 5056K, reserved 1048576K

Heap Regions: E=young(eden), S=young(survivor), O=old, HS=humongous(starts), HC=humongous(continues), CS=collection set, F=free, OA=open archive, CA=closed archive, TAMS=top-at-mark-start (previous, next)
|   0|0x0000000081a00000, 0x0000000081b00000, 0x0000000081b00000|100%|HS|  |TAMS 0x0000000081b00000, 0x0000000081a00000| Complete 
|   1|0x0000000081b00000, 0x0000000081c00000, 0x0000000081c00000|100%|HS|  |TAMS 0x0000000081c00000, 0x0000000081b00000| Complete 
|   2|0x0000000081c00000, 0x0000000081d00000, 0x0000000081d00000|100%| O|  |TAMS 0x0000000081d00000, 0x0000000081c00000| Untracked 
|   3|0x0000000081d00000, 0x0000000081e00000, 0x0000000081e00000|100%| O|  |TAMS 0x0000000081e00000, 0x0000000081d00000| Untracked 
|   4|0x0000000081e00000, 0x0000000081f00000, 0x0000000081f00000|100%| O|  |TAMS 0x0000000081f00000, 0x0000000081e00000| Untracked 
|   5|0x0000000081f00000, 0x0000000082000000, 0x0000000082000000|100%| O|  |TAMS 0x0000000082000000, 0x0000000081f00000| Untracked 
|   6|0x0000000082000000, 0x0000000082100000, 0x0000000082100000|100%| O|  |TAMS 0x0000000082100000, 0x0000000082000000| Untracked 
|   7|0x0000000082100000, 0x0000000082200000, 0x0000000082200000|100%| O|  |TAMS 0x0000000082200000, 0x0000000082100000| Untracked 
|   8|0x0000000082200000, 0x0000000082246e00, 0x0000000082300000| 27%| O|  |TAMS 0x0000000082246e00, 0x0000000082200000| Untracked 
|   9|0x0000000082300000, 0x0000000082400000, 0x0000000082400000|100%| O|  |TAMS 0x0000000082400000, 0x0000000082300000| Untracked 
|  10|0x0000000082400000, 0x0000000082500000, 0x0000000082500000|100%| O|  |TAMS 0x0000000082500000, 0x0000000082400000| Untracked 
|  11|0x0000000082500000, 0x0000000082600000, 0x0000000082600000|100%| O|  |TAMS 0x0000000082600000, 0x0000000082500000| Untracked 
|  12|0x0000000082600000, 0x0000000082700000, 0x0000000082700000|100%| O|  |TAMS 0x0000000082700000, 0x0000000082600000| Untracked 
|  13|0x0000000082700000, 0x0000000082800000, 0x0000000082800000|100%| O|  |TAMS 0x0000000082800000, 0x0000000082700000| Untracked 
|  14|0x0000000082800000, 0x0000000082900000, 0x0000000082900000|100%| O|  |TAMS 0x0000000082900000, 0x0000000082800000| Untracked 
|  15|0x0000000082900000, 0x0000000082a00000, 0x0000000082a00000|100%| O|  |TAMS 0x000000008295dc00, 0x0000000082900000| Untracked 
|  16|0x0000000082a00000, 0x0000000082b00000, 0x0000000082b00000|100%| O|  |TAMS 0x0000000082a00000, 0x0000000082a00000| Untracked 
|  17|0x0000000082b00000, 0x0000000082b54000, 0x0000000082c00000| 32%| O|  |TAMS 0x0000000082b00000, 0x0000000082b00000| Untracked 
|  18|0x0000000082c00000, 0x0000000082c00000, 0x0000000082d00000|  0%| F|  |TAMS 0x0000000082c00000, 0x0000000082c00000| Untracked 
|  19|0x0000000082d00000, 0x0000000082d00000, 0x0000000082e00000|  0%| F|  |TAMS 0x0000000082d00000, 0x0000000082d00000| Untracked 
|  20|0x0000000082e00000, 0x0000000082e00000, 0x0000000082f00000|  0%| F|  |TAMS 0x0000000082e00000, 0x0000000082e00000| Untracked 
|  21|0x0000000082f00000, 0x0000000082f00000, 0x0000000083000000|  0%| F|  |TAMS 0x0000000082f00000, 0x0000000082f00000| Untracked 
|  22|0x0000000083000000, 0x0000000083000000, 0x0000000083100000|  0%| F|  |TAMS 0x0000000083000000, 0x0000000083000000| Untracked 
|  23|0x0000000083100000, 0x0000000083100000, 0x0000000083200000|  0%| F|  |TAMS 0x0000000083100000, 0x0000000083100000| Untracked 
|  24|0x0000000083200000, 0x0000000083200000, 0x0000000083300000|  0%| F|  |TAMS 0x0000000083200000, 0x0000000083200000| Untracked 
|  25|0x0000000083300000, 0x0000000083300000, 0x0000000083400000|  0%| F|  |TAMS 0x0000000083300000, 0x0000000083300000| Untracked 
|  26|0x0000000083400000, 0x0000000083400000, 0x0000000083500000|  0%| F|  |TAMS 0x0000000083400000, 0x0000000083400000| Untracked 
|  27|0x0000000083500000, 0x0000000083500000, 0x0000000083600000|  0%| F|  |TAMS 0x0000000083500000, 0x0000000083500000| Untracked 
|  28|0x0000000083600000, 0x0000000083600000, 0x0000000083700000|  0%| F|  |TAMS 0x0000000083600000, 0x0000000083600000| Untracked 
|  29|0x0000000083700000, 0x0000000083700000, 0x0000000083800000|  0%| F|  |TAMS 0x0000000083700000, 0x0000000083700000| Untracked 
|  30|0x0000000083800000, 0x0000000083800000, 0x0000000083900000|  0%| F|  |TAMS 0x0000000083800000, 0x0000000083800000| Untracked 
|  31|0x0000000083900000, 0x00000000839ac870, 0x0000000083a00000| 67%| E|  |TAMS 0x0000000083900000, 0x0000000083900000| Complete 
|  32|0x0000000083a00000, 0x0000000083b00000, 0x0000000083b00000|100%| E|CS|TAMS 0x0000000083a00000, 0x0000000083a00000| Complete 
|  33|0x0000000083b00000, 0x0000000083c00000, 0x0000000083c00000|100%| E|CS|TAMS 0x0000000083b00000, 0x0000000083b00000| Complete 
|  34|0x0000000083c00000, 0x0000000083d00000, 0x0000000083d00000|100%| E|CS|TAMS 0x0000000083c00000, 0x0000000083c00000| Complete 
|  35|0x0000000083d00000, 0x0000000083e00000, 0x0000000083e00000|100%| E|CS|TAMS 0x0000000083d00000, 0x0000000083d00000| Complete 
|  36|0x0000000083e00000, 0x0000000083f00000, 0x0000000083f00000|100%| E|CS|TAMS 0x0000000083e00000, 0x0000000083e00000| Complete 
|  37|0x0000000083f00000, 0x0000000084000000, 0x0000000084000000|100%| E|CS|TAMS 0x0000000083f00000, 0x0000000083f00000| Complete 
|  38|0x0000000084000000, 0x0000000084100000, 0x0000000084100000|100%| E|CS|TAMS 0x0000000084000000, 0x0000000084000000| Complete 
|  39|0x0000000084100000, 0x0000000084200000, 0x0000000084200000|100%| E|CS|TAMS 0x0000000084100000, 0x0000000084100000| Complete 
|  40|0x0000000084200000, 0x0000000084300000, 0x0000000084300000|100%| E|CS|TAMS 0x0000000084200000, 0x0000000084200000| Complete 
|  41|0x0000000084300000, 0x0000000084400000, 0x0000000084400000|100%| E|CS|TAMS 0x0000000084300000, 0x0000000084300000| Complete 
|  42|0x0000000084400000, 0x0000000084500000, 0x0000000084500000|100%| E|CS|TAMS 0x0000000084400000, 0x0000000084400000| Complete 
|  43|0x0000000084500000, 0x0000000084600000, 0x0000000084600000|100%| S|CS|TAMS 0x0000000084500000, 0x0000000084500000| Complete 
|  44|0x0000000084600000, 0x0000000084700000, 0x0000000084700000|100%| S|CS|TAMS 0x0000000084600000, 0x0000000084600000| Complete 
|  45|0x0000000084700000, 0x0000000084800000, 0x0000000084800000|100%| S|CS|TAMS 0x0000000084700000, 0x0000000084700000| Complete 
|  46|0x0000000084800000, 0x0000000084900000, 0x0000000084900000|100%| E|CS|TAMS 0x0000000084800000, 0x0000000084800000| Complete 
|  47|0x0000000084900000, 0x0000000084a00000, 0x0000000084a00000|100%| E|CS|TAMS 0x0000000084900000, 0x0000000084900000| Complete 
|  48|0x0000000084a00000, 0x0000000084b00000, 0x0000000084b00000|100%| E|CS|TAMS 0x0000000084a00000, 0x0000000084a00000| Complete 
|  49|0x0000000084b00000, 0x0000000084c00000, 0x0000000084c00000|100%| E|CS|TAMS 0x0000000084b00000, 0x0000000084b00000| Complete 
|  50|0x0000000084c00000, 0x0000000084d00000, 0x0000000084d00000|100%| E|CS|TAMS 0x0000000084c00000, 0x0000000084c00000| Complete 
|  51|0x0000000084d00000, 0x0000000084e00000, 0x0000000084e00000|100%| E|CS|TAMS 0x0000000084d00000, 0x0000000084d00000| Complete 
| 117|0x0000000088f00000, 0x0000000089000000, 0x0000000089000000|100%| E|CS|TAMS 0x0000000088f00000, 0x0000000088f00000| Complete 
| 118|0x0000000089000000, 0x0000000089100000, 0x0000000089100000|100%| E|CS|TAMS 0x0000000089000000, 0x0000000089000000| Complete 
| 119|0x0000000089100000, 0x0000000089200000, 0x0000000089200000|100%| E|CS|TAMS 0x0000000089100000, 0x0000000089100000| Complete 
| 120|0x0000000089200000, 0x0000000089300000, 0x0000000089300000|100%| E|CS|TAMS 0x0000000089200000, 0x0000000089200000| Complete 
| 127|0x0000000089900000, 0x0000000089a00000, 0x0000000089a00000|100%| E|CS|TAMS 0x0000000089900000, 0x0000000089900000| Complete 

Card table byte_map: [0x00000194d26b0000,0x00000194d2ab0000] _byte_map_base: 0x00000194d22a3000

Marking Bits (Prev, Next): (CMBitMap*) 0x00000194c9fda890, (CMBitMap*) 0x00000194c9fda8d0
 Prev Bits: [0x00000194d2eb0000, 0x00000194d4e48000)
 Next Bits: [0x00000194d4e50000, 0x00000194d6de8000)

Polling page: 0x00000194c9d40000

Metaspace:

Usage:
  Non-class:     32.17 MB used.
      Class:      4.75 MB used.
       Both:     36.92 MB used.

Virtual space:
  Non-class space:       64.00 MB reserved,      32.38 MB ( 51%) committed,  1 nodes.
      Class space:        1.00 GB reserved,       4.94 MB ( <1%) committed,  1 nodes.
             Both:        1.06 GB reserved,      37.31 MB (  3%) committed. 

Chunk freelists:
   Non-Class:  15.36 MB
       Class:  11.08 MB
        Both:  26.44 MB

MaxMetaspaceSize: unlimited
CompressedClassSpaceSize: 1.00 GB
Initial GC threshold: 21.00 MB
Current GC threshold: 59.00 MB
CDS: off
MetaspaceReclaimPolicy: balanced
 - commit_granule_bytes: 65536.
 - commit_granule_words: 8192.
 - virtual_space_node_default_size: 8388608.
 - enlarge_chunks_in_place: 1.
 - new_chunks_are_fully_committed: 0.
 - uncommit_free_chunks: 1.
 - use_allocation_guard: 0.
 - handle_deallocations: 1.


Internal statistics:

num_allocs_failed_limit: 6.
num_arena_births: 532.
num_arena_deaths: 0.
num_vsnodes_births: 2.
num_vsnodes_deaths: 0.
num_space_committed: 597.
num_space_uncommitted: 0.
num_chunks_returned_to_freelist: 6.
num_chunks_taken_from_freelist: 1600.
num_chunk_merges: 6.
num_chunk_splits: 1077.
num_chunks_enlarged: 754.
num_inconsistent_stats: 0.

CodeCache: size=49152Kb used=8220Kb max_used=8220Kb free=40931Kb
 bounds [0x00000194cee60000, 0x00000194cf670000, 0x00000194d1e60000]
 total_blobs=4382 nmethods=3852 adapters=455
 compilation: enabled
              stopped_count=0, restarted_count=0
 full_count=0

Compilation events (20 events):
Event: 6.596 Thread 0x00000194de993d30 3835       1       org.springframework.core.type.classreading.SimpleAnnotationMetadata::getAnnotatedMethods (67 bytes)
Event: 6.597 Thread 0x00000194d94c2f10 3836       1       org.springframework.beans.factory.support.AbstractBeanDefinition::resolveBeanClass (24 bytes)
Event: 6.597 Thread 0x00000194de993d30 nmethod 3835 0x00000194cf660010 code [0x00000194cf660240, 0x00000194cf6606f8]
Event: 6.597 Thread 0x00000194de993d30 3837       1       org.springframework.context.annotation.ConfigurationClassBeanDefinitionReader$ConfigurationClassBeanDefinition::getFactoryMethodMetadata (5 bytes)
Event: 6.597 Thread 0x00000194d94c2f10 nmethod 3836 0x00000194cf660910 code [0x00000194cf660ac0, 0x00000194cf660d38]
Event: 6.597 Thread 0x00000194de993d30 nmethod 3837 0x00000194cf660e90 code [0x00000194cf661020, 0x00000194cf6610f8]
Event: 6.598 Thread 0x00000194de993d30 3838   !   1       org.springframework.context.annotation.ConfigurationClassUtils::hasBeanMethods (49 bytes)
Event: 6.598 Thread 0x00000194d94c2f10 3839       1       org.springframework.beans.factory.annotation.AnnotatedGenericBeanDefinition::getFactoryMethodMetadata (5 bytes)
Event: 6.598 Thread 0x00000194d94c2f10 nmethod 3839 0x00000194cf661190 code [0x00000194cf661320, 0x00000194cf6613f8]
Event: 6.598 Thread 0x00000194de993d30 nmethod 3838 0x00000194cf661490 code [0x00000194cf6616a0, 0x00000194cf661988]
Event: 6.650 Thread 0x00000194de993d30 3841       1       java.lang.invoke.LambdaFormEditor$Transform::equals (32 bytes)
Event: 6.650 Thread 0x00000194de993d30 nmethod 3841 0x00000194cf661f10 code [0x00000194cf6620a0, 0x00000194cf6621c8]
Event: 6.653 Thread 0x00000194de993d30 3845       1       java.util.Arrays$ArrayList::toArray (15 bytes)
Event: 6.653 Thread 0x00000194d96a9b00 3846       1       java.util.Collections::unmodifiableList (47 bytes)
Event: 6.653 Thread 0x00000194de993d30 nmethod 3845 0x00000194cf662b90 code [0x00000194cf662d20, 0x00000194cf662e08]
Event: 6.654 Thread 0x00000194d96a9b00 nmethod 3846 0x00000194cf662e90 code [0x00000194cf663060, 0x00000194cf663578]
Event: 6.654 Thread 0x00000194d96a9b00 3847       1       java.lang.invoke.MethodHandles::insertArguments (98 bytes)
Event: 6.654 Thread 0x00000194d94c2f10 3848       1       java.lang.invoke.MethodHandles::insertArgumentsChecks (51 bytes)
Event: 6.655 Thread 0x00000194d94c2f10 nmethod 3848 0x00000194cf663710 code [0x00000194cf6638c0, 0x00000194cf663ab8]
Event: 6.655 Thread 0x00000194d96a9b00 nmethod 3847 0x00000194cf663c90 code [0x00000194cf663ea0, 0x00000194cf664328]

GC Heap History (18 events):
Event: 1.682 GC heap before
{Heap before GC invocations=0 (full 0):
 garbage-first heap   total 131072K, used 15360K [0x0000000081a00000, 0x0000000100000000)
  region size 1024K, 13 young (13312K), 0 survivors (0K)
 Metaspace       used 12517K, committed 12672K, reserved 1114112K
  class space    used 1273K, committed 1344K, reserved 1048576K
}
Event: 1.713 GC heap after
{Heap after GC invocations=1 (full 0):
 garbage-first heap   total 131072K, used 8235K [0x0000000081a00000, 0x0000000100000000)
  region size 1024K, 2 young (2048K), 2 survivors (2048K)
 Metaspace       used 12517K, committed 12672K, reserved 1114112K
  class space    used 1273K, committed 1344K, reserved 1048576K
}
Event: 2.472 GC heap before
{Heap before GC invocations=1 (full 0):
 garbage-first heap   total 131072K, used 19499K [0x0000000081a00000, 0x0000000100000000)
  region size 1024K, 13 young (13312K), 2 survivors (2048K)
 Metaspace       used 16150K, committed 16384K, reserved 1114112K
  class space    used 1738K, committed 1856K, reserved 1048576K
}
Event: 2.476 GC heap after
{Heap after GC invocations=2 (full 0):
 garbage-first heap   total 131072K, used 9715K [0x0000000081a00000, 0x0000000100000000)
  region size 1024K, 2 young (2048K), 2 survivors (2048K)
 Metaspace       used 16150K, committed 16384K, reserved 1114112K
  class space    used 1738K, committed 1856K, reserved 1048576K
}
Event: 3.219 GC heap before
{Heap before GC invocations=2 (full 0):
 garbage-first heap   total 131072K, used 31219K [0x0000000081a00000, 0x0000000100000000)
  region size 1024K, 24 young (24576K), 2 survivors (2048K)
 Metaspace       used 19827K, committed 20160K, reserved 1114112K
  class space    used 2287K, committed 2432K, reserved 1048576K
}
Event: 3.224 GC heap after
{Heap after GC invocations=3 (full 0):
 garbage-first heap   total 131072K, used 11269K [0x0000000081a00000, 0x0000000100000000)
  region size 1024K, 3 young (3072K), 3 survivors (3072K)
 Metaspace       used 19827K, committed 20160K, reserved 1114112K
  class space    used 2287K, committed 2432K, reserved 1048576K
}
Event: 3.377 GC heap before
{Heap before GC invocations=3 (full 0):
 garbage-first heap   total 131072K, used 17413K [0x0000000081a00000, 0x0000000100000000)
  region size 1024K, 10 young (10240K), 3 survivors (3072K)
 Metaspace       used 21150K, committed 21504K, reserved 1114112K
  class space    used 2528K, committed 2688K, reserved 1048576K
}
Event: 3.382 GC heap after
{Heap after GC invocations=4 (full 0):
 garbage-first heap   total 131072K, used 11887K [0x0000000081a00000, 0x0000000100000000)
  region size 1024K, 4 young (4096K), 4 survivors (4096K)
 Metaspace       used 21150K, committed 21504K, reserved 1114112K
  class space    used 2528K, committed 2688K, reserved 1048576K
}
Event: 3.780 GC heap before
{Heap before GC invocations=5 (full 0):
 garbage-first heap   total 48128K, used 35439K [0x0000000081a00000, 0x0000000100000000)
  region size 1024K, 28 young (28672K), 4 survivors (4096K)
 Metaspace       used 26233K, committed 26624K, reserved 1114112K
  class space    used 3293K, committed 3456K, reserved 1048576K
}
Event: 3.787 GC heap after
{Heap after GC invocations=6 (full 0):
 garbage-first heap   total 48128K, used 13145K [0x0000000081a00000, 0x0000000100000000)
  region size 1024K, 4 young (4096K), 4 survivors (4096K)
 Metaspace       used 26233K, committed 26624K, reserved 1114112K
  class space    used 3293K, committed 3456K, reserved 1048576K
}
Event: 4.040 GC heap before
{Heap before GC invocations=6 (full 0):
 garbage-first heap   total 48128K, used 30553K [0x0000000081a00000, 0x0000000100000000)
  region size 1024K, 22 young (22528K), 4 survivors (4096K)
 Metaspace       used 29387K, committed 29760K, reserved 1114112K
  class space    used 3649K, committed 3840K, reserved 1048576K
}
Event: 4.046 GC heap after
{Heap after GC invocations=7 (full 0):
 garbage-first heap   total 48128K, used 14537K [0x0000000081a00000, 0x0000000100000000)
  region size 1024K, 3 young (3072K), 3 survivors (3072K)
 Metaspace       used 29387K, committed 29760K, reserved 1114112K
  class space    used 3649K, committed 3840K, reserved 1048576K
}
Event: 4.346 GC heap before
{Heap before GC invocations=7 (full 0):
 garbage-first heap   total 48128K, used 33993K [0x0000000081a00000, 0x0000000100000000)
  region size 1024K, 22 young (22528K), 3 survivors (3072K)
 Metaspace       used 32099K, committed 32512K, reserved 1114112K
  class space    used 4035K, committed 4224K, reserved 1048576K
}
Event: 4.353 GC heap after
{Heap after GC invocations=8 (full 0):
 garbage-first heap   total 58368K, used 16667K [0x0000000081a00000, 0x0000000100000000)
  region size 1024K, 3 young (3072K), 3 survivors (3072K)
 Metaspace       used 32099K, committed 32512K, reserved 1114112K
  class space    used 4035K, committed 4224K, reserved 1048576K
}
Event: 5.323 GC heap before
{Heap before GC invocations=8 (full 0):
 garbage-first heap   total 58368K, used 43291K [0x0000000081a00000, 0x0000000100000000)
  region size 1024K, 29 young (29696K), 3 survivors (3072K)
 Metaspace       used 34362K, committed 34816K, reserved 1114112K
  class space    used 4364K, committed 4544K, reserved 1048576K
}
Event: 5.330 GC heap after
{Heap after GC invocations=9 (full 0):
 garbage-first heap   total 58368K, used 19066K [0x0000000081a00000, 0x0000000100000000)
  region size 1024K, 4 young (4096K), 4 survivors (4096K)
 Metaspace       used 34362K, committed 34816K, reserved 1114112K
  class space    used 4364K, committed 4544K, reserved 1048576K
}
Event: 5.956 GC heap before
{Heap before GC invocations=9 (full 0):
 garbage-first heap   total 58368K, used 28282K [0x0000000081a00000, 0x0000000100000000)
  region size 1024K, 15 young (15360K), 4 survivors (4096K)
 Metaspace       used 35761K, committed 36160K, reserved 1114112K
  class space    used 4552K, committed 4736K, reserved 1048576K
}
Event: 5.962 GC heap after
{Heap after GC invocations=10 (full 0):
 garbage-first heap   total 58368K, used 20075K [0x0000000081a00000, 0x0000000100000000)
  region size 1024K, 3 young (3072K), 3 survivors (3072K)
 Metaspace       used 35761K, committed 36160K, reserved 1114112K
  class space    used 4552K, committed 4736K, reserved 1048576K
}

Dll operation events (9 events):
Event: 0.024 Loaded shared library E:\Project\STS\sts-4.21.1.RELEASE\plugins\org.eclipse.justj.openjdk.hotspot.jre.full.win32.x86_64_17.0.10.v20240120-1143\jre\bin\java.dll
Event: 0.705 Loaded shared library E:\Project\STS\sts-4.21.1.RELEASE\plugins\org.eclipse.justj.openjdk.hotspot.jre.full.win32.x86_64_17.0.10.v20240120-1143\jre\bin\jimage.dll
Event: 0.740 Loaded shared library E:\Project\STS\sts-4.21.1.RELEASE\plugins\org.eclipse.justj.openjdk.hotspot.jre.full.win32.x86_64_17.0.10.v20240120-1143\jre\bin\net.dll
Event: 0.744 Loaded shared library E:\Project\STS\sts-4.21.1.RELEASE\plugins\org.eclipse.justj.openjdk.hotspot.jre.full.win32.x86_64_17.0.10.v20240120-1143\jre\bin\nio.dll
Event: 0.753 Loaded shared library E:\Project\STS\sts-4.21.1.RELEASE\plugins\org.eclipse.justj.openjdk.hotspot.jre.full.win32.x86_64_17.0.10.v20240120-1143\jre\bin\zip.dll
Event: 0.920 Loaded shared library E:\Project\STS\sts-4.21.1.RELEASE\plugins\org.eclipse.justj.openjdk.hotspot.jre.full.win32.x86_64_17.0.10.v20240120-1143\jre\bin\management.dll
Event: 0.949 Loaded shared library E:\Project\STS\sts-4.21.1.RELEASE\plugins\org.eclipse.justj.openjdk.hotspot.jre.full.win32.x86_64_17.0.10.v20240120-1143\jre\bin\management_ext.dll
Event: 1.527 Loaded shared library E:\Project\STS\sts-4.21.1.RELEASE\plugins\org.eclipse.justj.openjdk.hotspot.jre.full.win32.x86_64_17.0.10.v20240120-1143\jre\bin\extnet.dll
Event: 4.238 Loaded shared library E:\Project\STS\sts-4.21.1.RELEASE\plugins\org.eclipse.justj.openjdk.hotspot.jre.full.win32.x86_64_17.0.10.v20240120-1143\jre\bin\sunmscapi.dll

Deoptimization events (0 events):
No events

Classes unloaded (0 events):
No events

Classes redefined (0 events):
No events

Internal exceptions (20 events):
Event: 3.794 Thread 0x00000194de75b6d0 Exception <a 'java/lang/reflect/InvocationTargetException'{0x000000008998f5a8}> (0x000000008998f5a8) 
thrown [s\src\hotspot\share\runtime\reflection.cpp, line 1121]
Event: 3.896 Thread 0x00000194de7dc800 Exception <a 'sun/nio/fs/WindowsException'{0x0000000084286150}> (0x0000000084286150) 
thrown [s\src\hotspot\share\prims\jni.cpp, line 516]
Event: 4.126 Thread 0x00000194de7deb70 Exception <a 'java/lang/NoSuchMethodError'{0x000000008427a8c8}: 'long java.lang.invoke.DirectMethodHandle$Holder.invokeSpecial(java.lang.Object, java.lang.Object)'> (0x000000008427a8c8) 
thrown [s\src\hotspot\share\interpreter\linkResolver.cpp, line 759]
Event: 4.129 Thread 0x00000194de7deb70 Exception <a 'java/lang/NoSuchMethodError'{0x00000000842854f0}: 'long java.lang.invoke.DirectMethodHandle$Holder.invokeStatic(java.lang.Object, java.lang.Object)'> (0x00000000842854f0) 
thrown [s\src\hotspot\share\interpreter\linkResolver.cpp, line 759]
Event: 4.130 Thread 0x00000194de7deb70 Exception <a 'java/lang/NoSuchMethodError'{0x0000000084288848}: 'long java.lang.invoke.DirectMethodHandle$Holder.invokeStaticInit(java.lang.Object, java.lang.Object)'> (0x0000000084288848) 
thrown [s\src\hotspot\share\interpreter\linkResolver.cpp, line 759]
Event: 4.132 Thread 0x00000194de7deb70 Exception <a 'java/lang/NoSuchMethodError'{0x0000000084296150}: 'long java.lang.invoke.DirectMethodHandle$Holder.invokeInterface(java.lang.Object, java.lang.Object)'> (0x0000000084296150) 
thrown [s\src\hotspot\share\interpreter\linkResolver.cpp, line 759]
Event: 4.132 Thread 0x00000194de7deb70 Exception <a 'java/lang/IncompatibleClassChangeError'{0x0000000084299438}: Found class java.lang.Object, but interface was expected> (0x0000000084299438) 
thrown [s\src\hotspot\share\interpreter\linkResolver.cpp, line 826]
Event: 4.137 Thread 0x00000194de7deb70 Exception <a 'java/lang/NoSuchMethodError'{0x00000000842d2398}: 'java.lang.Object java.lang.invoke.DirectMethodHandle$Holder.invokeVirtual(java.lang.Object, java.lang.Object, java.lang.Object, java.lang.Object)'> (0x00000000842d2398) 
thrown [s\src\hotspot\share\interpreter\linkResolver.cpp, line 759]
Event: 4.234 Thread 0x00000194de7dc800 Exception <a 'java/lang/IncompatibleClassChangeError'{0x0000000083b58020}: Found class java.lang.Object, but interface was expected> (0x0000000083b58020) 
thrown [s\src\hotspot\share\interpreter\linkResolver.cpp, line 826]
Event: 4.298 Thread 0x00000194de75b6d0 Exception <a 'java/lang/reflect/InvocationTargetException'{0x0000000083730638}> (0x0000000083730638) 
thrown [s\src\hotspot\share\runtime\reflection.cpp, line 1121]
Event: 4.802 Thread 0x00000194de75b6d0 Exception <a 'java/lang/reflect/InvocationTargetException'{0x0000000084101b90}> (0x0000000084101b90) 
thrown [s\src\hotspot\share\runtime\reflection.cpp, line 1121]
Event: 5.158 Thread 0x00000194de7dc800 Exception <a 'sun/nio/fs/WindowsException'{0x0000000083b079b0}> (0x0000000083b079b0) 
thrown [s\src\hotspot\share\prims\jni.cpp, line 516]
Event: 5.296 Thread 0x00000194de7dc800 Exception <a 'sun/nio/fs/WindowsException'{0x000000008396ac68}> (0x000000008396ac68) 
thrown [s\src\hotspot\share\prims\jni.cpp, line 516]
Event: 5.322 Thread 0x00000194de75b6d0 Exception <a 'java/lang/reflect/InvocationTargetException'{0x0000000084105520}> (0x0000000084105520) 
thrown [s\src\hotspot\share\runtime\reflection.cpp, line 1121]
Event: 5.835 Thread 0x00000194de75b6d0 Exception <a 'java/lang/reflect/InvocationTargetException'{0x0000000089954948}> (0x0000000089954948) 
thrown [s\src\hotspot\share\runtime\reflection.cpp, line 1121]
Event: 6.338 Thread 0x00000194de75b6d0 Exception <a 'java/lang/reflect/InvocationTargetException'{0x0000000084451620}> (0x0000000084451620) 
thrown [s\src\hotspot\share\runtime\reflection.cpp, line 1121]
Event: 6.588 Thread 0x00000194de7dc800 Exception <a 'java/lang/NoSuchMethodError'{0x0000000083cfcdf0}: 'java.lang.Object java.lang.invoke.DirectMethodHandle$Holder.newInvokeSpecial(java.lang.Object, java.lang.Object, java.lang.Object, java.lang.Object, java.lang.Object, java.lang.Object)'> (0x0000000083cfcdf0) 
thrown [s\src\hotspot\share\interpreter\linkResolver.cpp, line 759]
Event: 6.652 Thread 0x00000194de7dc800 Exception <a 'java/lang/NoSuchMethodError'{0x0000000083967588}: 'java.lang.Object java.lang.invoke.DirectMethodHandle$Holder.invokeSpecial(java.lang.Object, java.lang.Object, int, java.lang.Object, java.lang.Object)'> (0x0000000083967588) 
thrown [s\src\hotspot\share\interpreter\linkResolver.cpp, line 759]
Event: 6.652 Thread 0x00000194de7dc800 Exception <a 'java/lang/NoSuchMethodError'{0x000000008396b230}: 'java.lang.Object java.lang.invoke.DelegatingMethodHandle$Holder.delegate(java.lang.Object, int, java.lang.Object, java.lang.Object)'> (0x000000008396b230) 
thrown [s\src\hotspot\share\interpreter\linkResolver.cpp, line 759]
Event: 6.654 Thread 0x00000194de7dc800 Exception <a 'java/lang/NoSuchMethodError'{0x000000008397c0b8}: 'int java.lang.invoke.Invokers$Holder.linkToTargetMethod(java.lang.Object, java.lang.Object, java.lang.Object)'> (0x000000008397c0b8) 
thrown [s\src\hotspot\share\interpreter\linkResolver.cpp, line 759]

VM Operations (20 events):
Event: 5.135 Executing VM operation: HandshakeAllThreads
Event: 5.135 Executing VM operation: HandshakeAllThreads done
Event: 5.154 Executing VM operation: HandshakeAllThreads
Event: 5.154 Executing VM operation: HandshakeAllThreads done
Event: 5.154 Executing VM operation: HandshakeAllThreads
Event: 5.154 Executing VM operation: HandshakeAllThreads done
Event: 5.323 Executing VM operation: G1CollectForAllocation
Event: 5.330 Executing VM operation: G1CollectForAllocation done
Event: 5.956 Executing VM operation: CollectForMetadataAllocation
Event: 5.962 Executing VM operation: CollectForMetadataAllocation done
Event: 5.999 Executing VM operation: G1PauseRemark
Event: 6.003 Executing VM operation: G1PauseRemark done
Event: 6.020 Executing VM operation: G1PauseCleanup
Event: 6.020 Executing VM operation: G1PauseCleanup done
Event: 6.422 Executing VM operation: HandshakeAllThreads
Event: 6.422 Executing VM operation: HandshakeAllThreads done
Event: 6.633 Executing VM operation: HandshakeAllThreads
Event: 6.633 Executing VM operation: HandshakeAllThreads done
Event: 6.637 Executing VM operation: HandshakeAllThreads
Event: 6.637 Executing VM operation: HandshakeAllThreads done

Events (20 events):
Event: 5.310 loading class java/util/stream/ReferencePipeline$15$1
Event: 5.310 loading class java/util/stream/ReferencePipeline$15$1 done
Event: 6.220 loading class java/lang/UnsupportedClassVersionError
Event: 6.220 loading class java/lang/ClassFormatError
Event: 6.220 loading class java/lang/ClassFormatError done
Event: 6.220 loading class java/lang/UnsupportedClassVersionError done
Event: 6.553 loading class java/io/FileFilter
Event: 6.553 loading class java/io/FileFilter done
Event: 6.568 loading class java/net/SocketException
Event: 6.568 loading class java/net/SocketException done
Event: 6.625 loading class java/lang/reflect/InaccessibleObjectException
Event: 6.625 loading class java/lang/reflect/InaccessibleObjectException done
Event: 6.650 loading class java/util/AbstractList$RandomAccessSubList
Event: 6.650 loading class java/util/AbstractList$SubList
Event: 6.651 loading class java/util/AbstractList$SubList done
Event: 6.651 loading class java/util/AbstractList$RandomAccessSubList done
Event: 6.651 loading class java/util/AbstractList$SubList$1
Event: 6.651 loading class java/util/AbstractList$SubList$1 done
Event: 6.652 loading class java/lang/invoke/MethodHandleImpl$CountingWrapper
Event: 6.652 loading class java/lang/invoke/MethodHandleImpl$CountingWrapper done


Dynamic libraries:
0x00007ff6f7c50000 - 0x00007ff6f7c5e000 	E:\Project\STS\sts-4.21.1.RELEASE\plugins\org.eclipse.justj.openjdk.hotspot.jre.full.win32.x86_64_17.0.10.v20240120-1143\jre\bin\javaw.exe
0x00007ffb30ad0000 - 0x00007ffb30cc8000 	C:\Windows\SYSTEM32\ntdll.dll
0x00007ffb30710000 - 0x00007ffb307d2000 	C:\Windows\System32\KERNEL32.DLL
0x00007ffb2e310000 - 0x00007ffb2e606000 	C:\Windows\System32\KERNELBASE.dll
0x00007ffb2e170000 - 0x00007ffb2e270000 	C:\Windows\System32\ucrtbase.dll
0x00007ffb265f0000 - 0x00007ffb26607000 	E:\Project\STS\sts-4.21.1.RELEASE\plugins\org.eclipse.justj.openjdk.hotspot.jre.full.win32.x86_64_17.0.10.v20240120-1143\jre\bin\jli.dll
0x00007ffb30150000 - 0x00007ffb302ed000 	C:\Windows\System32\USER32.dll
0x00007ffb2e980000 - 0x00007ffb2e9a2000 	C:\Windows\System32\win32u.dll
0x00007ffb2ed60000 - 0x00007ffb2ed8b000 	C:\Windows\System32\GDI32.dll
0x00007ffb2e9e0000 - 0x00007ffb2eafa000 	C:\Windows\System32\gdi32full.dll
0x00007ffb2e270000 - 0x00007ffb2e30d000 	C:\Windows\System32\msvcp_win.dll
0x00007ffb265d0000 - 0x00007ffb265eb000 	E:\Project\STS\sts-4.21.1.RELEASE\plugins\org.eclipse.justj.openjdk.hotspot.jre.full.win32.x86_64_17.0.10.v20240120-1143\jre\bin\VCRUNTIME140.dll
0x00007ffb1e090000 - 0x00007ffb1e32a000 	C:\Windows\WinSxS\amd64_microsoft.windows.common-controls_6595b64144ccf1df_6.0.19041.5794_none_60bcd33171f2783c\COMCTL32.dll
0x00007ffb30920000 - 0x00007ffb309be000 	C:\Windows\System32\msvcrt.dll
0x00007ffb2eb00000 - 0x00007ffb2eb2f000 	C:\Windows\System32\IMM32.DLL
0x00007ffb2a6f0000 - 0x00007ffb2a6fc000 	E:\Project\STS\sts-4.21.1.RELEASE\plugins\org.eclipse.justj.openjdk.hotspot.jre.full.win32.x86_64_17.0.10.v20240120-1143\jre\bin\vcruntime140_1.dll
0x00007ffb17b50000 - 0x00007ffb17bdd000 	E:\Project\STS\sts-4.21.1.RELEASE\plugins\org.eclipse.justj.openjdk.hotspot.jre.full.win32.x86_64_17.0.10.v20240120-1143\jre\bin\msvcp140.dll
0x00007ffafc030000 - 0x00007ffafcc92000 	E:\Project\STS\sts-4.21.1.RELEASE\plugins\org.eclipse.justj.openjdk.hotspot.jre.full.win32.x86_64_17.0.10.v20240120-1143\jre\bin\server\jvm.dll
0x00007ffb2ecb0000 - 0x00007ffb2ed5f000 	C:\Windows\System32\ADVAPI32.dll
0x00007ffb2eb30000 - 0x00007ffb2ebcf000 	C:\Windows\System32\sechost.dll
0x00007ffb2f420000 - 0x00007ffb2f543000 	C:\Windows\System32\RPCRT4.dll
0x00007ffb2e9b0000 - 0x00007ffb2e9d7000 	C:\Windows\System32\bcrypt.dll
0x00007ffb2d6c0000 - 0x00007ffb2d70b000 	C:\Windows\SYSTEM32\POWRPROF.dll
0x00007ffb2ade0000 - 0x00007ffb2ade9000 	C:\Windows\SYSTEM32\WSOCK32.dll
0x00007ffb309c0000 - 0x00007ffb30a2b000 	C:\Windows\System32\WS2_32.dll
0x00007ffb216a0000 - 0x00007ffb216c7000 	C:\Windows\SYSTEM32\WINMM.dll
0x00007ffb1e3c0000 - 0x00007ffb1e3ca000 	C:\Windows\SYSTEM32\VERSION.dll
0x00007ffb2d530000 - 0x00007ffb2d542000 	C:\Windows\SYSTEM32\UMPDC.dll
0x00007ffb2bfb0000 - 0x00007ffb2bfc2000 	C:\Windows\SYSTEM32\kernel.appcore.dll
0x00007ffb2add0000 - 0x00007ffb2adda000 	E:\Project\STS\sts-4.21.1.RELEASE\plugins\org.eclipse.justj.openjdk.hotspot.jre.full.win32.x86_64_17.0.10.v20240120-1143\jre\bin\jimage.dll
0x00007ffb1e3d0000 - 0x00007ffb1e5b4000 	C:\Windows\SYSTEM32\DBGHELP.DLL
0x00007ffb1cc40000 - 0x00007ffb1cc74000 	C:\Windows\SYSTEM32\dbgcore.DLL
0x00007ffb2e6c0000 - 0x00007ffb2e742000 	C:\Windows\System32\bcryptPrimitives.dll
0x00007ffb274a0000 - 0x00007ffb274c5000 	E:\Project\STS\sts-4.21.1.RELEASE\plugins\org.eclipse.justj.openjdk.hotspot.jre.full.win32.x86_64_17.0.10.v20240120-1143\jre\bin\java.dll
0x00007ffb276d0000 - 0x00007ffb276e8000 	E:\Project\STS\sts-4.21.1.RELEASE\plugins\org.eclipse.justj.openjdk.hotspot.jre.full.win32.x86_64_17.0.10.v20240120-1143\jre\bin\zip.dll
0x00007ffb2f9e0000 - 0x00007ffb3014e000 	C:\Windows\System32\SHELL32.dll
0x00007ffb2c1b0000 - 0x00007ffb2c953000 	C:\Windows\SYSTEM32\windows.storage.dll
0x00007ffb2f680000 - 0x00007ffb2f9d3000 	C:\Windows\System32\combase.dll
0x00007ffb2dac0000 - 0x00007ffb2daeb000 	C:\Windows\SYSTEM32\Wldp.dll
0x00007ffb30360000 - 0x00007ffb3042d000 	C:\Windows\System32\OLEAUT32.dll
0x00007ffb30870000 - 0x00007ffb3091d000 	C:\Windows\System32\SHCORE.dll
0x00007ffb2eee0000 - 0x00007ffb2ef35000 	C:\Windows\System32\shlwapi.dll
0x00007ffb2e0a0000 - 0x00007ffb2e0c5000 	C:\Windows\SYSTEM32\profapi.dll
0x00007ffb27590000 - 0x00007ffb275a9000 	E:\Project\STS\sts-4.21.1.RELEASE\plugins\org.eclipse.justj.openjdk.hotspot.jre.full.win32.x86_64_17.0.10.v20240120-1143\jre\bin\net.dll
0x00007ffb27d80000 - 0x00007ffb27e8a000 	C:\Windows\SYSTEM32\WINHTTP.dll
0x00007ffb2d8a0000 - 0x00007ffb2d90c000 	C:\Windows\system32\mswsock.dll
0x00007ffb26750000 - 0x00007ffb26766000 	E:\Project\STS\sts-4.21.1.RELEASE\plugins\org.eclipse.justj.openjdk.hotspot.jre.full.win32.x86_64_17.0.10.v20240120-1143\jre\bin\nio.dll
0x00007ffb276b0000 - 0x00007ffb276b9000 	E:\Project\STS\sts-4.21.1.RELEASE\plugins\org.eclipse.justj.openjdk.hotspot.jre.full.win32.x86_64_17.0.10.v20240120-1143\jre\bin\management.dll
0x00007ffb260e0000 - 0x00007ffb260eb000 	E:\Project\STS\sts-4.21.1.RELEASE\plugins\org.eclipse.justj.openjdk.hotspot.jre.full.win32.x86_64_17.0.10.v20240120-1143\jre\bin\management_ext.dll
0x00007ffb302f0000 - 0x00007ffb302f8000 	C:\Windows\System32\PSAPI.DLL
0x00007ffb20630000 - 0x00007ffb20647000 	C:\Windows\system32\napinsp.dll
0x00007ffb205b0000 - 0x00007ffb205cb000 	C:\Windows\system32\pnrpnsp.dll
0x00007ffb15660000 - 0x00007ffb15675000 	C:\Windows\system32\wshbth.dll
0x00007ffb2a970000 - 0x00007ffb2a98d000 	C:\Windows\system32\NLAapi.dll
0x00007ffb2d550000 - 0x00007ffb2d58b000 	C:\Windows\SYSTEM32\IPHLPAPI.DLL
0x00007ffb2d590000 - 0x00007ffb2d65a000 	C:\Windows\SYSTEM32\DNSAPI.dll
0x00007ffb30430000 - 0x00007ffb30438000 	C:\Windows\System32\NSI.dll
0x00007ffb1a1f0000 - 0x00007ffb1a202000 	C:\Windows\System32\winrnr.dll
0x00007ffb20eb0000 - 0x00007ffb20eba000 	C:\Windows\System32\rasadhlp.dll
0x00007ffb24230000 - 0x00007ffb242b0000 	C:\Windows\System32\fwpuclnt.dll
0x00007ffb2de50000 - 0x00007ffb2de68000 	C:\Windows\SYSTEM32\CRYPTSP.dll
0x00007ffb2d170000 - 0x00007ffb2d1a8000 	C:\Windows\system32\rsaenh.dll
0x00007ffb2e060000 - 0x00007ffb2e08e000 	C:\Windows\SYSTEM32\USERENV.dll
0x00007ffb2da30000 - 0x00007ffb2da3c000 	C:\Windows\SYSTEM32\CRYPTBASE.dll
0x00007ffb28330000 - 0x00007ffb28347000 	C:\Windows\SYSTEM32\dhcpcsvc6.DLL
0x00007ffb28790000 - 0x00007ffb287ad000 	C:\Windows\SYSTEM32\dhcpcsvc.DLL
0x00007ffb282f0000 - 0x00007ffb282f9000 	E:\Project\STS\sts-4.21.1.RELEASE\plugins\org.eclipse.justj.openjdk.hotspot.jre.full.win32.x86_64_17.0.10.v20240120-1143\jre\bin\extnet.dll
0x00007ffb2ac80000 - 0x00007ffb2ac8e000 	E:\Project\STS\sts-4.21.1.RELEASE\plugins\org.eclipse.justj.openjdk.hotspot.jre.full.win32.x86_64_17.0.10.v20240120-1143\jre\bin\sunmscapi.dll
0x00007ffb2e7d0000 - 0x00007ffb2e92d000 	C:\Windows\System32\CRYPT32.dll
0x00007ffb2db30000 - 0x00007ffb2db57000 	C:\Windows\SYSTEM32\ncrypt.dll
0x00007ffb2daf0000 - 0x00007ffb2db2b000 	C:\Windows\SYSTEM32\NTASN1.dll

dbghelp: loaded successfully - version: 4.0.5 - missing functions: none
symbol engine: initialized successfully - sym options: 0x614 - pdb path: .;E:\Project\STS\sts-4.21.1.RELEASE\plugins\org.eclipse.justj.openjdk.hotspot.jre.full.win32.x86_64_17.0.10.v20240120-1143\jre\bin;C:\Windows\SYSTEM32;C:\Windows\WinSxS\amd64_microsoft.windows.common-controls_6595b64144ccf1df_6.0.19041.5794_none_60bcd33171f2783c;E:\Project\STS\sts-4.21.1.RELEASE\plugins\org.eclipse.justj.openjdk.hotspot.jre.full.win32.x86_64_17.0.10.v20240120-1143\jre\bin\server

VM Arguments:
jvm_args: -Dcom.sun.management.jmxremote -Dcom.sun.management.jmxremote.port=60782 -Dcom.sun.management.jmxremote.authenticate=false -Dcom.sun.management.jmxremote.ssl=false -Djava.rmi.server.hostname=localhost -Dspring.jmx.enabled=true -Dmanagement.endpoints.jmx.exposure.include=* -Dspring.application.admin.enabled=true -XX:TieredStopAtLevel=1 -Dspring.boot.project.name=backend -Dfile.encoding=UTF-8 -Dstdout.encoding=UTF-8 -Dstderr.encoding=UTF-8 -XX:+ShowCodeDetailsInExceptionMessages 
java_command: com.wastecollect.backend.BackendApplication --spring.output.ansi.enabled=always
java_class_path (initial): E:\Waste Collect\wastecollect-parent\webparent\backend\target\classes;C:\Users\user\.m2\repository\org\springframework\boot\spring-boot-starter-web\3.5.0\spring-boot-starter-web-3.5.0.jar;C:\Users\user\.m2\repository\org\springframework\boot\spring-boot-starter-json\3.5.0\spring-boot-starter-json-3.5.0.jar;C:\Users\user\.m2\repository\com\fasterxml\jackson\datatype\jackson-datatype-jdk8\2.19.0\jackson-datatype-jdk8-2.19.0.jar;C:\Users\user\.m2\repository\com\fasterxml\jackson\datatype\jackson-datatype-jsr310\2.19.0\jackson-datatype-jsr310-2.19.0.jar;C:\Users\user\.m2\repository\com\fasterxml\jackson\module\jackson-module-parameter-names\2.19.0\jackson-module-parameter-names-2.19.0.jar;C:\Users\user\.m2\repository\org\springframework\boot\spring-boot-starter-tomcat\3.5.0\spring-boot-starter-tomcat-3.5.0.jar;C:\Users\user\.m2\repository\org\apache\tomcat\embed\tomcat-embed-core\10.1.41\tomcat-embed-core-10.1.41.jar;C:\Users\user\.m2\repository\org\apache\tomcat\embed\tomcat-embed-websocket\10.1.41\tomcat-embed-websocket-10.1.41.jar;C:\Users\user\.m2\repository\org\springframework\spring-web\6.2.7\spring-web-6.2.7.jar;C:\Users\user\.m2\repository\org\springframework\spring-beans\6.2.7\spring-beans-6.2.7.jar;C:\Users\user\.m2\repository\io\micrometer\micrometer-observation\1.15.0\micrometer-observation-1.15.0.jar;C:\Users\user\.m2\repository\io\micrometer\micrometer-commons\1.15.0\micrometer-commons-1.15.0.jar;C:\Users\user\.m2\repository\org\springframework\spring-webmvc\6.2.7\spring-webmvc-6.2.7.jar;C:\Users\user\.m2\repository\org\springframework\spring-context\6.2.7\spring-context-6.2.7.jar;C:\Users\user\.m2\repository\org\springframework\spring-expression\6.2.7\spring-expression-6.2.7.jar;C:\Users\user\.m2\repository\org\springframework\boot\spring-boot-starter-data-jpa\3.5.0\spring-boot-starter-data-jpa-3.5.0.jar;C:\Users\user\.m2\repository\org\springframework\boot\spring-boot-starter-jdbc\3.5.0\spring-boot-starter-jdbc-3.5.0.jar;C:\U
Launcher Type: SUN_STANDARD

[Global flags]
     intx CICompilerCount                          = 3                                         {product} {ergonomic}
     uint ConcGCThreads                            = 1                                         {product} {ergonomic}
     uint G1ConcRefinementThreads                  = 4                                         {product} {ergonomic}
   size_t G1HeapRegionSize                         = 1048576                                   {product} {ergonomic}
    uintx GCDrainStackTargetSize                   = 64                                        {product} {ergonomic}
   size_t InitialHeapSize                          = 134217728                                 {product} {ergonomic}
     bool ManagementServer                         = true                                      {product} {command line}
   size_t MarkStackSize                            = 4194304                                   {product} {ergonomic}
   size_t MaxHeapSize                              = 2120220672                                {product} {ergonomic}
   size_t MaxNewSize                               = 1271922688                                {product} {ergonomic}
   size_t MinHeapDeltaBytes                        = 1048576                                   {product} {ergonomic}
   size_t MinHeapSize                              = 8388608                                   {product} {ergonomic}
    uintx NonProfiledCodeHeapSize                  = 0                                      {pd product} {ergonomic}
     bool ProfileInterpreter                       = false                                  {pd product} {command line}
    uintx ProfiledCodeHeapSize                     = 0                                      {pd product} {ergonomic}
     bool ShowCodeDetailsInExceptionMessages       = true                                   {manageable} {command line}
   size_t SoftMaxHeapSize                          = 2120220672                             {manageable} {ergonomic}
     intx TieredStopAtLevel                        = 1                                         {product} {command line}
     bool UseCompressedClassPointers               = true                           {product lp64_product} {ergonomic}
     bool UseCompressedOops                        = true                           {product lp64_product} {ergonomic}
     bool UseG1GC                                  = true                                      {product} {ergonomic}
     bool UseLargePagesIndividualAllocation        = false                                  {pd product} {ergonomic}

Logging:
Log output configuration:
 #0: stdout all=warning uptime,level,tags
 #1: stderr all=off uptime,level,tags

Environment Variables:
JAVA_HOME=E:\Project\OpenJDK21\jdk-21.0.2
PATH=E:/Project/STS/sts-4.21.1.RELEASE//plugins/org.eclipse.justj.openjdk.hotspot.jre.full.win32.x86_64_17.0.10.v20240120-1143/jre/bin/server;E:/Project/STS/sts-4.21.1.RELEASE//plugins/org.eclipse.justj.openjdk.hotspot.jre.full.win32.x86_64_17.0.10.v20240120-1143/jre/bin;E:\Project\OpenJDK21\jdk-21.0.2\bin;C:\Program Files\Common Files\Oracle\Java\javapath;C:\Windows\system32;C:\Windows;C:\Windows\System32\Wbem;C:\Windows\System32\WindowsPowerShell\v1.0\;C:\Windows\System32\OpenSSH\;C:\laragon\bin\php\php-7.4.19-Win32-vc15-x64;C:\laragon\bin\mysql\mysql-5.7.33-winx64\bin;C:\laragon\bin\composer;C:\laragon\bin\apache\httpd-2.4.47-win64-VS16\bin;C:\laragon\bin\git\bin;C:\laragon\bin\git\cmd;C:\Program Files\Symfony;C:\Program Files\Java\jdk-17\bin;C:\Program Files\Git\cmd;E:\Project\apache-maven-3.9.6\bin;;C:\Program Files\Docker\Docker\resources\bin;C:\Program Files\nodejs\;C:\Program Files\Kubernetes\Minikube;C:\Program Files\MySQL\MySQL Shell 8.0\bin\;C:\Users\user\anaconda3;C:\Users\user\anaconda3\Library\mingw-w64\bin;C:\Users\user\anaconda3\Library\usr\bin;C:\Users\user\anaconda3\Library\bin;C:\Users\user\anaconda3\Scripts;C:\Users\user\AppData\Local\Programs\Python\Python39\Scripts\;C:\Users\user\AppData\Local\Programs\Python\Python39\;C:\Users\user\AppData\Local\Microsoft\WindowsApps;C:\Users\user\AppData\Local\Programs\Microsoft VS Code\bin;C:\Program Files (x86)\Brackets\;C:\Users\user\AppData\Roaming\npm;C:\Users\user\AppData\Local\Microsoft\WinGet\Packages\Schniz.fnm_Microsoft.Winget.Source_8wekyb3d8bbwe;;E:\Project\STS\sts-4.21.1.RELEASE;
USERNAME=user
OS=Windows_NT
PROCESSOR_IDENTIFIER=Intel64 Family 6 Model 58 Stepping 9, GenuineIntel
TMP=C:\Users\user\AppData\Local\Temp
TEMP=C:\Users\user\AppData\Local\Temp



Periodic native trim disabled


---------------  S Y S T E M  ---------------

OS:
 Windows 10 , 64 bit Build 19041 (10.0.19041.5794)
OS uptime: 1 days 15:29 hours
Hyper-V role detected

CPU: total 4 (initial active 4) (2 cores per cpu, 2 threads per core) family 6 model 58 stepping 9 microcode 0x21, cx8, cmov, fxsr, ht, mmx, sse, sse2, sse3, ssse3, sse4.1, sse4.2, popcnt, tsc, tscinvbit, avx, aes, erms, clmul, vzeroupper, clflush, hv
Processor Information for all 4 processors :
  Max Mhz: 2101, Current Mhz: 2101, Mhz Limit: 2101

Memory: 4k page, system-wide physical 8081M (385M free)
TotalPageFile size 32657M (AvailPageFile size 1M)
current process WorkingSet (physical memory assigned to process): 152M, peak: 152M
current process commit charge ("private bytes"): 178M, peak: 224M

vm_info: OpenJDK 64-Bit Server VM (17.0.10+7) for windows-amd64 JRE (17.0.10+7), built on Jan 16 2024 23:25:11 by "admin" with MS VC++ 16.10 / 16.11 (VS2019)

END.
